Using pre-set license
Built from '2020.3/release' branch; Version is '2020.3.12f1 (b3b2c6512326) revision 11776710'; Using compiler version '192528614'; Build Type 'Release'
OS: 'Windows 10 Pro; OS build 19043.1055; Version 2009; 64bit' Language: 'ru' Physical Memory: 4077 MB
BatchMode: 1, IsHumanControllingUs: 0, StartBugReporterOnCrash: 0, Is64bit: 1, IsPro: 0

 COMMAND LINE ARGUMENTS:
C:\Program Files\Unity\2020.3.12f1\Editor\Unity.exe
-adb2
-batchMode
-noUpm
-name
AssetImportWorker0
-projectPath
D:/Projects2021/Epic Battle Tactics
-logFile
Logs/AssetImportWorker0.log
-srvPort
61842
Successfully changed project path to: D:/Projects2021/Epic Battle Tactics
D:/Projects2021/Epic Battle Tactics
Using Asset Import Pipeline V2.
Refreshing native plugins compatible for Editor in 107.44 ms, found 2 plugins.
Preloading 0 native plugins for Editor in 0.00 ms.
Initialize engine version: 2020.3.12f1 (b3b2c6512326)
[Subsystems] Discovering subsystems at path C:/Program Files/Unity/2020.3.12f1/Editor/Data/Resources/UnitySubsystems
[Subsystems] Discovering subsystems at path D:/Projects2021/Epic Battle Tactics/Assets
GfxDevice: creating device client; threaded=0
Direct3D:
    Version:  Direct3D 11.0 [level 11.0]
    Renderer: NVIDIA GeForce GTX 560 (ID=0x1201)
    Vendor:   
    VRAM:     979 MB
    Driver:   23.21.13.8813
Shader 'Universal Render Pipeline/Particles/Lit': fallback shader 'Universal Render Pipeline/Particles/SimpleLit' not found
Initialize mono
Mono path[0] = 'C:/Program Files/Unity/2020.3.12f1/Editor/Data/Managed'
Mono path[1] = 'C:/Program Files/Unity/2020.3.12f1/Editor/Data/MonoBleedingEdge/lib/mono/unityjit'
Mono config path = 'C:/Program Files/Unity/2020.3.12f1/Editor/Data/MonoBleedingEdge/etc'
Using monoOptions --debugger-agent=transport=dt_socket,embedding=1,server=y,suspend=n,address=127.0.0.1:56580
Begin MonoManager ReloadAssembly
Registering precompiled unity dll's ...
Register platform support module: C:/Program Files/Unity/2020.3.12f1/Editor/Data/PlaybackEngines/WindowsStandaloneSupport/UnityEditor.WindowsStandalone.Extensions.dll
Registered in 0.001798 seconds.
Native extension for WindowsStandalone target not found
Refreshing native plugins compatible for Editor in 110.26 ms, found 2 plugins.
Preloading 0 native plugins for Editor in 0.00 ms.
Mono: successfully reloaded assembly
- Completed reload, in  2.197 seconds
Platform modules already initialized, skipping
Registering precompiled user dll's ...
Registered in 0.008217 seconds.
Begin MonoManager ReloadAssembly
Native extension for WindowsStandalone target not found
Refreshing native plugins compatible for Editor in 107.08 ms, found 2 plugins.
Preloading 0 native plugins for Editor in 0.00 ms.
Mono: successfully reloaded assembly
- Completed reload, in  1.786 seconds
Platform modules already initialized, skipping
========================================================================
Worker process is ready to serve import requests
Shader 'Universal Render Pipeline/Particles/Lit': fallback shader 'Universal Render Pipeline/Particles/SimpleLit' not found
Launched and connected shader compiler UnityShaderCompiler.exe after 0.06 seconds
Refreshing native plugins compatible for Editor in 0.88 ms, found 2 plugins.
Preloading 0 native plugins for Editor in 0.00 ms.
Unloading 3992 Unused Serialized files (Serialized files now loaded: 0)
System memory in use before: 244.4 MB.
System memory in use after: 244.6 MB.

Unloading 33 unused Assets to reduce memory usage. Loaded Objects now: 4435.
Total: 3.361500 ms (FindLiveObjects: 0.357000 ms CreateObjectMapping: 0.154500 ms MarkObjects: 2.699300 ms  DeleteObjects: 0.149100 ms)

AssetImportParameters requested are different than current active one (requested -> active):
  custom:framework-win-MediaFoundation: 216162199b28c13a410421893ffa2e32 -> 
  custom:video-decoder-ogg-theora: a1e56fd34408186e4bbccfd4996cb3dc -> 
  custom:container-muxer-webm: aa71ff27fc2769a1b78a27578f13a17b -> 
  custom:container-demuxer-webm: 4f35f7cbe854078d1ac9338744f61a02 -> 
  custom:container-demuxer-ogg: 62fdf1f143b41e24485cea50d1cbac27 -> 
  custom:video-encoder-webm-vp8: eb34c28f22e8b96e1ab97ce403110664 -> 
  custom:video-decoder-webm-vp8: 9c59270c3fd7afecdb556c50c9e8de78 -> 
  custom:audio-decoder-ogg-vorbis: bf7c407c2cedff20999df2af8eb42d56 -> 
  custom:audio-encoder-webm-vorbis: bf7c407c2cedff20999df2af8eb42d56 -> 
========================================================================
Received Import Request.
  path: Assets/Game/Scripts/TokenMover/TokenPlacer.cs
  artifactKey: Guid(1917f4c801154b94b9d2b267e460b7a9) Importer(815301076,1909f56bfc062723c751e8b465ee728b)
Start importing Assets/Game/Scripts/TokenMover/TokenPlacer.cs using Guid(1917f4c801154b94b9d2b267e460b7a9) Importer(815301076,1909f56bfc062723c751e8b465ee728b)  -> (artifact id: '10f69a840332e23090dbf0544ccde7e8') in 0.487734 seconds 
  Import took 0.499292 seconds .

========================================================================
Received Import Request.
  Time since last request: 0.000569 seconds.
  path: Assets/Game/Scripts/TokenMover/TokenMover.cs
  artifactKey: Guid(fa0faf7007f27b74683d253f4b236279) Importer(815301076,1909f56bfc062723c751e8b465ee728b)
Start importing Assets/Game/Scripts/TokenMover/TokenMover.cs using Guid(fa0faf7007f27b74683d253f4b236279) Importer(815301076,1909f56bfc062723c751e8b465ee728b)  -> (artifact id: '1507da4c947021b6c7d6fd05c047e508') in 0.090299 seconds 
  Import took 0.102796 seconds .

========================================================================
Received Import Request.
  Time since last request: 0.000538 seconds.
  path: Assets/Game/Scripts/TokenMover/ReturnerToPrecamera.cs
  artifactKey: Guid(116311be844d806408b343ae973190fd) Importer(815301076,1909f56bfc062723c751e8b465ee728b)
Start importing Assets/Game/Scripts/TokenMover/ReturnerToPrecamera.cs using Guid(116311be844d806408b343ae973190fd) Importer(815301076,1909f56bfc062723c751e8b465ee728b)  -> (artifact id: '4102935123065252ea6fe70168a561d5') in 0.013067 seconds 
  Import took 0.024368 seconds .

========================================================================
Received Import Request.
  Time since last request: 235.950503 seconds.
  path: Assets/Game/Scripts/TokenMover/ReturnerToPrecamera.cs
  artifactKey: Guid(116311be844d806408b343ae973190fd) Importer(815301076,1909f56bfc062723c751e8b465ee728b)
Start importing Assets/Game/Scripts/TokenMover/ReturnerToPrecamera.cs using Guid(116311be844d806408b343ae973190fd) Importer(815301076,1909f56bfc062723c751e8b465ee728b)  -> (artifact id: '582fb349cfeec720fe0bcab91daf1a68') in 0.004934 seconds 
  Import took 0.075986 seconds .

========================================================================
Received Import Request.
  Time since last request: 67.181628 seconds.
  path: Assets/Game/Scripts/TokenMover/ReturnerToPrecamera.cs
  artifactKey: Guid(116311be844d806408b343ae973190fd) Importer(815301076,1909f56bfc062723c751e8b465ee728b)
Start importing Assets/Game/Scripts/TokenMover/ReturnerToPrecamera.cs using Guid(116311be844d806408b343ae973190fd) Importer(815301076,1909f56bfc062723c751e8b465ee728b)  -> (artifact id: '06f58af206436f4358156a9ea9468930') in 0.016964 seconds 
  Import took 0.172810 seconds .

========================================================================
Received Import Request.
  Time since last request: 20.558565 seconds.
  path: Assets/Game/Scripts/TokenMover/ReturnerToPrecamera.cs
  artifactKey: Guid(116311be844d806408b343ae973190fd) Importer(815301076,1909f56bfc062723c751e8b465ee728b)
Start importing Assets/Game/Scripts/TokenMover/ReturnerToPrecamera.cs using Guid(116311be844d806408b343ae973190fd) Importer(815301076,1909f56bfc062723c751e8b465ee728b)  -> (artifact id: 'fa4f26c623ecd5f63e049f8626fae081') in 0.008651 seconds 
  Import took 0.148919 seconds .

========================================================================
Received Import Request.
  Time since last request: 75.567885 seconds.
  path: Assets/Game/Scripts/TokenMover/ReturnerToPrecamera.cs
  artifactKey: Guid(116311be844d806408b343ae973190fd) Importer(815301076,1909f56bfc062723c751e8b465ee728b)
Start importing Assets/Game/Scripts/TokenMover/ReturnerToPrecamera.cs using Guid(116311be844d806408b343ae973190fd) Importer(815301076,1909f56bfc062723c751e8b465ee728b)  -> (artifact id: '7decb7d1130e9e41dfd1608f33db5540') in 0.015641 seconds 
  Import took 0.048729 seconds .

========================================================================
Received Import Request.
  Time since last request: 0.029582 seconds.
  path: Assets/Game/Scripts/TokenMover/ReturnerToPrecamera.cs
  artifactKey: Guid(116311be844d806408b343ae973190fd) Importer(815301076,1909f56bfc062723c751e8b465ee728b)
Start importing Assets/Game/Scripts/TokenMover/ReturnerToPrecamera.cs using Guid(116311be844d806408b343ae973190fd) Importer(815301076,1909f56bfc062723c751e8b465ee728b)  -> (artifact id: '7decb7d1130e9e41dfd1608f33db5540') in 0.006572 seconds 
  Import took 0.061595 seconds .

========================================================================
Received Import Request.
  Time since last request: 13.346106 seconds.
  path: Assets/Game/Scripts/TokenMover/ReturnerToPrecamera.cs
  artifactKey: Guid(116311be844d806408b343ae973190fd) Importer(815301076,1909f56bfc062723c751e8b465ee728b)
Start importing Assets/Game/Scripts/TokenMover/ReturnerToPrecamera.cs using Guid(116311be844d806408b343ae973190fd) Importer(815301076,1909f56bfc062723c751e8b465ee728b)  -> (artifact id: '719cc1357d534de51f143321a47394aa') in 0.004391 seconds 
  Import took 0.061364 seconds .

========================================================================
Received Import Request.
  Time since last request: 12.931594 seconds.
  path: Assets/Game/Scripts/TokenMover/ReturnerToPrecamera.cs
  artifactKey: Guid(116311be844d806408b343ae973190fd) Importer(815301076,1909f56bfc062723c751e8b465ee728b)
Start importing Assets/Game/Scripts/TokenMover/ReturnerToPrecamera.cs using Guid(116311be844d806408b343ae973190fd) Importer(815301076,1909f56bfc062723c751e8b465ee728b)  -> (artifact id: '9ee16dfca1ef7508b59df4ca55532d53') in 0.031175 seconds 
  Import took 0.096423 seconds .

========================================================================
Received Import Request.
  Time since last request: 8.716979 seconds.
  path: Assets/Game/Scripts/TokenMover/ReturnerToPrecamera.cs
  artifactKey: Guid(116311be844d806408b343ae973190fd) Importer(815301076,1909f56bfc062723c751e8b465ee728b)
Start importing Assets/Game/Scripts/TokenMover/ReturnerToPrecamera.cs using Guid(116311be844d806408b343ae973190fd) Importer(815301076,1909f56bfc062723c751e8b465ee728b)  -> (artifact id: '80ce5dc07aefcfbaab7f716d672e556e') in 0.003806 seconds 
  Import took 0.040779 seconds .

========================================================================
Received Prepare
Registering precompiled user dll's ...
Registered in 0.093088 seconds.
Begin MonoManager ReloadAssembly
Native extension for WindowsStandalone target not found
Refreshing native plugins compatible for Editor in 46.89 ms, found 2 plugins.
Preloading 0 native plugins for Editor in 0.00 ms.
Mono: successfully reloaded assembly
- Completed reload, in  7.546 seconds
Platform modules already initialized, skipping
Shader 'Universal Render Pipeline/Particles/Lit': fallback shader 'Universal Render Pipeline/Particles/SimpleLit' not found
Refreshing native plugins compatible for Editor in 34.38 ms, found 2 plugins.
Preloading 0 native plugins for Editor in 0.00 ms.
Unloading 3861 Unused Serialized files (Serialized files now loaded: 0)
System memory in use before: 235.3 MB.
System memory in use after: 235.6 MB.

Unloading 26 unused Assets to reduce memory usage. Loaded Objects now: 4439.
Total: 42.935500 ms (FindLiveObjects: 8.582200 ms CreateObjectMapping: 0.500000 ms MarkObjects: 33.738800 ms  DeleteObjects: 0.100100 ms)

AssetImportParameters requested are different than current active one (requested -> active):
  custom:framework-win-MediaFoundation: 216162199b28c13a410421893ffa2e32 -> 
  custom:video-decoder-ogg-theora: a1e56fd34408186e4bbccfd4996cb3dc -> 
  custom:container-muxer-webm: aa71ff27fc2769a1b78a27578f13a17b -> 
  custom:container-demuxer-webm: 4f35f7cbe854078d1ac9338744f61a02 -> 
  custom:container-demuxer-ogg: 62fdf1f143b41e24485cea50d1cbac27 -> 
  custom:video-encoder-webm-vp8: eb34c28f22e8b96e1ab97ce403110664 -> 
  custom:video-decoder-webm-vp8: 9c59270c3fd7afecdb556c50c9e8de78 -> 
  custom:audio-decoder-ogg-vorbis: bf7c407c2cedff20999df2af8eb42d56 -> 
  custom:audio-encoder-webm-vorbis: bf7c407c2cedff20999df2af8eb42d56 -> 
========================================================================
Received Prepare
Registering precompiled user dll's ...
Registered in 0.931643 seconds.
Begin MonoManager ReloadAssembly
Native extension for WindowsStandalone target not found
Refreshing native plugins compatible for Editor in 0.94 ms, found 2 plugins.
Preloading 0 native plugins for Editor in 0.00 ms.
Mono: successfully reloaded assembly
- Completed reload, in  7.731 seconds
Platform modules already initialized, skipping
Shader 'Universal Render Pipeline/Particles/Lit': fallback shader 'Universal Render Pipeline/Particles/SimpleLit' not found
Refreshing native plugins compatible for Editor in 1.01 ms, found 2 plugins.
Preloading 0 native plugins for Editor in 0.00 ms.
Unloading 3861 Unused Serialized files (Serialized files now loaded: 0)
System memory in use before: 235.4 MB.
System memory in use after: 235.6 MB.

Unloading 26 unused Assets to reduce memory usage. Loaded Objects now: 4442.
Total: 59.324200 ms (FindLiveObjects: 0.409300 ms CreateObjectMapping: 11.673000 ms MarkObjects: 47.187300 ms  DeleteObjects: 0.051800 ms)

AssetImportParameters requested are different than current active one (requested -> active):
  custom:framework-win-MediaFoundation: 216162199b28c13a410421893ffa2e32 -> 
  custom:video-decoder-ogg-theora: a1e56fd34408186e4bbccfd4996cb3dc -> 
  custom:container-muxer-webm: aa71ff27fc2769a1b78a27578f13a17b -> 
  custom:container-demuxer-webm: 4f35f7cbe854078d1ac9338744f61a02 -> 
  custom:container-demuxer-ogg: 62fdf1f143b41e24485cea50d1cbac27 -> 
  custom:video-encoder-webm-vp8: eb34c28f22e8b96e1ab97ce403110664 -> 
  custom:video-decoder-webm-vp8: 9c59270c3fd7afecdb556c50c9e8de78 -> 
  custom:audio-decoder-ogg-vorbis: bf7c407c2cedff20999df2af8eb42d56 -> 
  custom:audio-encoder-webm-vorbis: bf7c407c2cedff20999df2af8eb42d56 -> 
========================================================================
Received Prepare
Registering precompiled user dll's ...
Registered in 0.035764 seconds.
Begin MonoManager ReloadAssembly
Native extension for WindowsStandalone target not found
Refreshing native plugins compatible for Editor in 1.14 ms, found 2 plugins.
Preloading 0 native plugins for Editor in 0.00 ms.
Mono: successfully reloaded assembly
- Completed reload, in  2.221 seconds
Platform modules already initialized, skipping
Shader 'Universal Render Pipeline/Particles/Lit': fallback shader 'Universal Render Pipeline/Particles/SimpleLit' not found
Refreshing native plugins compatible for Editor in 14.99 ms, found 2 plugins.
Preloading 0 native plugins for Editor in 0.00 ms.
Unloading 3861 Unused Serialized files (Serialized files now loaded: 0)
System memory in use before: 235.4 MB.
System memory in use after: 235.7 MB.

Unloading 26 unused Assets to reduce memory usage. Loaded Objects now: 4445.
Total: 19.481000 ms (FindLiveObjects: 1.209000 ms CreateObjectMapping: 0.242900 ms MarkObjects: 4.506100 ms  DeleteObjects: 13.513400 ms)

AssetImportParameters requested are different than current active one (requested -> active):
  custom:framework-win-MediaFoundation: 216162199b28c13a410421893ffa2e32 -> 
  custom:video-decoder-ogg-theora: a1e56fd34408186e4bbccfd4996cb3dc -> 
  custom:container-muxer-webm: aa71ff27fc2769a1b78a27578f13a17b -> 
  custom:container-demuxer-webm: 4f35f7cbe854078d1ac9338744f61a02 -> 
  custom:container-demuxer-ogg: 62fdf1f143b41e24485cea50d1cbac27 -> 
  custom:video-encoder-webm-vp8: eb34c28f22e8b96e1ab97ce403110664 -> 
  custom:video-decoder-webm-vp8: 9c59270c3fd7afecdb556c50c9e8de78 -> 
  custom:audio-decoder-ogg-vorbis: bf7c407c2cedff20999df2af8eb42d56 -> 
  custom:audio-encoder-webm-vorbis: bf7c407c2cedff20999df2af8eb42d56 -> 
========================================================================
Received Import Request.
  Time since last request: 466.445279 seconds.
  path: Assets/Game/Scripts/ComandExecuting/Game/PhaseMashine/Phase1/RotateTokenSubphase/RotateTokenSubphase.cs
  artifactKey: Guid(9835f56deb050aa46a727cd881e114ec) Importer(815301076,1909f56bfc062723c751e8b465ee728b)
Start importing Assets/Game/Scripts/ComandExecuting/Game/PhaseMashine/Phase1/RotateTokenSubphase/RotateTokenSubphase.cs using Guid(9835f56deb050aa46a727cd881e114ec) Importer(815301076,1909f56bfc062723c751e8b465ee728b)  -> (artifact id: 'ff82731b867894435f78aa980799a767') in 0.223644 seconds 
  Import took 0.383779 seconds .

========================================================================
Received Prepare
Registering precompiled user dll's ...
Registered in 0.280750 seconds.
Begin MonoManager ReloadAssembly
Native extension for WindowsStandalone target not found
Refreshing native plugins compatible for Editor in 0.92 ms, found 2 plugins.
Preloading 0 native plugins for Editor in 0.00 ms.
Mono: successfully reloaded assembly
- Completed reload, in  5.799 seconds
Platform modules already initialized, skipping
Shader 'Universal Render Pipeline/Particles/Lit': fallback shader 'Universal Render Pipeline/Particles/SimpleLit' not found
Refreshing native plugins compatible for Editor in 1.51 ms, found 2 plugins.
Preloading 0 native plugins for Editor in 0.00 ms.
Unloading 3861 Unused Serialized files (Serialized files now loaded: 0)
System memory in use before: 235.4 MB.
System memory in use after: 235.7 MB.

Unloading 26 unused Assets to reduce memory usage. Loaded Objects now: 4448.
Total: 4.350500 ms (FindLiveObjects: 0.386200 ms CreateObjectMapping: 0.194800 ms MarkObjects: 3.727000 ms  DeleteObjects: 0.039200 ms)

AssetImportParameters requested are different than current active one (requested -> active):
  custom:framework-win-MediaFoundation: 216162199b28c13a410421893ffa2e32 -> 
  custom:video-decoder-ogg-theora: a1e56fd34408186e4bbccfd4996cb3dc -> 
  custom:container-muxer-webm: aa71ff27fc2769a1b78a27578f13a17b -> 
  custom:container-demuxer-webm: 4f35f7cbe854078d1ac9338744f61a02 -> 
  custom:container-demuxer-ogg: 62fdf1f143b41e24485cea50d1cbac27 -> 
  custom:video-encoder-webm-vp8: eb34c28f22e8b96e1ab97ce403110664 -> 
  custom:video-decoder-webm-vp8: 9c59270c3fd7afecdb556c50c9e8de78 -> 
  custom:audio-decoder-ogg-vorbis: bf7c407c2cedff20999df2af8eb42d56 -> 
  custom:audio-encoder-webm-vorbis: bf7c407c2cedff20999df2af8eb42d56 -> 
========================================================================
Received Import Request.
  Time since last request: 463.422521 seconds.
  path: Assets/Game/Scripts/TokenSpawner/TokensSpawner.cs
  artifactKey: Guid(e92b5e8acd650074ead8b7ccf12f5e81) Importer(815301076,1909f56bfc062723c751e8b465ee728b)
Start importing Assets/Game/Scripts/TokenSpawner/TokensSpawner.cs using Guid(e92b5e8acd650074ead8b7ccf12f5e81) Importer(815301076,1909f56bfc062723c751e8b465ee728b)  -> (artifact id: '71033242bcf22c949376c128e028b5b3') in 0.160193 seconds 
  Import took 0.297982 seconds .

AssetImportWorkerClient::OnTransportError - code=2 error=End of file
