Using pre-set license
Built from '2020.3/release' branch; Version is '2020.3.12f1 (b3b2c6512326) revision 11776710'; Using compiler version '192528614'; Build Type 'Release'
OS: 'Windows 10 Pro; OS build 19043.1055; Version 2009; 64bit' Language: 'ru' Physical Memory: 4077 MB
BatchMode: 1, IsHumanControllingUs: 0, StartBugReporterOnCrash: 0, Is64bit: 1, IsPro: 0

 COMMAND LINE ARGUMENTS:
C:\Program Files\Unity\2020.3.12f1\Editor\Unity.exe
-adb2
-batchMode
-noUpm
-name
AssetImportWorker21
-projectPath
D:/Projects2021/Epic Battle Tactics
-logFile
Logs/AssetImportWorker21.log
-srvPort
53120
Successfully changed project path to: D:/Projects2021/Epic Battle Tactics
D:/Projects2021/Epic Battle Tactics
Using Asset Import Pipeline V2.
Refreshing native plugins compatible for Editor in 106.61 ms, found 2 plugins.
Preloading 0 native plugins for Editor in 0.00 ms.
Initialize engine version: 2020.3.12f1 (b3b2c6512326)
[Subsystems] Discovering subsystems at path C:/Program Files/Unity/2020.3.12f1/Editor/Data/Resources/UnitySubsystems
[Subsystems] Discovering subsystems at path D:/Projects2021/Epic Battle Tactics/Assets
GfxDevice: creating device client; threaded=0
Direct3D:
    Version:  Direct3D 11.0 [level 11.0]
    Renderer: NVIDIA GeForce GTX 560 (ID=0x1201)
    Vendor:   
    VRAM:     979 MB
    Driver:   23.21.13.8813
Shader 'Universal Render Pipeline/Particles/Lit': fallback shader 'Universal Render Pipeline/Particles/SimpleLit' not found
Initialize mono
Mono path[0] = 'C:/Program Files/Unity/2020.3.12f1/Editor/Data/Managed'
Mono path[1] = 'C:/Program Files/Unity/2020.3.12f1/Editor/Data/MonoBleedingEdge/lib/mono/unityjit'
Mono config path = 'C:/Program Files/Unity/2020.3.12f1/Editor/Data/MonoBleedingEdge/etc'
Using monoOptions --debugger-agent=transport=dt_socket,embedding=1,server=y,suspend=n,address=127.0.0.1:56460
Begin MonoManager ReloadAssembly
Registering precompiled unity dll's ...
Register platform support module: C:/Program Files/Unity/2020.3.12f1/Editor/Data/PlaybackEngines/WindowsStandaloneSupport/UnityEditor.WindowsStandalone.Extensions.dll
Registered in 0.001983 seconds.
Native extension for WindowsStandalone target not found
Refreshing native plugins compatible for Editor in 102.98 ms, found 2 plugins.
Preloading 0 native plugins for Editor in 0.00 ms.
Mono: successfully reloaded assembly
- Completed reload, in  2.170 seconds
Platform modules already initialized, skipping
Registering precompiled user dll's ...
Registered in 0.007674 seconds.
Begin MonoManager ReloadAssembly
Native extension for WindowsStandalone target not found
Refreshing native plugins compatible for Editor in 105.98 ms, found 2 plugins.
Preloading 0 native plugins for Editor in 0.00 ms.
Mono: successfully reloaded assembly
- Completed reload, in  4.001 seconds
Platform modules already initialized, skipping
========================================================================
Worker process is ready to serve import requests
Shader 'Universal Render Pipeline/Particles/Lit': fallback shader 'Universal Render Pipeline/Particles/SimpleLit' not found
Launched and connected shader compiler UnityShaderCompiler.exe after 0.31 seconds
Refreshing native plugins compatible for Editor in 2.05 ms, found 2 plugins.
Preloading 0 native plugins for Editor in 0.00 ms.
Unloading 3993 Unused Serialized files (Serialized files now loaded: 0)
System memory in use before: 244.3 MB.
System memory in use after: 244.5 MB.

Unloading 33 unused Assets to reduce memory usage. Loaded Objects now: 4436.
Total: 191.393600 ms (FindLiveObjects: 0.555700 ms CreateObjectMapping: 0.211500 ms MarkObjects: 178.826300 ms  DeleteObjects: 11.796300 ms)

AssetImportParameters requested are different than current active one (requested -> active):
  custom:framework-win-MediaFoundation: 216162199b28c13a410421893ffa2e32 -> 
  custom:video-decoder-ogg-theora: a1e56fd34408186e4bbccfd4996cb3dc -> 
  custom:container-muxer-webm: aa71ff27fc2769a1b78a27578f13a17b -> 
  custom:container-demuxer-webm: 4f35f7cbe854078d1ac9338744f61a02 -> 
  custom:container-demuxer-ogg: 62fdf1f143b41e24485cea50d1cbac27 -> 
  custom:video-encoder-webm-vp8: eb34c28f22e8b96e1ab97ce403110664 -> 
  custom:video-decoder-webm-vp8: 9c59270c3fd7afecdb556c50c9e8de78 -> 
  custom:audio-decoder-ogg-vorbis: bf7c407c2cedff20999df2af8eb42d56 -> 
  custom:audio-encoder-webm-vorbis: bf7c407c2cedff20999df2af8eb42d56 -> 
========================================================================
Received Import Request.
  path: Assets/Game/Scripts/TokenSpawner/SpawnPoint.cs
  artifactKey: Guid(dfb8e86defa9b194cb9f5b14b5ecd5e4) Importer(815301076,1909f56bfc062723c751e8b465ee728b)
Start importing Assets/Game/Scripts/TokenSpawner/SpawnPoint.cs using Guid(dfb8e86defa9b194cb9f5b14b5ecd5e4) Importer(815301076,1909f56bfc062723c751e8b465ee728b)  -> (artifact id: '509532f5b0a02b1c3dace8c182df2c02') in 0.832727 seconds 
  Import took 0.888953 seconds .

========================================================================
Received Prepare
Registering precompiled user dll's ...
Registered in 0.070314 seconds.
Begin MonoManager ReloadAssembly
Native extension for WindowsStandalone target not found
Refreshing native plugins compatible for Editor in 1.02 ms, found 2 plugins.
Preloading 0 native plugins for Editor in 0.00 ms.
Mono: successfully reloaded assembly
- Completed reload, in  1.626 seconds
Platform modules already initialized, skipping
Shader 'Universal Render Pipeline/Particles/Lit': fallback shader 'Universal Render Pipeline/Particles/SimpleLit' not found
Refreshing native plugins compatible for Editor in 1.54 ms, found 2 plugins.
Preloading 0 native plugins for Editor in 0.00 ms.
Unloading 3861 Unused Serialized files (Serialized files now loaded: 0)
System memory in use before: 235.2 MB.
System memory in use after: 235.4 MB.

Unloading 26 unused Assets to reduce memory usage. Loaded Objects now: 4439.
Total: 3.263500 ms (FindLiveObjects: 0.354200 ms CreateObjectMapping: 0.159200 ms MarkObjects: 2.714800 ms  DeleteObjects: 0.033800 ms)

AssetImportParameters requested are different than current active one (requested -> active):
  custom:framework-win-MediaFoundation: 216162199b28c13a410421893ffa2e32 -> 
  custom:video-decoder-ogg-theora: a1e56fd34408186e4bbccfd4996cb3dc -> 
  custom:container-muxer-webm: aa71ff27fc2769a1b78a27578f13a17b -> 
  custom:container-demuxer-webm: 4f35f7cbe854078d1ac9338744f61a02 -> 
  custom:container-demuxer-ogg: 62fdf1f143b41e24485cea50d1cbac27 -> 
  custom:video-encoder-webm-vp8: eb34c28f22e8b96e1ab97ce403110664 -> 
  custom:video-decoder-webm-vp8: 9c59270c3fd7afecdb556c50c9e8de78 -> 
  custom:audio-decoder-ogg-vorbis: bf7c407c2cedff20999df2af8eb42d56 -> 
  custom:audio-encoder-webm-vorbis: bf7c407c2cedff20999df2af8eb42d56 -> 
========================================================================
Received Import Request.
  Time since last request: 467.341195 seconds.
  path: Assets/Game/Resources/Tokens/Token.prefab
  artifactKey: Guid(bf11f7f4a7d83ef47b88491b9868e572) Importer(815301076,1909f56bfc062723c751e8b465ee728b)
Start importing Assets/Game/Resources/Tokens/Token.prefab using Guid(bf11f7f4a7d83ef47b88491b9868e572) Importer(815301076,1909f56bfc062723c751e8b465ee728b)  -> (artifact id: '2b3b36c427bc2b388f34302211211a32') in 2.333544 seconds 
  Import took 2.637723 seconds .

========================================================================
Received Import Request.
  Time since last request: 42.679373 seconds.
  path: Assets/Game/Scripts/Token/Token.cs
  artifactKey: Guid(d6b671e0b7bb65f4a9c46ae2cb0420c8) Importer(815301076,1909f56bfc062723c751e8b465ee728b)
Start importing Assets/Game/Scripts/Token/Token.cs using Guid(d6b671e0b7bb65f4a9c46ae2cb0420c8) Importer(815301076,1909f56bfc062723c751e8b465ee728b)  -> (artifact id: 'b3bec8cb9c5fb035cec52832d78858b9') in 0.089960 seconds 
  Import took 0.190509 seconds .

========================================================================
Received Import Request.
  Time since last request: 0.023707 seconds.
  path: Assets/Game/Scripts/Token/Token.cs
  artifactKey: Guid(d6b671e0b7bb65f4a9c46ae2cb0420c8) Importer(815301076,1909f56bfc062723c751e8b465ee728b)
Start importing Assets/Game/Scripts/Token/Token.cs using Guid(d6b671e0b7bb65f4a9c46ae2cb0420c8) Importer(815301076,1909f56bfc062723c751e8b465ee728b)  -> (artifact id: 'b3bec8cb9c5fb035cec52832d78858b9') in 0.007594 seconds 
  Import took 0.060367 seconds .

========================================================================
Received Prepare
Registering precompiled user dll's ...
Registered in 0.072586 seconds.
Begin MonoManager ReloadAssembly
Native extension for WindowsStandalone target not found
Refreshing native plugins compatible for Editor in 1.01 ms, found 2 plugins.
Preloading 0 native plugins for Editor in 0.00 ms.
Mono: successfully reloaded assembly
- Completed reload, in  2.501 seconds
Platform modules already initialized, skipping
Script is not up to date after domain reload: guid(7ddb0847cab8f7f418dbdeb1e8141ea7) path("Assets/Game/Scripts/Token/TokenEdgeView.cs") state(2)
Shader 'Universal Render Pipeline/Particles/Lit': fallback shader 'Universal Render Pipeline/Particles/SimpleLit' not found
Refreshing native plugins compatible for Editor in 0.95 ms, found 2 plugins.
Preloading 0 native plugins for Editor in 0.00 ms.
Unloading 3861 Unused Serialized files (Serialized files now loaded: 0)
System memory in use before: 240.5 MB.
System memory in use after: 240.7 MB.

Unloading 26 unused Assets to reduce memory usage. Loaded Objects now: 4488.
Total: 3.264700 ms (FindLiveObjects: 0.373700 ms CreateObjectMapping: 0.158200 ms MarkObjects: 2.697300 ms  DeleteObjects: 0.034100 ms)

AssetImportParameters requested are different than current active one (requested -> active):
  custom:framework-win-MediaFoundation: 216162199b28c13a410421893ffa2e32 -> 
  custom:video-decoder-ogg-theora: a1e56fd34408186e4bbccfd4996cb3dc -> 
  custom:container-muxer-webm: aa71ff27fc2769a1b78a27578f13a17b -> 
  custom:container-demuxer-webm: 4f35f7cbe854078d1ac9338744f61a02 -> 
  custom:container-demuxer-ogg: 62fdf1f143b41e24485cea50d1cbac27 -> 
  custom:video-encoder-webm-vp8: eb34c28f22e8b96e1ab97ce403110664 -> 
  custom:video-decoder-webm-vp8: 9c59270c3fd7afecdb556c50c9e8de78 -> 
  custom:audio-decoder-ogg-vorbis: bf7c407c2cedff20999df2af8eb42d56 -> 
  custom:audio-encoder-webm-vorbis: bf7c407c2cedff20999df2af8eb42d56 -> 
========================================================================
Received Prepare
Registering precompiled user dll's ...
Registered in 0.071484 seconds.
Begin MonoManager ReloadAssembly
Native extension for WindowsStandalone target not found
Refreshing native plugins compatible for Editor in 0.92 ms, found 2 plugins.
Preloading 0 native plugins for Editor in 0.00 ms.
Mono: successfully reloaded assembly
- Completed reload, in  1.584 seconds
Platform modules already initialized, skipping
Shader 'Universal Render Pipeline/Particles/Lit': fallback shader 'Universal Render Pipeline/Particles/SimpleLit' not found
Refreshing native plugins compatible for Editor in 0.95 ms, found 2 plugins.
Preloading 0 native plugins for Editor in 0.00 ms.
Unloading 3862 Unused Serialized files (Serialized files now loaded: 0)
System memory in use before: 240.5 MB.
System memory in use after: 240.8 MB.

Unloading 26 unused Assets to reduce memory usage. Loaded Objects now: 4492.
Total: 3.099800 ms (FindLiveObjects: 0.341700 ms CreateObjectMapping: 0.154600 ms MarkObjects: 2.561600 ms  DeleteObjects: 0.040100 ms)

AssetImportParameters requested are different than current active one (requested -> active):
  custom:framework-win-MediaFoundation: 216162199b28c13a410421893ffa2e32 -> 
  custom:video-decoder-ogg-theora: a1e56fd34408186e4bbccfd4996cb3dc -> 
  custom:container-muxer-webm: aa71ff27fc2769a1b78a27578f13a17b -> 
  custom:container-demuxer-webm: 4f35f7cbe854078d1ac9338744f61a02 -> 
  custom:container-demuxer-ogg: 62fdf1f143b41e24485cea50d1cbac27 -> 
  custom:video-encoder-webm-vp8: eb34c28f22e8b96e1ab97ce403110664 -> 
  custom:video-decoder-webm-vp8: 9c59270c3fd7afecdb556c50c9e8de78 -> 
  custom:audio-decoder-ogg-vorbis: bf7c407c2cedff20999df2af8eb42d56 -> 
  custom:audio-encoder-webm-vorbis: bf7c407c2cedff20999df2af8eb42d56 -> 
========================================================================
Received Prepare
Registering precompiled user dll's ...
Registered in 0.123711 seconds.
Begin MonoManager ReloadAssembly
Native extension for WindowsStandalone target not found
Refreshing native plugins compatible for Editor in 1.12 ms, found 2 plugins.
Preloading 0 native plugins for Editor in 0.00 ms.
Mono: successfully reloaded assembly
- Completed reload, in  2.731 seconds
Platform modules already initialized, skipping
Shader 'Universal Render Pipeline/Particles/Lit': fallback shader 'Universal Render Pipeline/Particles/SimpleLit' not found
Refreshing native plugins compatible for Editor in 1.59 ms, found 2 plugins.
Preloading 0 native plugins for Editor in 0.00 ms.
Unloading 3863 Unused Serialized files (Serialized files now loaded: 0)
System memory in use before: 240.6 MB.
System memory in use after: 240.8 MB.

Unloading 26 unused Assets to reduce memory usage. Loaded Objects now: 4496.
Total: 4.320000 ms (FindLiveObjects: 0.401100 ms CreateObjectMapping: 0.202700 ms MarkObjects: 3.677900 ms  DeleteObjects: 0.035900 ms)

AssetImportParameters requested are different than current active one (requested -> active):
  custom:framework-win-MediaFoundation: 216162199b28c13a410421893ffa2e32 -> 
  custom:video-decoder-ogg-theora: a1e56fd34408186e4bbccfd4996cb3dc -> 
  custom:container-muxer-webm: aa71ff27fc2769a1b78a27578f13a17b -> 
  custom:container-demuxer-webm: 4f35f7cbe854078d1ac9338744f61a02 -> 
  custom:container-demuxer-ogg: 62fdf1f143b41e24485cea50d1cbac27 -> 
  custom:video-encoder-webm-vp8: eb34c28f22e8b96e1ab97ce403110664 -> 
  custom:video-decoder-webm-vp8: 9c59270c3fd7afecdb556c50c9e8de78 -> 
  custom:audio-decoder-ogg-vorbis: bf7c407c2cedff20999df2af8eb42d56 -> 
  custom:audio-encoder-webm-vorbis: bf7c407c2cedff20999df2af8eb42d56 -> 
========================================================================
Received Prepare
Registering precompiled user dll's ...
Registered in 0.007791 seconds.
Begin MonoManager ReloadAssembly
Native extension for WindowsStandalone target not found
Refreshing native plugins compatible for Editor in 0.95 ms, found 2 plugins.
Preloading 0 native plugins for Editor in 0.00 ms.
Mono: successfully reloaded assembly
- Completed reload, in  1.594 seconds
Platform modules already initialized, skipping
Shader 'Universal Render Pipeline/Particles/Lit': fallback shader 'Universal Render Pipeline/Particles/SimpleLit' not found
Refreshing native plugins compatible for Editor in 0.97 ms, found 2 plugins.
Preloading 0 native plugins for Editor in 0.00 ms.
Unloading 3863 Unused Serialized files (Serialized files now loaded: 0)
System memory in use before: 240.6 MB.
System memory in use after: 240.8 MB.

Unloading 26 unused Assets to reduce memory usage. Loaded Objects now: 4499.
Total: 3.822600 ms (FindLiveObjects: 0.451200 ms CreateObjectMapping: 0.172500 ms MarkObjects: 3.148500 ms  DeleteObjects: 0.048500 ms)

AssetImportParameters requested are different than current active one (requested -> active):
  custom:framework-win-MediaFoundation: 216162199b28c13a410421893ffa2e32 -> 
  custom:video-decoder-ogg-theora: a1e56fd34408186e4bbccfd4996cb3dc -> 
  custom:container-muxer-webm: aa71ff27fc2769a1b78a27578f13a17b -> 
  custom:container-demuxer-webm: 4f35f7cbe854078d1ac9338744f61a02 -> 
  custom:container-demuxer-ogg: 62fdf1f143b41e24485cea50d1cbac27 -> 
  custom:video-encoder-webm-vp8: eb34c28f22e8b96e1ab97ce403110664 -> 
  custom:video-decoder-webm-vp8: 9c59270c3fd7afecdb556c50c9e8de78 -> 
  custom:audio-decoder-ogg-vorbis: bf7c407c2cedff20999df2af8eb42d56 -> 
  custom:audio-encoder-webm-vorbis: bf7c407c2cedff20999df2af8eb42d56 -> 
========================================================================
Received Prepare
Registering precompiled user dll's ...
Registered in 0.007863 seconds.
Begin MonoManager ReloadAssembly
Native extension for WindowsStandalone target not found
Refreshing native plugins compatible for Editor in 1.01 ms, found 2 plugins.
Preloading 0 native plugins for Editor in 0.00 ms.
Mono: successfully reloaded assembly
- Completed reload, in  1.813 seconds
Platform modules already initialized, skipping
Shader 'Universal Render Pipeline/Particles/Lit': fallback shader 'Universal Render Pipeline/Particles/SimpleLit' not found
Refreshing native plugins compatible for Editor in 0.98 ms, found 2 plugins.
Preloading 0 native plugins for Editor in 0.00 ms.
Unloading 3863 Unused Serialized files (Serialized files now loaded: 0)
System memory in use before: 240.6 MB.
System memory in use after: 240.9 MB.

Unloading 26 unused Assets to reduce memory usage. Loaded Objects now: 4502.
Total: 3.990000 ms (FindLiveObjects: 0.452800 ms CreateObjectMapping: 0.173200 ms MarkObjects: 3.331200 ms  DeleteObjects: 0.030500 ms)

AssetImportParameters requested are different than current active one (requested -> active):
  custom:framework-win-MediaFoundation: 216162199b28c13a410421893ffa2e32 -> 
  custom:video-decoder-ogg-theora: a1e56fd34408186e4bbccfd4996cb3dc -> 
  custom:container-muxer-webm: aa71ff27fc2769a1b78a27578f13a17b -> 
  custom:container-demuxer-webm: 4f35f7cbe854078d1ac9338744f61a02 -> 
  custom:container-demuxer-ogg: 62fdf1f143b41e24485cea50d1cbac27 -> 
  custom:video-encoder-webm-vp8: eb34c28f22e8b96e1ab97ce403110664 -> 
  custom:video-decoder-webm-vp8: 9c59270c3fd7afecdb556c50c9e8de78 -> 
  custom:audio-decoder-ogg-vorbis: bf7c407c2cedff20999df2af8eb42d56 -> 
  custom:audio-encoder-webm-vorbis: bf7c407c2cedff20999df2af8eb42d56 -> 
========================================================================
Received Prepare
Registering precompiled user dll's ...
Registered in 0.008081 seconds.
Begin MonoManager ReloadAssembly
Native extension for WindowsStandalone target not found
Refreshing native plugins compatible for Editor in 0.95 ms, found 2 plugins.
Preloading 0 native plugins for Editor in 0.00 ms.
Mono: successfully reloaded assembly
- Completed reload, in  1.597 seconds
Platform modules already initialized, skipping
Shader 'Universal Render Pipeline/Particles/Lit': fallback shader 'Universal Render Pipeline/Particles/SimpleLit' not found
Refreshing native plugins compatible for Editor in 1.04 ms, found 2 plugins.
Preloading 0 native plugins for Editor in 0.00 ms.
Unloading 3863 Unused Serialized files (Serialized files now loaded: 0)
System memory in use before: 240.6 MB.
System memory in use after: 240.9 MB.

Unloading 26 unused Assets to reduce memory usage. Loaded Objects now: 4505.
Total: 3.770900 ms (FindLiveObjects: 0.466900 ms CreateObjectMapping: 0.169600 ms MarkObjects: 3.100500 ms  DeleteObjects: 0.031900 ms)

AssetImportParameters requested are different than current active one (requested -> active):
  custom:framework-win-MediaFoundation: 216162199b28c13a410421893ffa2e32 -> 
  custom:video-decoder-ogg-theora: a1e56fd34408186e4bbccfd4996cb3dc -> 
  custom:container-muxer-webm: aa71ff27fc2769a1b78a27578f13a17b -> 
  custom:container-demuxer-webm: 4f35f7cbe854078d1ac9338744f61a02 -> 
  custom:container-demuxer-ogg: 62fdf1f143b41e24485cea50d1cbac27 -> 
  custom:video-encoder-webm-vp8: eb34c28f22e8b96e1ab97ce403110664 -> 
  custom:video-decoder-webm-vp8: 9c59270c3fd7afecdb556c50c9e8de78 -> 
  custom:audio-decoder-ogg-vorbis: bf7c407c2cedff20999df2af8eb42d56 -> 
  custom:audio-encoder-webm-vorbis: bf7c407c2cedff20999df2af8eb42d56 -> 
========================================================================
Received Prepare
Registering precompiled user dll's ...
Registered in 0.008129 seconds.
Begin MonoManager ReloadAssembly
Native extension for WindowsStandalone target not found
Refreshing native plugins compatible for Editor in 0.95 ms, found 2 plugins.
Preloading 0 native plugins for Editor in 0.00 ms.
Mono: successfully reloaded assembly
- Completed reload, in  1.554 seconds
Platform modules already initialized, skipping
Shader 'Universal Render Pipeline/Particles/Lit': fallback shader 'Universal Render Pipeline/Particles/SimpleLit' not found
Refreshing native plugins compatible for Editor in 0.96 ms, found 2 plugins.
Preloading 0 native plugins for Editor in 0.00 ms.
Unloading 3863 Unused Serialized files (Serialized files now loaded: 0)
System memory in use before: 240.6 MB.
System memory in use after: 240.9 MB.

Unloading 26 unused Assets to reduce memory usage. Loaded Objects now: 4508.
Total: 3.790700 ms (FindLiveObjects: 0.496900 ms CreateObjectMapping: 0.158200 ms MarkObjects: 3.087500 ms  DeleteObjects: 0.045800 ms)

AssetImportParameters requested are different than current active one (requested -> active):
  custom:framework-win-MediaFoundation: 216162199b28c13a410421893ffa2e32 -> 
  custom:video-decoder-ogg-theora: a1e56fd34408186e4bbccfd4996cb3dc -> 
  custom:container-muxer-webm: aa71ff27fc2769a1b78a27578f13a17b -> 
  custom:container-demuxer-webm: 4f35f7cbe854078d1ac9338744f61a02 -> 
  custom:container-demuxer-ogg: 62fdf1f143b41e24485cea50d1cbac27 -> 
  custom:video-encoder-webm-vp8: eb34c28f22e8b96e1ab97ce403110664 -> 
  custom:video-decoder-webm-vp8: 9c59270c3fd7afecdb556c50c9e8de78 -> 
  custom:audio-decoder-ogg-vorbis: bf7c407c2cedff20999df2af8eb42d56 -> 
  custom:audio-encoder-webm-vorbis: bf7c407c2cedff20999df2af8eb42d56 -> 
========================================================================
Received Prepare
Registering precompiled user dll's ...
Registered in 0.008612 seconds.
Begin MonoManager ReloadAssembly
Native extension for WindowsStandalone target not found
Refreshing native plugins compatible for Editor in 3.09 ms, found 2 plugins.
Preloading 0 native plugins for Editor in 0.00 ms.
Mono: successfully reloaded assembly
- Completed reload, in  1.966 seconds
Platform modules already initialized, skipping
Shader 'Universal Render Pipeline/Particles/Lit': fallback shader 'Universal Render Pipeline/Particles/SimpleLit' not found
Refreshing native plugins compatible for Editor in 1.08 ms, found 2 plugins.
Preloading 0 native plugins for Editor in 0.00 ms.
Unloading 3863 Unused Serialized files (Serialized files now loaded: 0)
System memory in use before: 240.6 MB.
System memory in use after: 240.9 MB.

Unloading 26 unused Assets to reduce memory usage. Loaded Objects now: 4511.
Total: 3.907200 ms (FindLiveObjects: 0.416100 ms CreateObjectMapping: 0.219100 ms MarkObjects: 3.241900 ms  DeleteObjects: 0.027900 ms)

AssetImportParameters requested are different than current active one (requested -> active):
  custom:framework-win-MediaFoundation: 216162199b28c13a410421893ffa2e32 -> 
  custom:video-decoder-ogg-theora: a1e56fd34408186e4bbccfd4996cb3dc -> 
  custom:container-muxer-webm: aa71ff27fc2769a1b78a27578f13a17b -> 
  custom:container-demuxer-webm: 4f35f7cbe854078d1ac9338744f61a02 -> 
  custom:container-demuxer-ogg: 62fdf1f143b41e24485cea50d1cbac27 -> 
  custom:video-encoder-webm-vp8: eb34c28f22e8b96e1ab97ce403110664 -> 
  custom:video-decoder-webm-vp8: 9c59270c3fd7afecdb556c50c9e8de78 -> 
  custom:audio-decoder-ogg-vorbis: bf7c407c2cedff20999df2af8eb42d56 -> 
  custom:audio-encoder-webm-vorbis: bf7c407c2cedff20999df2af8eb42d56 -> 
========================================================================
Received Import Request.
  Time since last request: 1188.456202 seconds.
  path: Assets/Game/Scripts/Token/TokenEdgeView.cs
  artifactKey: Guid(7ddb0847cab8f7f418dbdeb1e8141ea7) Importer(815301076,1909f56bfc062723c751e8b465ee728b)
Start importing Assets/Game/Scripts/Token/TokenEdgeView.cs using Guid(7ddb0847cab8f7f418dbdeb1e8141ea7) Importer(815301076,1909f56bfc062723c751e8b465ee728b)  -> (artifact id: 'd41aa5c2ba4979c53d8fdd9df5411236') in 0.219493 seconds 
  Import took 0.287334 seconds .

========================================================================
Received Prepare
Registering precompiled user dll's ...
Registered in 0.007295 seconds.
Begin MonoManager ReloadAssembly
Native extension for WindowsStandalone target not found
Refreshing native plugins compatible for Editor in 0.98 ms, found 2 plugins.
Preloading 0 native plugins for Editor in 0.00 ms.
Mono: successfully reloaded assembly
- Completed reload, in  1.818 seconds
Platform modules already initialized, skipping
Shader 'Universal Render Pipeline/Particles/Lit': fallback shader 'Universal Render Pipeline/Particles/SimpleLit' not found
Refreshing native plugins compatible for Editor in 1.03 ms, found 2 plugins.
Preloading 0 native plugins for Editor in 0.00 ms.
Unloading 3863 Unused Serialized files (Serialized files now loaded: 0)
System memory in use before: 240.6 MB.
System memory in use after: 240.9 MB.

Unloading 26 unused Assets to reduce memory usage. Loaded Objects now: 4514.
Total: 4.336300 ms (FindLiveObjects: 0.451800 ms CreateObjectMapping: 0.258600 ms MarkObjects: 3.596200 ms  DeleteObjects: 0.028000 ms)

AssetImportParameters requested are different than current active one (requested -> active):
  custom:framework-win-MediaFoundation: 216162199b28c13a410421893ffa2e32 -> 
  custom:video-decoder-ogg-theora: a1e56fd34408186e4bbccfd4996cb3dc -> 
  custom:container-muxer-webm: aa71ff27fc2769a1b78a27578f13a17b -> 
  custom:container-demuxer-webm: 4f35f7cbe854078d1ac9338744f61a02 -> 
  custom:container-demuxer-ogg: 62fdf1f143b41e24485cea50d1cbac27 -> 
  custom:video-encoder-webm-vp8: eb34c28f22e8b96e1ab97ce403110664 -> 
  custom:video-decoder-webm-vp8: 9c59270c3fd7afecdb556c50c9e8de78 -> 
  custom:audio-decoder-ogg-vorbis: bf7c407c2cedff20999df2af8eb42d56 -> 
  custom:audio-encoder-webm-vorbis: bf7c407c2cedff20999df2af8eb42d56 -> 
========================================================================
Received Import Request.
  Time since last request: 23.358193 seconds.
  path: Assets/Game/Scripts/Token/TokenEdgeView.cs
  artifactKey: Guid(7ddb0847cab8f7f418dbdeb1e8141ea7) Importer(815301076,1909f56bfc062723c751e8b465ee728b)
Start importing Assets/Game/Scripts/Token/TokenEdgeView.cs using Guid(7ddb0847cab8f7f418dbdeb1e8141ea7) Importer(815301076,1909f56bfc062723c751e8b465ee728b)  -> (artifact id: '4709d70c422427b742a1aab36f1c9fcf') in 0.009444 seconds 
  Import took 0.076047 seconds .

========================================================================
Received Import Request.
  Time since last request: 0.006517 seconds.
  path: Assets/Game/Scripts/Token/TokenEdgeView.cs
  artifactKey: Guid(7ddb0847cab8f7f418dbdeb1e8141ea7) Importer(815301076,1909f56bfc062723c751e8b465ee728b)
Start importing Assets/Game/Scripts/Token/TokenEdgeView.cs using Guid(7ddb0847cab8f7f418dbdeb1e8141ea7) Importer(815301076,1909f56bfc062723c751e8b465ee728b)  -> (artifact id: '4709d70c422427b742a1aab36f1c9fcf') in 0.002741 seconds 
  Import took 0.084434 seconds .

========================================================================
Received Import Request.
  Time since last request: 217.730239 seconds.
  path: Assets/Game/Resources/Tokens/Token.prefab
  artifactKey: Guid(bf11f7f4a7d83ef47b88491b9868e572) Importer(815301076,1909f56bfc062723c751e8b465ee728b)
Start importing Assets/Game/Resources/Tokens/Token.prefab using Guid(bf11f7f4a7d83ef47b88491b9868e572) Importer(815301076,1909f56bfc062723c751e8b465ee728b)  -> (artifact id: 'ae3dc8fed2326124cec3fc1cb35bc2fc') in 3.363401 seconds 
  Import took 3.389846 seconds .

========================================================================
Received Prepare
Registering precompiled user dll's ...
Registered in 0.102591 seconds.
Begin MonoManager ReloadAssembly
Native extension for WindowsStandalone target not found
Refreshing native plugins compatible for Editor in 0.92 ms, found 2 plugins.
Preloading 0 native plugins for Editor in 0.00 ms.
Mono: successfully reloaded assembly
- Completed reload, in  1.673 seconds
Platform modules already initialized, skipping
Shader 'Universal Render Pipeline/Particles/Lit': fallback shader 'Universal Render Pipeline/Particles/SimpleLit' not found
Refreshing native plugins compatible for Editor in 1.01 ms, found 2 plugins.
Preloading 0 native plugins for Editor in 0.00 ms.
Unloading 3864 Unused Serialized files (Serialized files now loaded: 0)
System memory in use before: 240.8 MB.
System memory in use after: 241.1 MB.

Unloading 26 unused Assets to reduce memory usage. Loaded Objects now: 4554.
Total: 3.304600 ms (FindLiveObjects: 0.373900 ms CreateObjectMapping: 0.155100 ms MarkObjects: 2.737300 ms  DeleteObjects: 0.036300 ms)

AssetImportParameters requested are different than current active one (requested -> active):
  custom:framework-win-MediaFoundation: 216162199b28c13a410421893ffa2e32 -> 
  custom:video-decoder-ogg-theora: a1e56fd34408186e4bbccfd4996cb3dc -> 
  custom:container-muxer-webm: aa71ff27fc2769a1b78a27578f13a17b -> 
  custom:container-demuxer-webm: 4f35f7cbe854078d1ac9338744f61a02 -> 
  custom:container-demuxer-ogg: 62fdf1f143b41e24485cea50d1cbac27 -> 
  custom:video-encoder-webm-vp8: eb34c28f22e8b96e1ab97ce403110664 -> 
  custom:video-decoder-webm-vp8: 9c59270c3fd7afecdb556c50c9e8de78 -> 
  custom:audio-decoder-ogg-vorbis: bf7c407c2cedff20999df2af8eb42d56 -> 
  custom:audio-encoder-webm-vorbis: bf7c407c2cedff20999df2af8eb42d56 -> 
========================================================================
Received Import Request.
  Time since last request: 31.187080 seconds.
  path: Assets/Game/Installation/TokensInstallerBox.cs
  artifactKey: Guid(718ad4a8dedfc6c419282ee81ed6390a) Importer(815301076,1909f56bfc062723c751e8b465ee728b)
Start importing Assets/Game/Installation/TokensInstallerBox.cs using Guid(718ad4a8dedfc6c419282ee81ed6390a) Importer(815301076,1909f56bfc062723c751e8b465ee728b)  -> (artifact id: '14be6b680c6059b2691e1f9ff19f0cbd') in 0.077644 seconds 
  Import took 0.118106 seconds .

========================================================================
Received Prepare
Registering precompiled user dll's ...
Registered in 0.007644 seconds.
Begin MonoManager ReloadAssembly
Native extension for WindowsStandalone target not found
Refreshing native plugins compatible for Editor in 0.95 ms, found 2 plugins.
Preloading 0 native plugins for Editor in 0.00 ms.
Mono: successfully reloaded assembly
- Completed reload, in  1.585 seconds
Platform modules already initialized, skipping
Shader 'Universal Render Pipeline/Particles/Lit': fallback shader 'Universal Render Pipeline/Particles/SimpleLit' not found
Refreshing native plugins compatible for Editor in 0.99 ms, found 2 plugins.
Preloading 0 native plugins for Editor in 0.00 ms.
Unloading 3864 Unused Serialized files (Serialized files now loaded: 0)
System memory in use before: 240.8 MB.
System memory in use after: 241.1 MB.

Unloading 26 unused Assets to reduce memory usage. Loaded Objects now: 4557.
Total: 3.793100 ms (FindLiveObjects: 0.499900 ms CreateObjectMapping: 0.180200 ms MarkObjects: 3.074700 ms  DeleteObjects: 0.036000 ms)

AssetImportParameters requested are different than current active one (requested -> active):
  custom:framework-win-MediaFoundation: 216162199b28c13a410421893ffa2e32 -> 
  custom:video-decoder-ogg-theora: a1e56fd34408186e4bbccfd4996cb3dc -> 
  custom:container-muxer-webm: aa71ff27fc2769a1b78a27578f13a17b -> 
  custom:container-demuxer-webm: 4f35f7cbe854078d1ac9338744f61a02 -> 
  custom:container-demuxer-ogg: 62fdf1f143b41e24485cea50d1cbac27 -> 
  custom:video-encoder-webm-vp8: eb34c28f22e8b96e1ab97ce403110664 -> 
  custom:video-decoder-webm-vp8: 9c59270c3fd7afecdb556c50c9e8de78 -> 
  custom:audio-decoder-ogg-vorbis: bf7c407c2cedff20999df2af8eb42d56 -> 
  custom:audio-encoder-webm-vorbis: bf7c407c2cedff20999df2af8eb42d56 -> 
========================================================================
Received Import Request.
  Time since last request: 207.789974 seconds.
  path: Assets/Game/Installation/TokensInstallerBox.cs
  artifactKey: Guid(718ad4a8dedfc6c419282ee81ed6390a) Importer(815301076,1909f56bfc062723c751e8b465ee728b)
Start importing Assets/Game/Installation/TokensInstallerBox.cs using Guid(718ad4a8dedfc6c419282ee81ed6390a) Importer(815301076,1909f56bfc062723c751e8b465ee728b)  -> (artifact id: 'cbaebe7abc1eb2d587c0b366f4db1e04') in 0.008141 seconds 
  Import took 0.071564 seconds .

========================================================================
Received Prepare
Registering precompiled user dll's ...
Registered in 0.007758 seconds.
Begin MonoManager ReloadAssembly
Native extension for WindowsStandalone target not found
Refreshing native plugins compatible for Editor in 0.92 ms, found 2 plugins.
Preloading 0 native plugins for Editor in 0.00 ms.
Mono: successfully reloaded assembly
- Completed reload, in  1.628 seconds
Platform modules already initialized, skipping
Shader 'Universal Render Pipeline/Particles/Lit': fallback shader 'Universal Render Pipeline/Particles/SimpleLit' not found
Refreshing native plugins compatible for Editor in 0.94 ms, found 2 plugins.
Preloading 0 native plugins for Editor in 0.00 ms.
Unloading 3864 Unused Serialized files (Serialized files now loaded: 0)
System memory in use before: 240.8 MB.
System memory in use after: 241.1 MB.

Unloading 26 unused Assets to reduce memory usage. Loaded Objects now: 4560.
Total: 3.466800 ms (FindLiveObjects: 0.433800 ms CreateObjectMapping: 0.159300 ms MarkObjects: 2.838500 ms  DeleteObjects: 0.033500 ms)

AssetImportParameters requested are different than current active one (requested -> active):
  custom:framework-win-MediaFoundation: 216162199b28c13a410421893ffa2e32 -> 
  custom:video-decoder-ogg-theora: a1e56fd34408186e4bbccfd4996cb3dc -> 
  custom:container-muxer-webm: aa71ff27fc2769a1b78a27578f13a17b -> 
  custom:container-demuxer-webm: 4f35f7cbe854078d1ac9338744f61a02 -> 
  custom:container-demuxer-ogg: 62fdf1f143b41e24485cea50d1cbac27 -> 
  custom:video-encoder-webm-vp8: eb34c28f22e8b96e1ab97ce403110664 -> 
  custom:video-decoder-webm-vp8: 9c59270c3fd7afecdb556c50c9e8de78 -> 
  custom:audio-decoder-ogg-vorbis: bf7c407c2cedff20999df2af8eb42d56 -> 
  custom:audio-encoder-webm-vorbis: bf7c407c2cedff20999df2af8eb42d56 -> 
========================================================================
Received Import Request.
  Time since last request: 79.845079 seconds.
  path: Assets/Game/Resources/Tokens/Token 1.prefab
  artifactKey: Guid(808e08e49612b104e8f01a285b6cf1c0) Importer(815301076,1909f56bfc062723c751e8b465ee728b)
Start importing Assets/Game/Resources/Tokens/Token 1.prefab using Guid(808e08e49612b104e8f01a285b6cf1c0) Importer(815301076,1909f56bfc062723c751e8b465ee728b)  -> (artifact id: '759cfd0f5ba42ac327c5d9c9d893bbb9') in 0.594080 seconds 
  Import took 0.715844 seconds .

========================================================================
Received Import Request.
  Time since last request: 49.496208 seconds.
  path: Assets/Game/Resources/Tokens/Angel/Token.prefab
  artifactKey: Guid(f4ab4cb2bca3a1b4882cf190fe48be9e) Importer(815301076,1909f56bfc062723c751e8b465ee728b)
Start importing Assets/Game/Resources/Tokens/Angel/Token.prefab using Guid(f4ab4cb2bca3a1b4882cf190fe48be9e) Importer(815301076,1909f56bfc062723c751e8b465ee728b)  -> (artifact id: 'ceb7b18eb783316a1e3125527c8b1e1a') in 0.583704 seconds 
  Import took 0.622264 seconds .

========================================================================
Received Import Request.
  Time since last request: 10.291632 seconds.
  path: Assets/Game/Resources/Tokens/Token.prefab
  artifactKey: Guid(bf11f7f4a7d83ef47b88491b9868e572) Importer(815301076,1909f56bfc062723c751e8b465ee728b)
Start importing Assets/Game/Resources/Tokens/Token.prefab using Guid(bf11f7f4a7d83ef47b88491b9868e572) Importer(815301076,1909f56bfc062723c751e8b465ee728b)  -> (artifact id: 'ed4d1ef732e0a96656b4450b1c85cfa0') in 0.031746 seconds 
  Import took 0.072221 seconds .

========================================================================
Received Import Request.
  Time since last request: 23.263820 seconds.
  path: Assets/Game/Resources/Tokens/Token 1.prefab
  artifactKey: Guid(808e08e49612b104e8f01a285b6cf1c0) Importer(815301076,1909f56bfc062723c751e8b465ee728b)
Start importing Assets/Game/Resources/Tokens/Token 1.prefab using Guid(808e08e49612b104e8f01a285b6cf1c0) Importer(815301076,1909f56bfc062723c751e8b465ee728b)  -> (artifact id: '99c85cbad28f4c49cc20f218798c0ae5') in 0.126267 seconds 
  Import took 0.185855 seconds .

========================================================================
Received Import Request.
  Time since last request: 1.559889 seconds.
  path: Assets/Game/Resources/Tokens/Token.prefab
  artifactKey: Guid(bf11f7f4a7d83ef47b88491b9868e572) Importer(815301076,1909f56bfc062723c751e8b465ee728b)
Start importing Assets/Game/Resources/Tokens/Token.prefab using Guid(bf11f7f4a7d83ef47b88491b9868e572) Importer(815301076,1909f56bfc062723c751e8b465ee728b)  -> (artifact id: 'a4c4f7fe67231f49c9cf07d44fea61ab') in 0.210339 seconds 
  Import took 0.290874 seconds .

========================================================================
Received Import Request.
  Time since last request: 52.810805 seconds.
  path: Assets/Game/Resources/Tokens/Token.prefab
  artifactKey: Guid(bf11f7f4a7d83ef47b88491b9868e572) Importer(815301076,1909f56bfc062723c751e8b465ee728b)
Start importing Assets/Game/Resources/Tokens/Token.prefab using Guid(bf11f7f4a7d83ef47b88491b9868e572) Importer(815301076,1909f56bfc062723c751e8b465ee728b)  -> (artifact id: '5bd4242f69aa1be77cded77a2d3a65a9') in 0.006738 seconds 
  Import took 0.058546 seconds .

========================================================================
Received Import Request.
  Time since last request: 71.254350 seconds.
  path: Assets/Game/Resources/Tokens/Token.prefab
  artifactKey: Guid(bf11f7f4a7d83ef47b88491b9868e572) Importer(815301076,1909f56bfc062723c751e8b465ee728b)
Start importing Assets/Game/Resources/Tokens/Token.prefab using Guid(bf11f7f4a7d83ef47b88491b9868e572) Importer(815301076,1909f56bfc062723c751e8b465ee728b)  -> (artifact id: 'b1f5690d7d481a19f905220088fc139a') in 0.065631 seconds 
  Import took 0.157191 seconds .

========================================================================
Received Import Request.
  Time since last request: 41.094497 seconds.
  path: Assets/Game/Resources/Tokens/AngelToken.prefab
  artifactKey: Guid(3adc0172cec7f044b9609c94e7159301) Importer(815301076,1909f56bfc062723c751e8b465ee728b)
Start importing Assets/Game/Resources/Tokens/AngelToken.prefab using Guid(3adc0172cec7f044b9609c94e7159301) Importer(815301076,1909f56bfc062723c751e8b465ee728b)  -> (artifact id: 'c74474c57f5851519cc66865e2623426') in 0.144206 seconds 
  Import took 0.173001 seconds .

========================================================================
Received Import Request.
  Time since last request: 17.820595 seconds.
  path: Assets/Game/Resources/Tokens/ArcherToken.prefab
  artifactKey: Guid(6d8f236a0a24f0145ad56e398aa3e92d) Importer(815301076,1909f56bfc062723c751e8b465ee728b)
Start importing Assets/Game/Resources/Tokens/ArcherToken.prefab using Guid(6d8f236a0a24f0145ad56e398aa3e92d) Importer(815301076,1909f56bfc062723c751e8b465ee728b)  -> (artifact id: 'e9372ac7914094e28fdd4cc279b48d94') in 0.129302 seconds 
  Import took 0.150500 seconds .

========================================================================
Received Import Request.
  Time since last request: 14.409267 seconds.
  path: Assets/Game/Resources/Tokens/BerserkToken.prefab
  artifactKey: Guid(3765b07aed3aeda44b57c59f3a2d7aca) Importer(815301076,1909f56bfc062723c751e8b465ee728b)
Start importing Assets/Game/Resources/Tokens/BerserkToken.prefab using Guid(3765b07aed3aeda44b57c59f3a2d7aca) Importer(815301076,1909f56bfc062723c751e8b465ee728b)  -> (artifact id: 'f735607e8627a2ed1e42ed1bdc91ffdb') in 0.174996 seconds 
  Import took 0.239840 seconds .

========================================================================
Received Prepare
Registering precompiled user dll's ...
Registered in 0.027004 seconds.
Begin MonoManager ReloadAssembly
Native extension for WindowsStandalone target not found
Refreshing native plugins compatible for Editor in 0.97 ms, found 2 plugins.
Preloading 0 native plugins for Editor in 0.00 ms.
Mono: successfully reloaded assembly
- Completed reload, in  1.845 seconds
Platform modules already initialized, skipping
Shader 'Universal Render Pipeline/Particles/Lit': fallback shader 'Universal Render Pipeline/Particles/SimpleLit' not found
Refreshing native plugins compatible for Editor in 1.60 ms, found 2 plugins.
Preloading 0 native plugins for Editor in 0.00 ms.
Unloading 3864 Unused Serialized files (Serialized files now loaded: 0)
System memory in use before: 241.0 MB.
System memory in use after: 241.3 MB.

Unloading 26 unused Assets to reduce memory usage. Loaded Objects now: 4599.
Total: 4.437400 ms (FindLiveObjects: 0.542000 ms CreateObjectMapping: 0.211000 ms MarkObjects: 3.647100 ms  DeleteObjects: 0.035200 ms)

AssetImportParameters requested are different than current active one (requested -> active):
  custom:framework-win-MediaFoundation: 216162199b28c13a410421893ffa2e32 -> 
  custom:video-decoder-ogg-theora: a1e56fd34408186e4bbccfd4996cb3dc -> 
  custom:container-muxer-webm: aa71ff27fc2769a1b78a27578f13a17b -> 
  custom:container-demuxer-webm: 4f35f7cbe854078d1ac9338744f61a02 -> 
  custom:container-demuxer-ogg: 62fdf1f143b41e24485cea50d1cbac27 -> 
  custom:video-encoder-webm-vp8: eb34c28f22e8b96e1ab97ce403110664 -> 
  custom:video-decoder-webm-vp8: 9c59270c3fd7afecdb556c50c9e8de78 -> 
  custom:audio-decoder-ogg-vorbis: bf7c407c2cedff20999df2af8eb42d56 -> 
  custom:audio-encoder-webm-vorbis: bf7c407c2cedff20999df2af8eb42d56 -> 
========================================================================
Received Import Request.
  Time since last request: 195.905760 seconds.
  path: Assets/Game/Scripts/Token/TokenTextureAzimuthPresenter.cs
  artifactKey: Guid(7f7cc52480fac68408c65954fc5ec7a4) Importer(815301076,1909f56bfc062723c751e8b465ee728b)
Start importing Assets/Game/Scripts/Token/TokenTextureAzimuthPresenter.cs using Guid(7f7cc52480fac68408c65954fc5ec7a4) Importer(815301076,1909f56bfc062723c751e8b465ee728b)  -> (artifact id: '64cea0e7593a53e0259f5ed517479dc6') in 0.026857 seconds 
  Import took 0.105422 seconds .

========================================================================
Received Prepare
Registering precompiled user dll's ...
Registered in 0.008167 seconds.
Begin MonoManager ReloadAssembly
Native extension for WindowsStandalone target not found
Refreshing native plugins compatible for Editor in 1.09 ms, found 2 plugins.
Preloading 0 native plugins for Editor in 0.00 ms.
Mono: successfully reloaded assembly
- Completed reload, in  1.704 seconds
Platform modules already initialized, skipping
Shader 'Universal Render Pipeline/Particles/Lit': fallback shader 'Universal Render Pipeline/Particles/SimpleLit' not found
Refreshing native plugins compatible for Editor in 2.09 ms, found 2 plugins.
Preloading 0 native plugins for Editor in 0.00 ms.
Unloading 3864 Unused Serialized files (Serialized files now loaded: 0)
System memory in use before: 241.0 MB.
System memory in use after: 241.3 MB.

Unloading 26 unused Assets to reduce memory usage. Loaded Objects now: 4602.
Total: 3.351300 ms (FindLiveObjects: 0.362400 ms CreateObjectMapping: 0.158400 ms MarkObjects: 2.780900 ms  DeleteObjects: 0.048200 ms)

AssetImportParameters requested are different than current active one (requested -> active):
  custom:framework-win-MediaFoundation: 216162199b28c13a410421893ffa2e32 -> 
  custom:video-decoder-ogg-theora: a1e56fd34408186e4bbccfd4996cb3dc -> 
  custom:container-muxer-webm: aa71ff27fc2769a1b78a27578f13a17b -> 
  custom:container-demuxer-webm: 4f35f7cbe854078d1ac9338744f61a02 -> 
  custom:container-demuxer-ogg: 62fdf1f143b41e24485cea50d1cbac27 -> 
  custom:video-encoder-webm-vp8: eb34c28f22e8b96e1ab97ce403110664 -> 
  custom:video-decoder-webm-vp8: 9c59270c3fd7afecdb556c50c9e8de78 -> 
  custom:audio-decoder-ogg-vorbis: bf7c407c2cedff20999df2af8eb42d56 -> 
  custom:audio-encoder-webm-vorbis: bf7c407c2cedff20999df2af8eb42d56 -> 
========================================================================
Received Import Request.
  Time since last request: 311.791011 seconds.
  path: Assets/Game/Scripts/Token/TokenQuadPresenter.cs
  artifactKey: Guid(7f7cc52480fac68408c65954fc5ec7a4) Importer(815301076,1909f56bfc062723c751e8b465ee728b)
Start importing Assets/Game/Scripts/Token/TokenQuadPresenter.cs using Guid(7f7cc52480fac68408c65954fc5ec7a4) Importer(815301076,1909f56bfc062723c751e8b465ee728b)  -> (artifact id: '7d58b90239b969b8c20bdac5b1ec89c7') in 0.111930 seconds 
  Import took 0.151343 seconds .

========================================================================
Received Prepare
Registering precompiled user dll's ...
Registered in 0.008149 seconds.
Begin MonoManager ReloadAssembly
Native extension for WindowsStandalone target not found
Refreshing native plugins compatible for Editor in 0.97 ms, found 2 plugins.
Preloading 0 native plugins for Editor in 0.00 ms.
Mono: successfully reloaded assembly
- Completed reload, in  1.794 seconds
Platform modules already initialized, skipping
Shader 'Universal Render Pipeline/Particles/Lit': fallback shader 'Universal Render Pipeline/Particles/SimpleLit' not found
Refreshing native plugins compatible for Editor in 0.97 ms, found 2 plugins.
Preloading 0 native plugins for Editor in 0.00 ms.
Unloading 3865 Unused Serialized files (Serialized files now loaded: 0)
System memory in use before: 241.0 MB.
System memory in use after: 241.3 MB.

Unloading 26 unused Assets to reduce memory usage. Loaded Objects now: 4606.
Total: 4.300000 ms (FindLiveObjects: 0.442900 ms CreateObjectMapping: 0.176800 ms MarkObjects: 3.638100 ms  DeleteObjects: 0.040000 ms)

AssetImportParameters requested are different than current active one (requested -> active):
  custom:framework-win-MediaFoundation: 216162199b28c13a410421893ffa2e32 -> 
  custom:video-decoder-ogg-theora: a1e56fd34408186e4bbccfd4996cb3dc -> 
  custom:container-muxer-webm: aa71ff27fc2769a1b78a27578f13a17b -> 
  custom:container-demuxer-webm: 4f35f7cbe854078d1ac9338744f61a02 -> 
  custom:container-demuxer-ogg: 62fdf1f143b41e24485cea50d1cbac27 -> 
  custom:video-encoder-webm-vp8: eb34c28f22e8b96e1ab97ce403110664 -> 
  custom:video-decoder-webm-vp8: 9c59270c3fd7afecdb556c50c9e8de78 -> 
  custom:audio-decoder-ogg-vorbis: bf7c407c2cedff20999df2af8eb42d56 -> 
  custom:audio-encoder-webm-vorbis: bf7c407c2cedff20999df2af8eb42d56 -> 
========================================================================
Received Import Request.
  Time since last request: 296.195132 seconds.
  path: Assets/Game/Resources/Tokens/Token.prefab
  artifactKey: Guid(bf11f7f4a7d83ef47b88491b9868e572) Importer(815301076,1909f56bfc062723c751e8b465ee728b)
Start importing Assets/Game/Resources/Tokens/Token.prefab using Guid(bf11f7f4a7d83ef47b88491b9868e572) Importer(815301076,1909f56bfc062723c751e8b465ee728b)  -> (artifact id: 'e47040ff8d9619c7859109d534314e94') in 0.752811 seconds 
  Import took 0.802534 seconds .

========================================================================
Received Prepare
Registering precompiled user dll's ...
Registered in 0.008034 seconds.
Begin MonoManager ReloadAssembly
Native extension for WindowsStandalone target not found
Refreshing native plugins compatible for Editor in 0.94 ms, found 2 plugins.
Preloading 0 native plugins for Editor in 0.00 ms.
Mono: successfully reloaded assembly
- Completed reload, in  1.652 seconds
Platform modules already initialized, skipping
Shader 'Universal Render Pipeline/Particles/Lit': fallback shader 'Universal Render Pipeline/Particles/SimpleLit' not found
Refreshing native plugins compatible for Editor in 1.00 ms, found 2 plugins.
Preloading 0 native plugins for Editor in 0.00 ms.
Unloading 3865 Unused Serialized files (Serialized files now loaded: 0)
System memory in use before: 241.2 MB.
System memory in use after: 241.4 MB.

Unloading 26 unused Assets to reduce memory usage. Loaded Objects now: 4645.
Total: 3.381400 ms (FindLiveObjects: 0.368700 ms CreateObjectMapping: 0.159400 ms MarkObjects: 2.810200 ms  DeleteObjects: 0.041600 ms)

AssetImportParameters requested are different than current active one (requested -> active):
  custom:framework-win-MediaFoundation: 216162199b28c13a410421893ffa2e32 -> 
  custom:video-decoder-ogg-theora: a1e56fd34408186e4bbccfd4996cb3dc -> 
  custom:container-muxer-webm: aa71ff27fc2769a1b78a27578f13a17b -> 
  custom:container-demuxer-webm: 4f35f7cbe854078d1ac9338744f61a02 -> 
  custom:container-demuxer-ogg: 62fdf1f143b41e24485cea50d1cbac27 -> 
  custom:video-encoder-webm-vp8: eb34c28f22e8b96e1ab97ce403110664 -> 
  custom:video-decoder-webm-vp8: 9c59270c3fd7afecdb556c50c9e8de78 -> 
  custom:audio-decoder-ogg-vorbis: bf7c407c2cedff20999df2af8eb42d56 -> 
  custom:audio-encoder-webm-vorbis: bf7c407c2cedff20999df2af8eb42d56 -> 
========================================================================
Received Import Request.
  Time since last request: 114.090611 seconds.
  path: Assets/Game/Resources/Tokens/Angel/AngelToken.prefab
  artifactKey: Guid(3adc0172cec7f044b9609c94e7159301) Importer(815301076,1909f56bfc062723c751e8b465ee728b)
Start importing Assets/Game/Resources/Tokens/Angel/AngelToken.prefab using Guid(3adc0172cec7f044b9609c94e7159301) Importer(815301076,1909f56bfc062723c751e8b465ee728b)  -> (artifact id: '64849f8c9564353e1642ef12f7876272') in 0.455912 seconds 
  Import took 0.487812 seconds .

========================================================================
Received Prepare
Registering precompiled user dll's ...
Registered in 0.007635 seconds.
Begin MonoManager ReloadAssembly
Native extension for WindowsStandalone target not found
Refreshing native plugins compatible for Editor in 1.05 ms, found 2 plugins.
Preloading 0 native plugins for Editor in 0.00 ms.
Mono: successfully reloaded assembly
- Completed reload, in  1.606 seconds
Platform modules already initialized, skipping
Shader 'Universal Render Pipeline/Particles/Lit': fallback shader 'Universal Render Pipeline/Particles/SimpleLit' not found
Refreshing native plugins compatible for Editor in 0.98 ms, found 2 plugins.
Preloading 0 native plugins for Editor in 0.00 ms.
Unloading 3865 Unused Serialized files (Serialized files now loaded: 0)
System memory in use before: 241.3 MB.
System memory in use after: 241.6 MB.

Unloading 26 unused Assets to reduce memory usage. Loaded Objects now: 4684.
Total: 3.969500 ms (FindLiveObjects: 0.424100 ms CreateObjectMapping: 0.179500 ms MarkObjects: 3.324000 ms  DeleteObjects: 0.039700 ms)

AssetImportParameters requested are different than current active one (requested -> active):
  custom:framework-win-MediaFoundation: 216162199b28c13a410421893ffa2e32 -> 
  custom:video-decoder-ogg-theora: a1e56fd34408186e4bbccfd4996cb3dc -> 
  custom:container-muxer-webm: aa71ff27fc2769a1b78a27578f13a17b -> 
  custom:container-demuxer-webm: 4f35f7cbe854078d1ac9338744f61a02 -> 
  custom:container-demuxer-ogg: 62fdf1f143b41e24485cea50d1cbac27 -> 
  custom:video-encoder-webm-vp8: eb34c28f22e8b96e1ab97ce403110664 -> 
  custom:video-decoder-webm-vp8: 9c59270c3fd7afecdb556c50c9e8de78 -> 
  custom:audio-decoder-ogg-vorbis: bf7c407c2cedff20999df2af8eb42d56 -> 
  custom:audio-encoder-webm-vorbis: bf7c407c2cedff20999df2af8eb42d56 -> 
========================================================================
Received Prepare
Registering precompiled user dll's ...
Registered in 0.009154 seconds.
Begin MonoManager ReloadAssembly
Native extension for WindowsStandalone target not found
Refreshing native plugins compatible for Editor in 1.19 ms, found 2 plugins.
Preloading 0 native plugins for Editor in 0.00 ms.
Mono: successfully reloaded assembly
- Completed reload, in  1.981 seconds
Platform modules already initialized, skipping
Shader 'Universal Render Pipeline/Particles/Lit': fallback shader 'Universal Render Pipeline/Particles/SimpleLit' not found
Refreshing native plugins compatible for Editor in 1.13 ms, found 2 plugins.
Preloading 0 native plugins for Editor in 0.00 ms.
Unloading 3865 Unused Serialized files (Serialized files now loaded: 0)
System memory in use before: 241.3 MB.
System memory in use after: 241.6 MB.

Unloading 26 unused Assets to reduce memory usage. Loaded Objects now: 4687.
Total: 4.489300 ms (FindLiveObjects: 0.553400 ms CreateObjectMapping: 0.331300 ms MarkObjects: 3.570200 ms  DeleteObjects: 0.032600 ms)

AssetImportParameters requested are different than current active one (requested -> active):
  custom:framework-win-MediaFoundation: 216162199b28c13a410421893ffa2e32 -> 
  custom:video-decoder-ogg-theora: a1e56fd34408186e4bbccfd4996cb3dc -> 
  custom:container-muxer-webm: aa71ff27fc2769a1b78a27578f13a17b -> 
  custom:container-demuxer-webm: 4f35f7cbe854078d1ac9338744f61a02 -> 
  custom:container-demuxer-ogg: 62fdf1f143b41e24485cea50d1cbac27 -> 
  custom:video-encoder-webm-vp8: eb34c28f22e8b96e1ab97ce403110664 -> 
  custom:video-decoder-webm-vp8: 9c59270c3fd7afecdb556c50c9e8de78 -> 
  custom:audio-decoder-ogg-vorbis: bf7c407c2cedff20999df2af8eb42d56 -> 
  custom:audio-encoder-webm-vorbis: bf7c407c2cedff20999df2af8eb42d56 -> 
========================================================================
Received Import Request.
  Time since last request: 103.567428 seconds.
  path: Assets/Game/Resources/Tokens/Token.prefab
  artifactKey: Guid(bf11f7f4a7d83ef47b88491b9868e572) Importer(815301076,1909f56bfc062723c751e8b465ee728b)
Start importing Assets/Game/Resources/Tokens/Token.prefab using Guid(bf11f7f4a7d83ef47b88491b9868e572) Importer(815301076,1909f56bfc062723c751e8b465ee728b)  -> (artifact id: '1d1f22ef7aa06717fb64537cec0e70a5') in 0.234559 seconds 
  Import took 0.267815 seconds .

========================================================================
Received Prepare
Registering precompiled user dll's ...
Registered in 0.007730 seconds.
Begin MonoManager ReloadAssembly
Native extension for WindowsStandalone target not found
Refreshing native plugins compatible for Editor in 0.96 ms, found 2 plugins.
Preloading 0 native plugins for Editor in 0.00 ms.
Mono: successfully reloaded assembly
- Completed reload, in  1.612 seconds
Platform modules already initialized, skipping
Shader 'Universal Render Pipeline/Particles/Lit': fallback shader 'Universal Render Pipeline/Particles/SimpleLit' not found
Refreshing native plugins compatible for Editor in 1.12 ms, found 2 plugins.
Preloading 0 native plugins for Editor in 0.00 ms.
Unloading 3865 Unused Serialized files (Serialized files now loaded: 0)
System memory in use before: 241.5 MB.
System memory in use after: 241.7 MB.

Unloading 26 unused Assets to reduce memory usage. Loaded Objects now: 4726.
Total: 3.563200 ms (FindLiveObjects: 0.438000 ms CreateObjectMapping: 0.170100 ms MarkObjects: 2.892200 ms  DeleteObjects: 0.060800 ms)

AssetImportParameters requested are different than current active one (requested -> active):
  custom:framework-win-MediaFoundation: 216162199b28c13a410421893ffa2e32 -> 
  custom:video-decoder-ogg-theora: a1e56fd34408186e4bbccfd4996cb3dc -> 
  custom:container-muxer-webm: aa71ff27fc2769a1b78a27578f13a17b -> 
  custom:container-demuxer-webm: 4f35f7cbe854078d1ac9338744f61a02 -> 
  custom:container-demuxer-ogg: 62fdf1f143b41e24485cea50d1cbac27 -> 
  custom:video-encoder-webm-vp8: eb34c28f22e8b96e1ab97ce403110664 -> 
  custom:video-decoder-webm-vp8: 9c59270c3fd7afecdb556c50c9e8de78 -> 
  custom:audio-decoder-ogg-vorbis: bf7c407c2cedff20999df2af8eb42d56 -> 
  custom:audio-encoder-webm-vorbis: bf7c407c2cedff20999df2af8eb42d56 -> 
========================================================================
Received Prepare
Registering precompiled user dll's ...
Registered in 0.009006 seconds.
Begin MonoManager ReloadAssembly
Native extension for WindowsStandalone target not found
Refreshing native plugins compatible for Editor in 1.73 ms, found 2 plugins.
Preloading 0 native plugins for Editor in 0.00 ms.
Mono: successfully reloaded assembly
- Completed reload, in  2.038 seconds
Platform modules already initialized, skipping
Shader 'Universal Render Pipeline/Particles/Lit': fallback shader 'Universal Render Pipeline/Particles/SimpleLit' not found
Refreshing native plugins compatible for Editor in 1.01 ms, found 2 plugins.
Preloading 0 native plugins for Editor in 0.00 ms.
Unloading 3865 Unused Serialized files (Serialized files now loaded: 0)
System memory in use before: 241.5 MB.
System memory in use after: 241.7 MB.

Unloading 26 unused Assets to reduce memory usage. Loaded Objects now: 4729.
Total: 4.413000 ms (FindLiveObjects: 0.506500 ms CreateObjectMapping: 0.181600 ms MarkObjects: 3.692200 ms  DeleteObjects: 0.030300 ms)

AssetImportParameters requested are different than current active one (requested -> active):
  custom:framework-win-MediaFoundation: 216162199b28c13a410421893ffa2e32 -> 
  custom:video-decoder-ogg-theora: a1e56fd34408186e4bbccfd4996cb3dc -> 
  custom:container-muxer-webm: aa71ff27fc2769a1b78a27578f13a17b -> 
  custom:container-demuxer-webm: 4f35f7cbe854078d1ac9338744f61a02 -> 
  custom:container-demuxer-ogg: 62fdf1f143b41e24485cea50d1cbac27 -> 
  custom:video-encoder-webm-vp8: eb34c28f22e8b96e1ab97ce403110664 -> 
  custom:video-decoder-webm-vp8: 9c59270c3fd7afecdb556c50c9e8de78 -> 
  custom:audio-decoder-ogg-vorbis: bf7c407c2cedff20999df2af8eb42d56 -> 
  custom:audio-encoder-webm-vorbis: bf7c407c2cedff20999df2af8eb42d56 -> 
========================================================================
Received Prepare
Registering precompiled user dll's ...
Registered in 0.007965 seconds.
Begin MonoManager ReloadAssembly
Native extension for WindowsStandalone target not found
Refreshing native plugins compatible for Editor in 0.95 ms, found 2 plugins.
Preloading 0 native plugins for Editor in 0.00 ms.
Mono: successfully reloaded assembly
- Completed reload, in  1.604 seconds
Platform modules already initialized, skipping
Shader 'Universal Render Pipeline/Particles/Lit': fallback shader 'Universal Render Pipeline/Particles/SimpleLit' not found
Refreshing native plugins compatible for Editor in 1.08 ms, found 2 plugins.
Preloading 0 native plugins for Editor in 0.00 ms.
Unloading 3865 Unused Serialized files (Serialized files now loaded: 0)
System memory in use before: 241.5 MB.
System memory in use after: 241.8 MB.

Unloading 26 unused Assets to reduce memory usage. Loaded Objects now: 4732.
Total: 3.499400 ms (FindLiveObjects: 0.382800 ms CreateObjectMapping: 0.159500 ms MarkObjects: 2.917100 ms  DeleteObjects: 0.037300 ms)

AssetImportParameters requested are different than current active one (requested -> active):
  custom:framework-win-MediaFoundation: 216162199b28c13a410421893ffa2e32 -> 
  custom:video-decoder-ogg-theora: a1e56fd34408186e4bbccfd4996cb3dc -> 
  custom:container-muxer-webm: aa71ff27fc2769a1b78a27578f13a17b -> 
  custom:container-demuxer-webm: 4f35f7cbe854078d1ac9338744f61a02 -> 
  custom:container-demuxer-ogg: 62fdf1f143b41e24485cea50d1cbac27 -> 
  custom:video-encoder-webm-vp8: eb34c28f22e8b96e1ab97ce403110664 -> 
  custom:video-decoder-webm-vp8: 9c59270c3fd7afecdb556c50c9e8de78 -> 
  custom:audio-decoder-ogg-vorbis: bf7c407c2cedff20999df2af8eb42d56 -> 
  custom:audio-encoder-webm-vorbis: bf7c407c2cedff20999df2af8eb42d56 -> 
========================================================================
Received Prepare
Registering precompiled user dll's ...
Registered in 0.008367 seconds.
Begin MonoManager ReloadAssembly
Native extension for WindowsStandalone target not found
Refreshing native plugins compatible for Editor in 1.03 ms, found 2 plugins.
Preloading 0 native plugins for Editor in 0.00 ms.
Mono: successfully reloaded assembly
- Completed reload, in  1.848 seconds
Platform modules already initialized, skipping
Shader 'Universal Render Pipeline/Particles/Lit': fallback shader 'Universal Render Pipeline/Particles/SimpleLit' not found
Refreshing native plugins compatible for Editor in 1.02 ms, found 2 plugins.
Preloading 0 native plugins for Editor in 0.00 ms.
Unloading 3865 Unused Serialized files (Serialized files now loaded: 0)
System memory in use before: 241.5 MB.
System memory in use after: 241.8 MB.

Unloading 26 unused Assets to reduce memory usage. Loaded Objects now: 4735.
Total: 3.790300 ms (FindLiveObjects: 0.456100 ms CreateObjectMapping: 0.157200 ms MarkObjects: 3.138100 ms  DeleteObjects: 0.036300 ms)

AssetImportParameters requested are different than current active one (requested -> active):
  custom:framework-win-MediaFoundation: 216162199b28c13a410421893ffa2e32 -> 
  custom:video-decoder-ogg-theora: a1e56fd34408186e4bbccfd4996cb3dc -> 
  custom:container-muxer-webm: aa71ff27fc2769a1b78a27578f13a17b -> 
  custom:container-demuxer-webm: 4f35f7cbe854078d1ac9338744f61a02 -> 
  custom:container-demuxer-ogg: 62fdf1f143b41e24485cea50d1cbac27 -> 
  custom:video-encoder-webm-vp8: eb34c28f22e8b96e1ab97ce403110664 -> 
  custom:video-decoder-webm-vp8: 9c59270c3fd7afecdb556c50c9e8de78 -> 
  custom:audio-decoder-ogg-vorbis: bf7c407c2cedff20999df2af8eb42d56 -> 
  custom:audio-encoder-webm-vorbis: bf7c407c2cedff20999df2af8eb42d56 -> 
========================================================================
Received Prepare
Registering precompiled user dll's ...
Registered in 0.009031 seconds.
Begin MonoManager ReloadAssembly
Native extension for WindowsStandalone target not found
Refreshing native plugins compatible for Editor in 1.05 ms, found 2 plugins.
Preloading 0 native plugins for Editor in 0.00 ms.
Mono: successfully reloaded assembly
- Completed reload, in  1.952 seconds
Platform modules already initialized, skipping
Shader 'Universal Render Pipeline/Particles/Lit': fallback shader 'Universal Render Pipeline/Particles/SimpleLit' not found
Refreshing native plugins compatible for Editor in 1.04 ms, found 2 plugins.
Preloading 0 native plugins for Editor in 0.00 ms.
Unloading 3865 Unused Serialized files (Serialized files now loaded: 0)
System memory in use before: 241.5 MB.
System memory in use after: 241.8 MB.

Unloading 26 unused Assets to reduce memory usage. Loaded Objects now: 4738.
Total: 4.575200 ms (FindLiveObjects: 0.613900 ms CreateObjectMapping: 0.251400 ms MarkObjects: 3.677800 ms  DeleteObjects: 0.030300 ms)

AssetImportParameters requested are different than current active one (requested -> active):
  custom:framework-win-MediaFoundation: 216162199b28c13a410421893ffa2e32 -> 
  custom:video-decoder-ogg-theora: a1e56fd34408186e4bbccfd4996cb3dc -> 
  custom:container-muxer-webm: aa71ff27fc2769a1b78a27578f13a17b -> 
  custom:container-demuxer-webm: 4f35f7cbe854078d1ac9338744f61a02 -> 
  custom:container-demuxer-ogg: 62fdf1f143b41e24485cea50d1cbac27 -> 
  custom:video-encoder-webm-vp8: eb34c28f22e8b96e1ab97ce403110664 -> 
  custom:video-decoder-webm-vp8: 9c59270c3fd7afecdb556c50c9e8de78 -> 
  custom:audio-decoder-ogg-vorbis: bf7c407c2cedff20999df2af8eb42d56 -> 
  custom:audio-encoder-webm-vorbis: bf7c407c2cedff20999df2af8eb42d56 -> 
========================================================================
Received Prepare
Registering precompiled user dll's ...
Registered in 0.009058 seconds.
Begin MonoManager ReloadAssembly
Native extension for WindowsStandalone target not found
Refreshing native plugins compatible for Editor in 1.16 ms, found 2 plugins.
Preloading 0 native plugins for Editor in 0.00 ms.
Mono: successfully reloaded assembly
- Completed reload, in  1.982 seconds
Platform modules already initialized, skipping
Shader 'Universal Render Pipeline/Particles/Lit': fallback shader 'Universal Render Pipeline/Particles/SimpleLit' not found
Refreshing native plugins compatible for Editor in 0.98 ms, found 2 plugins.
Preloading 0 native plugins for Editor in 0.00 ms.
Unloading 3865 Unused Serialized files (Serialized files now loaded: 0)
System memory in use before: 241.5 MB.
System memory in use after: 241.8 MB.

Unloading 26 unused Assets to reduce memory usage. Loaded Objects now: 4741.
Total: 5.416800 ms (FindLiveObjects: 0.441600 ms CreateObjectMapping: 0.172500 ms MarkObjects: 4.764700 ms  DeleteObjects: 0.035900 ms)

AssetImportParameters requested are different than current active one (requested -> active):
  custom:framework-win-MediaFoundation: 216162199b28c13a410421893ffa2e32 -> 
  custom:video-decoder-ogg-theora: a1e56fd34408186e4bbccfd4996cb3dc -> 
  custom:container-muxer-webm: aa71ff27fc2769a1b78a27578f13a17b -> 
  custom:container-demuxer-webm: 4f35f7cbe854078d1ac9338744f61a02 -> 
  custom:container-demuxer-ogg: 62fdf1f143b41e24485cea50d1cbac27 -> 
  custom:video-encoder-webm-vp8: eb34c28f22e8b96e1ab97ce403110664 -> 
  custom:video-decoder-webm-vp8: 9c59270c3fd7afecdb556c50c9e8de78 -> 
  custom:audio-decoder-ogg-vorbis: bf7c407c2cedff20999df2af8eb42d56 -> 
  custom:audio-encoder-webm-vorbis: bf7c407c2cedff20999df2af8eb42d56 -> 
========================================================================
Received Import Request.
  Time since last request: 402.491867 seconds.
  path: Assets/Game/Resources/Tokens/Token.prefab
  artifactKey: Guid(bf11f7f4a7d83ef47b88491b9868e572) Importer(815301076,1909f56bfc062723c751e8b465ee728b)
Start importing Assets/Game/Resources/Tokens/Token.prefab using Guid(bf11f7f4a7d83ef47b88491b9868e572) Importer(815301076,1909f56bfc062723c751e8b465ee728b)  -> (artifact id: '8c6b995baafab6158d1a3a74cf77b3c9') in 0.232482 seconds 
  Import took 0.282069 seconds .

========================================================================
Received Import Request.
  Time since last request: 15.184285 seconds.
  path: Assets/Game/Resources/Tokens/Angel/AngelToken.prefab
  artifactKey: Guid(3adc0172cec7f044b9609c94e7159301) Importer(815301076,1909f56bfc062723c751e8b465ee728b)
Start importing Assets/Game/Resources/Tokens/Angel/AngelToken.prefab using Guid(3adc0172cec7f044b9609c94e7159301) Importer(815301076,1909f56bfc062723c751e8b465ee728b)  -> (artifact id: '0de104ace8071b53a9ecbbf8cde9868a') in 0.032860 seconds 
  Import took 0.078446 seconds .

========================================================================
Received Import Request.
  Time since last request: 8.000792 seconds.
  path: Assets/Game/Resources/Tokens/Archer/ArcherToken.prefab
  artifactKey: Guid(6d8f236a0a24f0145ad56e398aa3e92d) Importer(815301076,1909f56bfc062723c751e8b465ee728b)
Start importing Assets/Game/Resources/Tokens/Archer/ArcherToken.prefab using Guid(6d8f236a0a24f0145ad56e398aa3e92d) Importer(815301076,1909f56bfc062723c751e8b465ee728b)  -> (artifact id: '5b30f1c5bb0fab77154c01ac34eacd06') in 0.264358 seconds 
  Import took 0.271580 seconds .

========================================================================
Received Prepare
Registering precompiled user dll's ...
Registered in 0.008767 seconds.
Begin MonoManager ReloadAssembly
Native extension for WindowsStandalone target not found
Refreshing native plugins compatible for Editor in 1.05 ms, found 2 plugins.
Preloading 0 native plugins for Editor in 0.00 ms.
Mono: successfully reloaded assembly
- Completed reload, in  1.959 seconds
Platform modules already initialized, skipping
Shader 'Universal Render Pipeline/Particles/Lit': fallback shader 'Universal Render Pipeline/Particles/SimpleLit' not found
Refreshing native plugins compatible for Editor in 1.40 ms, found 2 plugins.
Preloading 0 native plugins for Editor in 0.00 ms.
Unloading 3865 Unused Serialized files (Serialized files now loaded: 0)
System memory in use before: 241.6 MB.
System memory in use after: 241.9 MB.

Unloading 26 unused Assets to reduce memory usage. Loaded Objects now: 4780.
Total: 4.303300 ms (FindLiveObjects: 0.475900 ms CreateObjectMapping: 0.167100 ms MarkObjects: 3.626800 ms  DeleteObjects: 0.031000 ms)

AssetImportParameters requested are different than current active one (requested -> active):
  custom:framework-win-MediaFoundation: 216162199b28c13a410421893ffa2e32 -> 
  custom:video-decoder-ogg-theora: a1e56fd34408186e4bbccfd4996cb3dc -> 
  custom:container-muxer-webm: aa71ff27fc2769a1b78a27578f13a17b -> 
  custom:container-demuxer-webm: 4f35f7cbe854078d1ac9338744f61a02 -> 
  custom:container-demuxer-ogg: 62fdf1f143b41e24485cea50d1cbac27 -> 
  custom:video-encoder-webm-vp8: eb34c28f22e8b96e1ab97ce403110664 -> 
  custom:video-decoder-webm-vp8: 9c59270c3fd7afecdb556c50c9e8de78 -> 
  custom:audio-decoder-ogg-vorbis: bf7c407c2cedff20999df2af8eb42d56 -> 
  custom:audio-encoder-webm-vorbis: bf7c407c2cedff20999df2af8eb42d56 -> 
========================================================================
Received Prepare
Registering precompiled user dll's ...
Registered in 0.007621 seconds.
Begin MonoManager ReloadAssembly
Native extension for WindowsStandalone target not found
Refreshing native plugins compatible for Editor in 0.96 ms, found 2 plugins.
Preloading 0 native plugins for Editor in 0.00 ms.
Mono: successfully reloaded assembly
- Completed reload, in  1.581 seconds
Platform modules already initialized, skipping
Shader 'Universal Render Pipeline/Particles/Lit': fallback shader 'Universal Render Pipeline/Particles/SimpleLit' not found
Refreshing native plugins compatible for Editor in 0.98 ms, found 2 plugins.
Preloading 0 native plugins for Editor in 0.00 ms.
Unloading 3865 Unused Serialized files (Serialized files now loaded: 0)
System memory in use before: 241.7 MB.
System memory in use after: 241.9 MB.

Unloading 26 unused Assets to reduce memory usage. Loaded Objects now: 4783.
Total: 3.585200 ms (FindLiveObjects: 0.402200 ms CreateObjectMapping: 0.153800 ms MarkObjects: 2.993800 ms  DeleteObjects: 0.033800 ms)

AssetImportParameters requested are different than current active one (requested -> active):
  custom:framework-win-MediaFoundation: 216162199b28c13a410421893ffa2e32 -> 
  custom:video-decoder-ogg-theora: a1e56fd34408186e4bbccfd4996cb3dc -> 
  custom:container-muxer-webm: aa71ff27fc2769a1b78a27578f13a17b -> 
  custom:container-demuxer-webm: 4f35f7cbe854078d1ac9338744f61a02 -> 
  custom:container-demuxer-ogg: 62fdf1f143b41e24485cea50d1cbac27 -> 
  custom:video-encoder-webm-vp8: eb34c28f22e8b96e1ab97ce403110664 -> 
  custom:video-decoder-webm-vp8: 9c59270c3fd7afecdb556c50c9e8de78 -> 
  custom:audio-decoder-ogg-vorbis: bf7c407c2cedff20999df2af8eb42d56 -> 
  custom:audio-encoder-webm-vorbis: bf7c407c2cedff20999df2af8eb42d56 -> 
========================================================================
Received Prepare
Registering precompiled user dll's ...
Registered in 0.007814 seconds.
Begin MonoManager ReloadAssembly
Native extension for WindowsStandalone target not found
Refreshing native plugins compatible for Editor in 0.97 ms, found 2 plugins.
Preloading 0 native plugins for Editor in 0.00 ms.
Mono: successfully reloaded assembly
- Completed reload, in  1.599 seconds
Platform modules already initialized, skipping
Shader 'Universal Render Pipeline/Particles/Lit': fallback shader 'Universal Render Pipeline/Particles/SimpleLit' not found
Refreshing native plugins compatible for Editor in 0.96 ms, found 2 plugins.
Preloading 0 native plugins for Editor in 0.00 ms.
Unloading 3865 Unused Serialized files (Serialized files now loaded: 0)
System memory in use before: 241.7 MB.
System memory in use after: 241.9 MB.

Unloading 26 unused Assets to reduce memory usage. Loaded Objects now: 4786.
Total: 3.848500 ms (FindLiveObjects: 0.407400 ms CreateObjectMapping: 0.169600 ms MarkObjects: 3.230600 ms  DeleteObjects: 0.038400 ms)

AssetImportParameters requested are different than current active one (requested -> active):
  custom:framework-win-MediaFoundation: 216162199b28c13a410421893ffa2e32 -> 
  custom:video-decoder-ogg-theora: a1e56fd34408186e4bbccfd4996cb3dc -> 
  custom:container-muxer-webm: aa71ff27fc2769a1b78a27578f13a17b -> 
  custom:container-demuxer-webm: 4f35f7cbe854078d1ac9338744f61a02 -> 
  custom:container-demuxer-ogg: 62fdf1f143b41e24485cea50d1cbac27 -> 
  custom:video-encoder-webm-vp8: eb34c28f22e8b96e1ab97ce403110664 -> 
  custom:video-decoder-webm-vp8: 9c59270c3fd7afecdb556c50c9e8de78 -> 
  custom:audio-decoder-ogg-vorbis: bf7c407c2cedff20999df2af8eb42d56 -> 
  custom:audio-encoder-webm-vorbis: bf7c407c2cedff20999df2af8eb42d56 -> 
========================================================================
Received Import Request.
  Time since last request: 161.576483 seconds.
  path: Assets/Game/Resources/Tokens/Berserk/Berserk.asset
  artifactKey: Guid(077839fc8a819114eb852db0abd20792) Importer(815301076,1909f56bfc062723c751e8b465ee728b)
Start importing Assets/Game/Resources/Tokens/Berserk/Berserk.asset using Guid(077839fc8a819114eb852db0abd20792) Importer(815301076,1909f56bfc062723c751e8b465ee728b)  -> (artifact id: 'eea1be367269bcf731e10679d9a37b44') in 0.246667 seconds 
  Import took 0.333330 seconds .

========================================================================
Received Prepare
Registering precompiled user dll's ...
Registered in 0.008383 seconds.
Begin MonoManager ReloadAssembly
Native extension for WindowsStandalone target not found
Refreshing native plugins compatible for Editor in 0.95 ms, found 2 plugins.
Preloading 0 native plugins for Editor in 0.00 ms.
Mono: successfully reloaded assembly
- Completed reload, in  1.737 seconds
Platform modules already initialized, skipping
Shader 'Universal Render Pipeline/Particles/Lit': fallback shader 'Universal Render Pipeline/Particles/SimpleLit' not found
Refreshing native plugins compatible for Editor in 0.95 ms, found 2 plugins.
Preloading 0 native plugins for Editor in 0.00 ms.
Unloading 3865 Unused Serialized files (Serialized files now loaded: 0)
System memory in use before: 241.7 MB.
System memory in use after: 241.9 MB.

Unloading 26 unused Assets to reduce memory usage. Loaded Objects now: 4789.
Total: 3.493200 ms (FindLiveObjects: 0.386600 ms CreateObjectMapping: 0.161700 ms MarkObjects: 2.910700 ms  DeleteObjects: 0.032600 ms)

AssetImportParameters requested are different than current active one (requested -> active):
  custom:framework-win-MediaFoundation: 216162199b28c13a410421893ffa2e32 -> 
  custom:video-decoder-ogg-theora: a1e56fd34408186e4bbccfd4996cb3dc -> 
  custom:container-muxer-webm: aa71ff27fc2769a1b78a27578f13a17b -> 
  custom:container-demuxer-webm: 4f35f7cbe854078d1ac9338744f61a02 -> 
  custom:container-demuxer-ogg: 62fdf1f143b41e24485cea50d1cbac27 -> 
  custom:video-encoder-webm-vp8: eb34c28f22e8b96e1ab97ce403110664 -> 
  custom:video-decoder-webm-vp8: 9c59270c3fd7afecdb556c50c9e8de78 -> 
  custom:audio-decoder-ogg-vorbis: bf7c407c2cedff20999df2af8eb42d56 -> 
  custom:audio-encoder-webm-vorbis: bf7c407c2cedff20999df2af8eb42d56 -> 
========================================================================
Received Import Request.
  Time since last request: 133.469467 seconds.
  path: Assets/Game/Resources/Tokens/Token.prefab
  artifactKey: Guid(bf11f7f4a7d83ef47b88491b9868e572) Importer(815301076,1909f56bfc062723c751e8b465ee728b)
Start importing Assets/Game/Resources/Tokens/Token.prefab using Guid(bf11f7f4a7d83ef47b88491b9868e572) Importer(815301076,1909f56bfc062723c751e8b465ee728b)  -> (artifact id: 'bd1f20a2d6e8b1a25d9f3f626d54570d') in 0.398786 seconds 
  Import took 0.453863 seconds .

========================================================================
Received Import Request.
  Time since last request: 1.449725 seconds.
  path: Assets/Game/Resources/Tokens/Token.prefab
  artifactKey: Guid(bf11f7f4a7d83ef47b88491b9868e572) Importer(815301076,1909f56bfc062723c751e8b465ee728b)
Start importing Assets/Game/Resources/Tokens/Token.prefab using Guid(bf11f7f4a7d83ef47b88491b9868e572) Importer(815301076,1909f56bfc062723c751e8b465ee728b)  -> (artifact id: 'bd1f20a2d6e8b1a25d9f3f626d54570d') in 0.061539 seconds 
  Import took 0.070478 seconds .

========================================================================
Received Prepare
Registering precompiled user dll's ...
Registered in 0.009644 seconds.
Begin MonoManager ReloadAssembly
Native extension for WindowsStandalone target not found
Refreshing native plugins compatible for Editor in 0.96 ms, found 2 plugins.
Preloading 0 native plugins for Editor in 0.00 ms.
Mono: successfully reloaded assembly
- Completed reload, in  1.592 seconds
Platform modules already initialized, skipping
Shader 'Universal Render Pipeline/Particles/Lit': fallback shader 'Universal Render Pipeline/Particles/SimpleLit' not found
Refreshing native plugins compatible for Editor in 0.97 ms, found 2 plugins.
Preloading 0 native plugins for Editor in 0.00 ms.
Unloading 3865 Unused Serialized files (Serialized files now loaded: 0)
System memory in use before: 241.8 MB.
System memory in use after: 242.1 MB.

Unloading 26 unused Assets to reduce memory usage. Loaded Objects now: 4828.
Total: 3.544400 ms (FindLiveObjects: 0.395100 ms CreateObjectMapping: 0.163600 ms MarkObjects: 2.943300 ms  DeleteObjects: 0.040800 ms)

AssetImportParameters requested are different than current active one (requested -> active):
  custom:framework-win-MediaFoundation: 216162199b28c13a410421893ffa2e32 -> 
  custom:video-decoder-ogg-theora: a1e56fd34408186e4bbccfd4996cb3dc -> 
  custom:container-muxer-webm: aa71ff27fc2769a1b78a27578f13a17b -> 
  custom:container-demuxer-webm: 4f35f7cbe854078d1ac9338744f61a02 -> 
  custom:container-demuxer-ogg: 62fdf1f143b41e24485cea50d1cbac27 -> 
  custom:video-encoder-webm-vp8: eb34c28f22e8b96e1ab97ce403110664 -> 
  custom:video-decoder-webm-vp8: 9c59270c3fd7afecdb556c50c9e8de78 -> 
  custom:audio-decoder-ogg-vorbis: bf7c407c2cedff20999df2af8eb42d56 -> 
  custom:audio-encoder-webm-vorbis: bf7c407c2cedff20999df2af8eb42d56 -> 
========================================================================
Received Import Request.
  Time since last request: 24.665905 seconds.
  path: Assets/Game/Resources/Tokens/KnightToken.prefab
  artifactKey: Guid(e1f2c0c284d880844b9acddf28c6e70f) Importer(815301076,1909f56bfc062723c751e8b465ee728b)
Start importing Assets/Game/Resources/Tokens/KnightToken.prefab using Guid(e1f2c0c284d880844b9acddf28c6e70f) Importer(815301076,1909f56bfc062723c751e8b465ee728b)  -> (artifact id: 'afa0b436563f797a2af0f7b1450b59ce') in 0.324138 seconds 
  Import took 0.411112 seconds .

========================================================================
Received Import Request.
  Time since last request: 6.775353 seconds.
  path: Assets/Game/Resources/Tokens/SoldierToken.prefab
  artifactKey: Guid(682aaaac1883956458ee92c896035e5e) Importer(815301076,1909f56bfc062723c751e8b465ee728b)
Start importing Assets/Game/Resources/Tokens/SoldierToken.prefab using Guid(682aaaac1883956458ee92c896035e5e) Importer(815301076,1909f56bfc062723c751e8b465ee728b)  -> (artifact id: '67aabc258403c49651c7f47dd4dd60df') in 0.130988 seconds 
  Import took 0.166615 seconds .

========================================================================
Received Import Request.
  Time since last request: 12.924251 seconds.
  path: Assets/Game/Resources/Tokens/VampireToken.prefab
  artifactKey: Guid(496bf7e11b131094f9cba5018e02ad4f) Importer(815301076,1909f56bfc062723c751e8b465ee728b)
Start importing Assets/Game/Resources/Tokens/VampireToken.prefab using Guid(496bf7e11b131094f9cba5018e02ad4f) Importer(815301076,1909f56bfc062723c751e8b465ee728b)  -> (artifact id: '1eb3ddc9ca8aafacb75d6c0f870c76d3') in 0.045877 seconds 
  Import took 0.073704 seconds .

========================================================================
Received Import Request.
  Time since last request: 0.010305 seconds.
  path: Assets/Game/Resources/Tokens/VampireToken.prefab
  artifactKey: Guid(496bf7e11b131094f9cba5018e02ad4f) Importer(815301076,1909f56bfc062723c751e8b465ee728b)
Start importing Assets/Game/Resources/Tokens/VampireToken.prefab using Guid(496bf7e11b131094f9cba5018e02ad4f) Importer(815301076,1909f56bfc062723c751e8b465ee728b)  -> (artifact id: '1eb3ddc9ca8aafacb75d6c0f870c76d3') in 0.040189 seconds 
  Import took 0.048480 seconds .

========================================================================
Received Import Request.
  Time since last request: 12.843052 seconds.
  path: Assets/Game/Resources/Tokens/Vampire2Token.prefab
  artifactKey: Guid(db8241f1d757bd34e837014078ff379e) Importer(815301076,1909f56bfc062723c751e8b465ee728b)
Start importing Assets/Game/Resources/Tokens/Vampire2Token.prefab using Guid(db8241f1d757bd34e837014078ff379e) Importer(815301076,1909f56bfc062723c751e8b465ee728b)  -> (artifact id: '0eba7c9e3afe67830a784b13928f5695') in 0.057298 seconds 
  Import took 0.095315 seconds .

========================================================================
Received Import Request.
  Time since last request: 16.415568 seconds.
  path: Assets/Game/Resources/Tokens/WerewolfToken.prefab
  artifactKey: Guid(b5dd081396f7dbd4fa8333db72feb6d8) Importer(815301076,1909f56bfc062723c751e8b465ee728b)
Start importing Assets/Game/Resources/Tokens/WerewolfToken.prefab using Guid(b5dd081396f7dbd4fa8333db72feb6d8) Importer(815301076,1909f56bfc062723c751e8b465ee728b)  -> (artifact id: 'baf2e41f8a9ae8c88c06d4ddb5e6b485') in 0.097476 seconds 
  Import took 0.128364 seconds .

========================================================================
Received Import Request.
  Time since last request: 81.598260 seconds.
  path: Assets/Game/Resources/Tokens/Warewolf/WerewolfToken.prefab
  artifactKey: Guid(b5dd081396f7dbd4fa8333db72feb6d8) Importer(815301076,1909f56bfc062723c751e8b465ee728b)
Start importing Assets/Game/Resources/Tokens/Warewolf/WerewolfToken.prefab using Guid(b5dd081396f7dbd4fa8333db72feb6d8) Importer(815301076,1909f56bfc062723c751e8b465ee728b)  -> (artifact id: '9b8967a13edd23bac58a7881a46e5a55') in 0.049215 seconds 
  Import took 0.104644 seconds .

========================================================================
Received Import Request.
  Time since last request: 9.022760 seconds.
  path: Assets/Game/Resources/Tokens/Vampire2/Vampire2Token.prefab
  artifactKey: Guid(db8241f1d757bd34e837014078ff379e) Importer(815301076,1909f56bfc062723c751e8b465ee728b)
Start importing Assets/Game/Resources/Tokens/Vampire2/Vampire2Token.prefab using Guid(db8241f1d757bd34e837014078ff379e) Importer(815301076,1909f56bfc062723c751e8b465ee728b)  -> (artifact id: '7004d2858e14450894c6ca5acdfd2703') in 0.047350 seconds 
  Import took 0.071890 seconds .

========================================================================
Received Import Request.
  Time since last request: 0.000630 seconds.
  path: Assets/Game/Resources/Tokens/Vampire2/Vampire2Token.prefab
  artifactKey: Guid(db8241f1d757bd34e837014078ff379e) Importer(815301076,1909f56bfc062723c751e8b465ee728b)
Start importing Assets/Game/Resources/Tokens/Vampire2/Vampire2Token.prefab using Guid(db8241f1d757bd34e837014078ff379e) Importer(815301076,1909f56bfc062723c751e8b465ee728b)  -> (artifact id: '7004d2858e14450894c6ca5acdfd2703') in 0.056931 seconds 
  Import took 0.064716 seconds .

========================================================================
Received Import Request.
  Time since last request: 7.688791 seconds.
  path: Assets/Game/Resources/Tokens/Vampire/VampireToken.prefab
  artifactKey: Guid(496bf7e11b131094f9cba5018e02ad4f) Importer(815301076,1909f56bfc062723c751e8b465ee728b)
Start importing Assets/Game/Resources/Tokens/Vampire/VampireToken.prefab using Guid(496bf7e11b131094f9cba5018e02ad4f) Importer(815301076,1909f56bfc062723c751e8b465ee728b)  -> (artifact id: '5be62f367509abbfd75ad5e8950b29e5') in 0.020521 seconds 
  Import took 0.028024 seconds .

========================================================================
Received Import Request.
  Time since last request: 6.464101 seconds.
  path: Assets/Game/Resources/Tokens/Soldier/SoldierToken.prefab
  artifactKey: Guid(682aaaac1883956458ee92c896035e5e) Importer(815301076,1909f56bfc062723c751e8b465ee728b)
Start importing Assets/Game/Resources/Tokens/Soldier/SoldierToken.prefab using Guid(682aaaac1883956458ee92c896035e5e) Importer(815301076,1909f56bfc062723c751e8b465ee728b)  -> (artifact id: 'a18a181d44da073b7d49a1893dcbea11') in 0.052266 seconds 
  Import took 0.085646 seconds .

========================================================================
Received Import Request.
  Time since last request: 12.176763 seconds.
  path: Assets/Game/Resources/Tokens/Knight/KnightToken.prefab
  artifactKey: Guid(e1f2c0c284d880844b9acddf28c6e70f) Importer(815301076,1909f56bfc062723c751e8b465ee728b)
Start importing Assets/Game/Resources/Tokens/Knight/KnightToken.prefab using Guid(e1f2c0c284d880844b9acddf28c6e70f) Importer(815301076,1909f56bfc062723c751e8b465ee728b)  -> (artifact id: 'a042a53e1813ab18d859337c9780e07f') in 0.020301 seconds 
  Import took 0.028248 seconds .

========================================================================
Received Import Request.
  Time since last request: 4.834806 seconds.
  path: Assets/Game/Resources/Tokens/Berserk/BerserkToken.prefab
  artifactKey: Guid(3765b07aed3aeda44b57c59f3a2d7aca) Importer(815301076,1909f56bfc062723c751e8b465ee728b)
Start importing Assets/Game/Resources/Tokens/Berserk/BerserkToken.prefab using Guid(3765b07aed3aeda44b57c59f3a2d7aca) Importer(815301076,1909f56bfc062723c751e8b465ee728b)  -> (artifact id: '3a5a062cd17731abf9d8e2e0827eca68') in 0.018908 seconds 
  Import took 0.053573 seconds .

========================================================================
Received Import Request.
  Time since last request: 0.003064 seconds.
  path: Assets/Game/Resources/Tokens/Berserk/BerserkToken.prefab
  artifactKey: Guid(3765b07aed3aeda44b57c59f3a2d7aca) Importer(815301076,1909f56bfc062723c751e8b465ee728b)
Start importing Assets/Game/Resources/Tokens/Berserk/BerserkToken.prefab using Guid(3765b07aed3aeda44b57c59f3a2d7aca) Importer(815301076,1909f56bfc062723c751e8b465ee728b)  -> (artifact id: '3a5a062cd17731abf9d8e2e0827eca68') in 0.018649 seconds 
  Import took 0.026244 seconds .

========================================================================
Received Import Request.
  Time since last request: 3.033537 seconds.
  path: Assets/Game/Resources/Tokens/Berserk/BerserkToken.prefab
  artifactKey: Guid(3765b07aed3aeda44b57c59f3a2d7aca) Importer(815301076,1909f56bfc062723c751e8b465ee728b)
Start importing Assets/Game/Resources/Tokens/Berserk/BerserkToken.prefab using Guid(3765b07aed3aeda44b57c59f3a2d7aca) Importer(815301076,1909f56bfc062723c751e8b465ee728b)  -> (artifact id: 'ab740e4e832437fb1244bee7fce9c66c') in 0.067981 seconds 
  Import took 0.076230 seconds .

========================================================================
Received Import Request.
  Time since last request: 3.452543 seconds.
  path: Assets/Game/Resources/Tokens/Archer/ArcherToken.prefab
  artifactKey: Guid(6d8f236a0a24f0145ad56e398aa3e92d) Importer(815301076,1909f56bfc062723c751e8b465ee728b)
Start importing Assets/Game/Resources/Tokens/Archer/ArcherToken.prefab using Guid(6d8f236a0a24f0145ad56e398aa3e92d) Importer(815301076,1909f56bfc062723c751e8b465ee728b)  -> (artifact id: '1f3780b25a1624fae8cc766fb6e5fcc8') in 0.019615 seconds 
  Import took 0.043194 seconds .

========================================================================
Received Import Request.
  Time since last request: 2.766175 seconds.
  path: Assets/Game/Resources/Tokens/Archer/ArcherToken.prefab
  artifactKey: Guid(6d8f236a0a24f0145ad56e398aa3e92d) Importer(815301076,1909f56bfc062723c751e8b465ee728b)
Start importing Assets/Game/Resources/Tokens/Archer/ArcherToken.prefab using Guid(6d8f236a0a24f0145ad56e398aa3e92d) Importer(815301076,1909f56bfc062723c751e8b465ee728b)  -> (artifact id: 'aeb8e172ea3b9c913b2781ee8ea159f4') in 0.043782 seconds 
  Import took 0.075728 seconds .

========================================================================
Received Import Request.
  Time since last request: 4.242435 seconds.
  path: Assets/Game/Resources/Tokens/Angel/AngelToken.prefab
  artifactKey: Guid(3adc0172cec7f044b9609c94e7159301) Importer(815301076,1909f56bfc062723c751e8b465ee728b)
Start importing Assets/Game/Resources/Tokens/Angel/AngelToken.prefab using Guid(3adc0172cec7f044b9609c94e7159301) Importer(815301076,1909f56bfc062723c751e8b465ee728b)  -> (artifact id: '1693521d60a74271309ee58cc476dca6') in 0.068474 seconds 
  Import took 0.095473 seconds .

========================================================================
Received Prepare
Registering precompiled user dll's ...
Registered in 0.174253 seconds.
Begin MonoManager ReloadAssembly
Native extension for WindowsStandalone target not found
Refreshing native plugins compatible for Editor in 1.00 ms, found 2 plugins.
Preloading 0 native plugins for Editor in 0.00 ms.
Mono: successfully reloaded assembly
- Completed reload, in  1.723 seconds
Platform modules already initialized, skipping
Shader 'Universal Render Pipeline/Particles/Lit': fallback shader 'Universal Render Pipeline/Particles/SimpleLit' not found
Refreshing native plugins compatible for Editor in 1.16 ms, found 2 plugins.
Preloading 0 native plugins for Editor in 0.00 ms.
Unloading 3865 Unused Serialized files (Serialized files now loaded: 0)
System memory in use before: 241.9 MB.
System memory in use after: 242.2 MB.

Unloading 26 unused Assets to reduce memory usage. Loaded Objects now: 4867.
Total: 3.743500 ms (FindLiveObjects: 0.386700 ms CreateObjectMapping: 0.151300 ms MarkObjects: 3.169600 ms  DeleteObjects: 0.034200 ms)

AssetImportParameters requested are different than current active one (requested -> active):
  custom:framework-win-MediaFoundation: 216162199b28c13a410421893ffa2e32 -> 
  custom:video-decoder-ogg-theora: a1e56fd34408186e4bbccfd4996cb3dc -> 
  custom:container-muxer-webm: aa71ff27fc2769a1b78a27578f13a17b -> 
  custom:container-demuxer-webm: 4f35f7cbe854078d1ac9338744f61a02 -> 
  custom:container-demuxer-ogg: 62fdf1f143b41e24485cea50d1cbac27 -> 
  custom:video-encoder-webm-vp8: eb34c28f22e8b96e1ab97ce403110664 -> 
  custom:video-decoder-webm-vp8: 9c59270c3fd7afecdb556c50c9e8de78 -> 
  custom:audio-decoder-ogg-vorbis: bf7c407c2cedff20999df2af8eb42d56 -> 
  custom:audio-encoder-webm-vorbis: bf7c407c2cedff20999df2af8eb42d56 -> 
========================================================================
Received Import Request.
  Time since last request: 418.474284 seconds.
  path: Assets/Game/Installation/TokensBagInstallerBox.cs
  artifactKey: Guid(56f66a75d17967e42916ce325ed25d73) Importer(815301076,1909f56bfc062723c751e8b465ee728b)
Start importing Assets/Game/Installation/TokensBagInstallerBox.cs using Guid(56f66a75d17967e42916ce325ed25d73) Importer(815301076,1909f56bfc062723c751e8b465ee728b)  -> (artifact id: '20b6d625a38a750d1c282d33bd9b757e') in 0.047224 seconds 
  Import took 0.101695 seconds .

========================================================================
Received Prepare
Registering precompiled user dll's ...
Registered in 0.007421 seconds.
Begin MonoManager ReloadAssembly
Native extension for WindowsStandalone target not found
Refreshing native plugins compatible for Editor in 0.97 ms, found 2 plugins.
Preloading 0 native plugins for Editor in 0.00 ms.
Mono: successfully reloaded assembly
- Completed reload, in  1.553 seconds
Platform modules already initialized, skipping
Shader 'Universal Render Pipeline/Particles/Lit': fallback shader 'Universal Render Pipeline/Particles/SimpleLit' not found
Refreshing native plugins compatible for Editor in 0.98 ms, found 2 plugins.
Preloading 0 native plugins for Editor in 0.00 ms.
Unloading 3866 Unused Serialized files (Serialized files now loaded: 0)
System memory in use before: 242.0 MB.
System memory in use after: 242.2 MB.

Unloading 26 unused Assets to reduce memory usage. Loaded Objects now: 4871.
Total: 3.548200 ms (FindLiveObjects: 0.383700 ms CreateObjectMapping: 0.161600 ms MarkObjects: 2.967100 ms  DeleteObjects: 0.034200 ms)

AssetImportParameters requested are different than current active one (requested -> active):
  custom:framework-win-MediaFoundation: 216162199b28c13a410421893ffa2e32 -> 
  custom:video-decoder-ogg-theora: a1e56fd34408186e4bbccfd4996cb3dc -> 
  custom:container-muxer-webm: aa71ff27fc2769a1b78a27578f13a17b -> 
  custom:container-demuxer-webm: 4f35f7cbe854078d1ac9338744f61a02 -> 
  custom:container-demuxer-ogg: 62fdf1f143b41e24485cea50d1cbac27 -> 
  custom:video-encoder-webm-vp8: eb34c28f22e8b96e1ab97ce403110664 -> 
  custom:video-decoder-webm-vp8: 9c59270c3fd7afecdb556c50c9e8de78 -> 
  custom:audio-decoder-ogg-vorbis: bf7c407c2cedff20999df2af8eb42d56 -> 
  custom:audio-encoder-webm-vorbis: bf7c407c2cedff20999df2af8eb42d56 -> 
========================================================================
Received Import Request.
  Time since last request: 1078.426220 seconds.
  path: Assets/Game/Scripts/TokenSpawner/TokensBag.cs
  artifactKey: Guid(4706edf4c93668441ac5b248157473f0) Importer(815301076,1909f56bfc062723c751e8b465ee728b)
Start importing Assets/Game/Scripts/TokenSpawner/TokensBag.cs using Guid(4706edf4c93668441ac5b248157473f0) Importer(815301076,1909f56bfc062723c751e8b465ee728b)  -> (artifact id: '6c30385004f23fa8118cd7fa856245f9') in 0.020776 seconds 
  Import took 0.055768 seconds .

========================================================================
Received Prepare
Registering precompiled user dll's ...
Registered in 0.009290 seconds.
Begin MonoManager ReloadAssembly
Native extension for WindowsStandalone target not found
Refreshing native plugins compatible for Editor in 1.09 ms, found 2 plugins.
Preloading 0 native plugins for Editor in 0.00 ms.
Mono: successfully reloaded assembly
- Completed reload, in  2.240 seconds
Platform modules already initialized, skipping
Shader 'Universal Render Pipeline/Particles/Lit': fallback shader 'Universal Render Pipeline/Particles/SimpleLit' not found
Refreshing native plugins compatible for Editor in 1.23 ms, found 2 plugins.
Preloading 0 native plugins for Editor in 0.00 ms.
Unloading 3867 Unused Serialized files (Serialized files now loaded: 0)
System memory in use before: 242.0 MB.
System memory in use after: 242.3 MB.

Unloading 26 unused Assets to reduce memory usage. Loaded Objects now: 4875.
Total: 4.708800 ms (FindLiveObjects: 0.603200 ms CreateObjectMapping: 0.208000 ms MarkObjects: 3.858600 ms  DeleteObjects: 0.036900 ms)

AssetImportParameters requested are different than current active one (requested -> active):
  custom:framework-win-MediaFoundation: 216162199b28c13a410421893ffa2e32 -> 
  custom:video-decoder-ogg-theora: a1e56fd34408186e4bbccfd4996cb3dc -> 
  custom:container-muxer-webm: aa71ff27fc2769a1b78a27578f13a17b -> 
  custom:container-demuxer-webm: 4f35f7cbe854078d1ac9338744f61a02 -> 
  custom:container-demuxer-ogg: 62fdf1f143b41e24485cea50d1cbac27 -> 
  custom:video-encoder-webm-vp8: eb34c28f22e8b96e1ab97ce403110664 -> 
  custom:video-decoder-webm-vp8: 9c59270c3fd7afecdb556c50c9e8de78 -> 
  custom:audio-decoder-ogg-vorbis: bf7c407c2cedff20999df2af8eb42d56 -> 
  custom:audio-encoder-webm-vorbis: bf7c407c2cedff20999df2af8eb42d56 -> 
========================================================================
Received Prepare
Registering precompiled user dll's ...
Registered in 0.100219 seconds.
Begin MonoManager ReloadAssembly
Native extension for WindowsStandalone target not found
Refreshing native plugins compatible for Editor in 0.95 ms, found 2 plugins.
Preloading 0 native plugins for Editor in 0.00 ms.
Mono: successfully reloaded assembly
- Completed reload, in  3.953 seconds
Platform modules already initialized, skipping
