Using pre-set license
Built from '2020.3/release' branch; Version is '2020.3.12f1 (b3b2c6512326) revision 11776710'; Using compiler version '192528614'; Build Type 'Release'
OS: 'Windows 10 Pro; OS build 19043.1055; Version 2009; 64bit' Language: 'ru' Physical Memory: 4077 MB
BatchMode: 1, IsHumanControllingUs: 0, StartBugReporterOnCrash: 0, Is64bit: 1, IsPro: 0

 COMMAND LINE ARGUMENTS:
C:\Program Files\Unity\2020.3.12f1\Editor\Unity.exe
-adb2
-batchMode
-noUpm
-name
AssetImportWorker18
-projectPath
D:/Projects2021/Epic Battle Tactics
-logFile
Logs/AssetImportWorker18.log
-srvPort
61595
Successfully changed project path to: D:/Projects2021/Epic Battle Tactics
D:/Projects2021/Epic Battle Tactics
Using Asset Import Pipeline V2.
Refreshing native plugins compatible for Editor in 214.55 ms, found 2 plugins.
Preloading 0 native plugins for Editor in 0.00 ms.
Initialize engine version: 2020.3.12f1 (b3b2c6512326)
[Subsystems] Discovering subsystems at path C:/Program Files/Unity/2020.3.12f1/Editor/Data/Resources/UnitySubsystems
[Subsystems] Discovering subsystems at path D:/Projects2021/Epic Battle Tactics/Assets
GfxDevice: creating device client; threaded=0
Direct3D:
    Version:  Direct3D 11.0 [level 11.0]
    Renderer: NVIDIA GeForce GTX 560 (ID=0x1201)
    Vendor:   
    VRAM:     979 MB
    Driver:   23.21.13.8813
Shader 'Universal Render Pipeline/Particles/Lit': fallback shader 'Universal Render Pipeline/Particles/SimpleLit' not found
Initialize mono
Mono path[0] = 'C:/Program Files/Unity/2020.3.12f1/Editor/Data/Managed'
Mono path[1] = 'C:/Program Files/Unity/2020.3.12f1/Editor/Data/MonoBleedingEdge/lib/mono/unityjit'
Mono config path = 'C:/Program Files/Unity/2020.3.12f1/Editor/Data/MonoBleedingEdge/etc'
Using monoOptions --debugger-agent=transport=dt_socket,embedding=1,server=y,suspend=n,address=127.0.0.1:56216
Begin MonoManager ReloadAssembly
Registering precompiled unity dll's ...
Register platform support module: C:/Program Files/Unity/2020.3.12f1/Editor/Data/PlaybackEngines/WindowsStandaloneSupport/UnityEditor.WindowsStandalone.Extensions.dll
Registered in 0.001989 seconds.
Native extension for WindowsStandalone target not found
Refreshing native plugins compatible for Editor in 102.08 ms, found 2 plugins.
Preloading 0 native plugins for Editor in 0.00 ms.
Mono: successfully reloaded assembly
- Completed reload, in  2.204 seconds
Platform modules already initialized, skipping
Registering precompiled user dll's ...
Registered in 0.007708 seconds.
Begin MonoManager ReloadAssembly
Native extension for WindowsStandalone target not found
Refreshing native plugins compatible for Editor in 107.46 ms, found 2 plugins.
Preloading 0 native plugins for Editor in 0.00 ms.
Mono: successfully reloaded assembly
- Completed reload, in  7.016 seconds
Platform modules already initialized, skipping
========================================================================
Worker process is ready to serve import requests
Shader 'Universal Render Pipeline/Particles/Lit': fallback shader 'Universal Render Pipeline/Particles/SimpleLit' not found
Launched and connected shader compiler UnityShaderCompiler.exe after 0.74 seconds
Refreshing native plugins compatible for Editor in 1.53 ms, found 2 plugins.
Preloading 0 native plugins for Editor in 0.00 ms.
Unloading 3952 Unused Serialized files (Serialized files now loaded: 0)
System memory in use before: 242.5 MB.
System memory in use after: 242.7 MB.

Unloading 33 unused Assets to reduce memory usage. Loaded Objects now: 4395.
Total: 4.162400 ms (FindLiveObjects: 0.463000 ms CreateObjectMapping: 0.294300 ms MarkObjects: 3.275000 ms  DeleteObjects: 0.128200 ms)

AssetImportParameters requested are different than current active one (requested -> active):
  custom:framework-win-MediaFoundation: 216162199b28c13a410421893ffa2e32 -> 
  custom:video-decoder-ogg-theora: a1e56fd34408186e4bbccfd4996cb3dc -> 
  custom:container-muxer-webm: aa71ff27fc2769a1b78a27578f13a17b -> 
  custom:container-demuxer-webm: 4f35f7cbe854078d1ac9338744f61a02 -> 
  custom:container-demuxer-ogg: 62fdf1f143b41e24485cea50d1cbac27 -> 
  custom:video-encoder-webm-vp8: eb34c28f22e8b96e1ab97ce403110664 -> 
  custom:video-decoder-webm-vp8: 9c59270c3fd7afecdb556c50c9e8de78 -> 
  custom:audio-decoder-ogg-vorbis: bf7c407c2cedff20999df2af8eb42d56 -> 
  custom:audio-encoder-webm-vorbis: bf7c407c2cedff20999df2af8eb42d56 -> 
========================================================================
Received Import Request.
  path: Assets/Game/Shaders/Billboard/Billboard.mat
  artifactKey: Guid(e4ce6c6cef4ff974ba7f972408401d33) Importer(815301076,1909f56bfc062723c751e8b465ee728b)
Start importing Assets/Game/Shaders/Billboard/Billboard.mat using Guid(e4ce6c6cef4ff974ba7f972408401d33) Importer(815301076,1909f56bfc062723c751e8b465ee728b)  -> (artifact id: 'a2b1f4f849fead9eacdbd60c06d2e1f7') in 4.425087 seconds 
  Import took 4.662905 seconds .

========================================================================
Received Import Request.
  Time since last request: 0.000637 seconds.
  path: Assets/Game/Shaders/Billboard
  artifactKey: Guid(18faec0145c269743915138068adb5b3) Importer(815301076,1909f56bfc062723c751e8b465ee728b)
Start importing Assets/Game/Shaders/Billboard using Guid(18faec0145c269743915138068adb5b3) Importer(815301076,1909f56bfc062723c751e8b465ee728b)  -> (artifact id: '330fa1330c76875218924468bb85d3a8') in 0.004190 seconds 
  Import took 0.137276 seconds .

========================================================================
Received Import Request.
  Time since last request: 0.000533 seconds.
  path: Assets/Game/Shaders/Billboard/Billboard.shadergraph
  artifactKey: Guid(fcae56a76df9972459a5ef98bfeccb47) Importer(815301076,1909f56bfc062723c751e8b465ee728b)
Start importing Assets/Game/Shaders/Billboard/Billboard.shadergraph using Guid(fcae56a76df9972459a5ef98bfeccb47) Importer(815301076,1909f56bfc062723c751e8b465ee728b)  -> (artifact id: '3a015e8fe0bc44ea66ede51bbd527062') in 0.008164 seconds 
  Import took 0.139148 seconds .

========================================================================
Received Import Request.
  Time since last request: 0.000524 seconds.
  path: Assets/Game/Shaders/TokenQuad/TokenQuadMaterial.cs
  artifactKey: Guid(9df598d37c4c59644ada770d05d80c8f) Importer(815301076,1909f56bfc062723c751e8b465ee728b)
Start importing Assets/Game/Shaders/TokenQuad/TokenQuadMaterial.cs using Guid(9df598d37c4c59644ada770d05d80c8f) Importer(815301076,1909f56bfc062723c751e8b465ee728b)  -> (artifact id: 'ddfadb449e285ba22509e09d794cdbd9') in 0.169098 seconds 
  Import took 0.234983 seconds .

========================================================================
Received Import Request.
  Time since last request: 208.780271 seconds.
  path: Assets/Game/Shaders/Billboard/BillboardMaterial.cs
  artifactKey: Guid(340d1abbf355b7d49b609027e086cc4b) Importer(815301076,1909f56bfc062723c751e8b465ee728b)
Start importing Assets/Game/Shaders/Billboard/BillboardMaterial.cs using Guid(340d1abbf355b7d49b609027e086cc4b) Importer(815301076,1909f56bfc062723c751e8b465ee728b)  -> (artifact id: '0e995e9f1f8f58f58042f9ed5a4d9ac8') in 0.052964 seconds 
  Import took 0.194872 seconds .

========================================================================
Received Prepare
Registering precompiled user dll's ...
Registered in 0.131450 seconds.
Begin MonoManager ReloadAssembly
Native extension for WindowsStandalone target not found
Refreshing native plugins compatible for Editor in 0.95 ms, found 2 plugins.
Preloading 0 native plugins for Editor in 0.00 ms.
Mono: successfully reloaded assembly
- Completed reload, in  2.210 seconds
Platform modules already initialized, skipping
Shader 'Universal Render Pipeline/Particles/Lit': fallback shader 'Universal Render Pipeline/Particles/SimpleLit' not found
Refreshing native plugins compatible for Editor in 1.50 ms, found 2 plugins.
Preloading 0 native plugins for Editor in 0.00 ms.
Unloading 3822 Unused Serialized files (Serialized files now loaded: 0)
System memory in use before: 239.0 MB.
System memory in use after: 239.2 MB.

Unloading 26 unused Assets to reduce memory usage. Loaded Objects now: 4478.
Total: 25.149700 ms (FindLiveObjects: 0.451400 ms CreateObjectMapping: 0.176700 ms MarkObjects: 24.477800 ms  DeleteObjects: 0.041400 ms)

AssetImportParameters requested are different than current active one (requested -> active):
  custom:framework-win-MediaFoundation: 216162199b28c13a410421893ffa2e32 -> 
  custom:video-decoder-ogg-theora: a1e56fd34408186e4bbccfd4996cb3dc -> 
  custom:container-muxer-webm: aa71ff27fc2769a1b78a27578f13a17b -> 
  custom:container-demuxer-webm: 4f35f7cbe854078d1ac9338744f61a02 -> 
  custom:container-demuxer-ogg: 62fdf1f143b41e24485cea50d1cbac27 -> 
  custom:video-encoder-webm-vp8: eb34c28f22e8b96e1ab97ce403110664 -> 
  custom:video-decoder-webm-vp8: 9c59270c3fd7afecdb556c50c9e8de78 -> 
  custom:audio-decoder-ogg-vorbis: bf7c407c2cedff20999df2af8eb42d56 -> 
  custom:audio-encoder-webm-vorbis: bf7c407c2cedff20999df2af8eb42d56 -> 
========================================================================
Received Prepare
Registering precompiled user dll's ...
Registered in 0.068300 seconds.
Begin MonoManager ReloadAssembly
Native extension for WindowsStandalone target not found
Refreshing native plugins compatible for Editor in 0.96 ms, found 2 plugins.
Preloading 0 native plugins for Editor in 0.00 ms.
Mono: successfully reloaded assembly
- Completed reload, in  2.892 seconds
Platform modules already initialized, skipping
Shader 'Universal Render Pipeline/Particles/Lit': fallback shader 'Universal Render Pipeline/Particles/SimpleLit' not found
Refreshing native plugins compatible for Editor in 1.82 ms, found 2 plugins.
Preloading 0 native plugins for Editor in 0.00 ms.
Unloading 3822 Unused Serialized files (Serialized files now loaded: 0)
System memory in use before: 239.1 MB.
System memory in use after: 239.3 MB.

Unloading 26 unused Assets to reduce memory usage. Loaded Objects now: 4481.
Total: 80.217300 ms (FindLiveObjects: 0.410700 ms CreateObjectMapping: 0.178700 ms MarkObjects: 3.557500 ms  DeleteObjects: 76.068600 ms)

AssetImportParameters requested are different than current active one (requested -> active):
  custom:framework-win-MediaFoundation: 216162199b28c13a410421893ffa2e32 -> 
  custom:video-decoder-ogg-theora: a1e56fd34408186e4bbccfd4996cb3dc -> 
  custom:container-muxer-webm: aa71ff27fc2769a1b78a27578f13a17b -> 
  custom:container-demuxer-webm: 4f35f7cbe854078d1ac9338744f61a02 -> 
  custom:container-demuxer-ogg: 62fdf1f143b41e24485cea50d1cbac27 -> 
  custom:video-encoder-webm-vp8: eb34c28f22e8b96e1ab97ce403110664 -> 
  custom:video-decoder-webm-vp8: 9c59270c3fd7afecdb556c50c9e8de78 -> 
  custom:audio-decoder-ogg-vorbis: bf7c407c2cedff20999df2af8eb42d56 -> 
  custom:audio-encoder-webm-vorbis: bf7c407c2cedff20999df2af8eb42d56 -> 
========================================================================
Received Import Request.
  Time since last request: 410.954926 seconds.
  path: Assets/Game/Shaders/Billboard/BillboardMaterial.cs
  artifactKey: Guid(340d1abbf355b7d49b609027e086cc4b) Importer(815301076,1909f56bfc062723c751e8b465ee728b)
Start importing Assets/Game/Shaders/Billboard/BillboardMaterial.cs using Guid(340d1abbf355b7d49b609027e086cc4b) Importer(815301076,1909f56bfc062723c751e8b465ee728b)  -> (artifact id: '14d645c16027836edcb73e18cabec620') in 0.008367 seconds 
  Import took 0.354139 seconds .

========================================================================
Received Import Request.
  Time since last request: 804.165882 seconds.
  path: Assets/Game/UI/Billboard/Billboard1.png
  artifactKey: Guid(e12f21a1974035a4580e1a3a1fd8ba20) Importer(815301076,1909f56bfc062723c751e8b465ee728b)
Start importing Assets/Game/UI/Billboard/Billboard1.png using Guid(e12f21a1974035a4580e1a3a1fd8ba20) Importer(815301076,1909f56bfc062723c751e8b465ee728b)  -> (artifact id: 'ac4a935ae9bb1646f3940fe3cc08e288') in 3.082429 seconds 
  Import took 3.258788 seconds .

========================================================================
Received Import Request.
  Time since last request: 22.116268 seconds.
  path: Assets/Game/UI/Billboard/Billboard1.png
  artifactKey: Guid(e12f21a1974035a4580e1a3a1fd8ba20) Importer(815301076,1909f56bfc062723c751e8b465ee728b)
Start importing Assets/Game/UI/Billboard/Billboard1.png using Guid(e12f21a1974035a4580e1a3a1fd8ba20) Importer(815301076,1909f56bfc062723c751e8b465ee728b)  -> (artifact id: '08b6999bfc04a51adab9dbd6a7b632ac') in 0.368836 seconds 
  Import took 0.551065 seconds .

========================================================================
Received Prepare
Registering precompiled user dll's ...
Registered in 0.375848 seconds.
Begin MonoManager ReloadAssembly
Native extension for WindowsStandalone target not found
Refreshing native plugins compatible for Editor in 1.17 ms, found 2 plugins.
Preloading 0 native plugins for Editor in 0.00 ms.
Mono: successfully reloaded assembly
- Completed reload, in 56.393 seconds
Platform modules already initialized, skipping
Shader 'Universal Render Pipeline/Particles/Lit': fallback shader 'Universal Render Pipeline/Particles/SimpleLit' not found
Refreshing native plugins compatible for Editor in 50.94 ms, found 2 plugins.
Preloading 0 native plugins for Editor in 0.00 ms.
Unloading 3822 Unused Serialized files (Serialized files now loaded: 0)
System memory in use before: 239.1 MB.
System memory in use after: 239.4 MB.

Unloading 26 unused Assets to reduce memory usage. Loaded Objects now: 4486.
Total: 432.567400 ms (FindLiveObjects: 121.256200 ms CreateObjectMapping: 64.702200 ms MarkObjects: 245.822600 ms  DeleteObjects: 0.775000 ms)

AssetImportParameters requested are different than current active one (requested -> active):
  custom:framework-win-MediaFoundation: 216162199b28c13a410421893ffa2e32 -> 
  custom:video-decoder-ogg-theora: a1e56fd34408186e4bbccfd4996cb3dc -> 
  custom:container-muxer-webm: aa71ff27fc2769a1b78a27578f13a17b -> 
  custom:container-demuxer-webm: 4f35f7cbe854078d1ac9338744f61a02 -> 
  custom:container-demuxer-ogg: 62fdf1f143b41e24485cea50d1cbac27 -> 
  custom:video-encoder-webm-vp8: eb34c28f22e8b96e1ab97ce403110664 -> 
  custom:video-decoder-webm-vp8: 9c59270c3fd7afecdb556c50c9e8de78 -> 
  custom:audio-decoder-ogg-vorbis: bf7c407c2cedff20999df2af8eb42d56 -> 
  custom:audio-encoder-webm-vorbis: bf7c407c2cedff20999df2af8eb42d56 -> 
========================================================================
Received Prepare
Registering precompiled user dll's ...
Registered in 0.342002 seconds.
Begin MonoManager ReloadAssembly
Native extension for WindowsStandalone target not found
Refreshing native plugins compatible for Editor in 1.04 ms, found 2 plugins.
Preloading 0 native plugins for Editor in 0.00 ms.
Mono: successfully reloaded assembly
- Completed reload, in  8.057 seconds
Platform modules already initialized, skipping
Shader 'Universal Render Pipeline/Particles/Lit': fallback shader 'Universal Render Pipeline/Particles/SimpleLit' not found
Refreshing native plugins compatible for Editor in 1.08 ms, found 2 plugins.
Preloading 0 native plugins for Editor in 0.00 ms.
Unloading 3822 Unused Serialized files (Serialized files now loaded: 0)
System memory in use before: 239.1 MB.
System memory in use after: 239.4 MB.

Unloading 26 unused Assets to reduce memory usage. Loaded Objects now: 4489.
Total: 3.257500 ms (FindLiveObjects: 0.359900 ms CreateObjectMapping: 0.163800 ms MarkObjects: 2.689200 ms  DeleteObjects: 0.042900 ms)

AssetImportParameters requested are different than current active one (requested -> active):
  custom:framework-win-MediaFoundation: 216162199b28c13a410421893ffa2e32 -> 
  custom:video-decoder-ogg-theora: a1e56fd34408186e4bbccfd4996cb3dc -> 
  custom:container-muxer-webm: aa71ff27fc2769a1b78a27578f13a17b -> 
  custom:container-demuxer-webm: 4f35f7cbe854078d1ac9338744f61a02 -> 
  custom:container-demuxer-ogg: 62fdf1f143b41e24485cea50d1cbac27 -> 
  custom:video-encoder-webm-vp8: eb34c28f22e8b96e1ab97ce403110664 -> 
  custom:video-decoder-webm-vp8: 9c59270c3fd7afecdb556c50c9e8de78 -> 
  custom:audio-decoder-ogg-vorbis: bf7c407c2cedff20999df2af8eb42d56 -> 
  custom:audio-encoder-webm-vorbis: bf7c407c2cedff20999df2af8eb42d56 -> 
========================================================================
Received Prepare
Registering precompiled user dll's ...
Registered in 0.543935 seconds.
Begin MonoManager ReloadAssembly
Native extension for WindowsStandalone target not found
Refreshing native plugins compatible for Editor in 1.07 ms, found 2 plugins.
Preloading 0 native plugins for Editor in 0.00 ms.
Mono: successfully reloaded assembly
- Completed reload, in  9.260 seconds
Platform modules already initialized, skipping
Shader 'Universal Render Pipeline/Particles/Lit': fallback shader 'Universal Render Pipeline/Particles/SimpleLit' not found
Refreshing native plugins compatible for Editor in 1.00 ms, found 2 plugins.
Preloading 0 native plugins for Editor in 0.00 ms.
Unloading 3822 Unused Serialized files (Serialized files now loaded: 0)
System memory in use before: 239.1 MB.
System memory in use after: 239.4 MB.

Unloading 26 unused Assets to reduce memory usage. Loaded Objects now: 4492.
Total: 4.148400 ms (FindLiveObjects: 0.528200 ms CreateObjectMapping: 0.174200 ms MarkObjects: 3.404800 ms  DeleteObjects: 0.038500 ms)

AssetImportParameters requested are different than current active one (requested -> active):
  custom:framework-win-MediaFoundation: 216162199b28c13a410421893ffa2e32 -> 
  custom:video-decoder-ogg-theora: a1e56fd34408186e4bbccfd4996cb3dc -> 
  custom:container-muxer-webm: aa71ff27fc2769a1b78a27578f13a17b -> 
  custom:container-demuxer-webm: 4f35f7cbe854078d1ac9338744f61a02 -> 
  custom:container-demuxer-ogg: 62fdf1f143b41e24485cea50d1cbac27 -> 
  custom:video-encoder-webm-vp8: eb34c28f22e8b96e1ab97ce403110664 -> 
  custom:video-decoder-webm-vp8: 9c59270c3fd7afecdb556c50c9e8de78 -> 
  custom:audio-decoder-ogg-vorbis: bf7c407c2cedff20999df2af8eb42d56 -> 
  custom:audio-encoder-webm-vorbis: bf7c407c2cedff20999df2af8eb42d56 -> 
========================================================================
Received Import Request.
  Time since last request: 897.031719 seconds.
  path: Assets/Game/UI/CellPanel/Billboard2.png
  artifactKey: Guid(0c90907c96b6e6e43a3312f9688f2bde) Importer(815301076,1909f56bfc062723c751e8b465ee728b)
Start importing Assets/Game/UI/CellPanel/Billboard2.png using Guid(0c90907c96b6e6e43a3312f9688f2bde) Importer(815301076,1909f56bfc062723c751e8b465ee728b)  -> (artifact id: '24f89062646b66bfa0a9ce0b03e013a5') in 3.408593 seconds 
  Import took 3.726203 seconds .

========================================================================
Received Import Request.
  Time since last request: 7.009126 seconds.
  path: Assets/Game/UI/CellPanel/Billboard2.png
  artifactKey: Guid(0c90907c96b6e6e43a3312f9688f2bde) Importer(815301076,1909f56bfc062723c751e8b465ee728b)
Start importing Assets/Game/UI/CellPanel/Billboard2.png using Guid(0c90907c96b6e6e43a3312f9688f2bde) Importer(815301076,1909f56bfc062723c751e8b465ee728b)  -> (artifact id: '24f89062646b66bfa0a9ce0b03e013a5') in 0.319178 seconds 
  Import took 0.396574 seconds .

========================================================================
Received Prepare
Registering precompiled user dll's ...
Registered in 0.115772 seconds.
Begin MonoManager ReloadAssembly
Native extension for WindowsStandalone target not found
Refreshing native plugins compatible for Editor in 0.88 ms, found 2 plugins.
Preloading 0 native plugins for Editor in 0.00 ms.
Mono: successfully reloaded assembly
- Completed reload, in  9.291 seconds
Platform modules already initialized, skipping
Shader 'Universal Render Pipeline/Particles/Lit': fallback shader 'Universal Render Pipeline/Particles/SimpleLit' not found
Refreshing native plugins compatible for Editor in 1.54 ms, found 2 plugins.
Preloading 0 native plugins for Editor in 0.00 ms.
Unloading 3822 Unused Serialized files (Serialized files now loaded: 0)
System memory in use before: 239.2 MB.
System memory in use after: 239.4 MB.

Unloading 26 unused Assets to reduce memory usage. Loaded Objects now: 4495.
Total: 3.290900 ms (FindLiveObjects: 0.372400 ms CreateObjectMapping: 0.160300 ms MarkObjects: 2.728400 ms  DeleteObjects: 0.027300 ms)

AssetImportParameters requested are different than current active one (requested -> active):
  custom:framework-win-MediaFoundation: 216162199b28c13a410421893ffa2e32 -> 
  custom:video-decoder-ogg-theora: a1e56fd34408186e4bbccfd4996cb3dc -> 
  custom:container-muxer-webm: aa71ff27fc2769a1b78a27578f13a17b -> 
  custom:container-demuxer-webm: 4f35f7cbe854078d1ac9338744f61a02 -> 
  custom:container-demuxer-ogg: 62fdf1f143b41e24485cea50d1cbac27 -> 
  custom:video-encoder-webm-vp8: eb34c28f22e8b96e1ab97ce403110664 -> 
  custom:video-decoder-webm-vp8: 9c59270c3fd7afecdb556c50c9e8de78 -> 
  custom:audio-decoder-ogg-vorbis: bf7c407c2cedff20999df2af8eb42d56 -> 
  custom:audio-encoder-webm-vorbis: bf7c407c2cedff20999df2af8eb42d56 -> 
========================================================================
Received Import Request.
  Time since last request: 288.241714 seconds.
  path: Assets/Game/UI/MenuIcon
  artifactKey: Guid(d6d386092063fef46b3d2a0ae40fae43) Importer(815301076,1909f56bfc062723c751e8b465ee728b)
Start importing Assets/Game/UI/MenuIcon using Guid(d6d386092063fef46b3d2a0ae40fae43) Importer(815301076,1909f56bfc062723c751e8b465ee728b)  -> (artifact id: '10141dbbac3740e320c486f2a0b165d0') in 0.291140 seconds 
  Import took 0.535587 seconds .

========================================================================
Received Import Request.
  Time since last request: 119.883159 seconds.
  path: Assets/Game/UI/RotationButtons/Billboard3.png
  artifactKey: Guid(a59dc48a2b03a904bb1ec6cd9590dfc9) Importer(815301076,1909f56bfc062723c751e8b465ee728b)
Start importing Assets/Game/UI/RotationButtons/Billboard3.png using Guid(a59dc48a2b03a904bb1ec6cd9590dfc9) Importer(815301076,1909f56bfc062723c751e8b465ee728b)  -> (artifact id: '4e2ad0c3d170c622d5f67b0b3497208b') in 0.694029 seconds 
  Import took 0.737972 seconds .

========================================================================
Received Import Request.
  Time since last request: 12.269395 seconds.
  path: Assets/Game/UI/CellPanel/Billboard3.png
  artifactKey: Guid(a59dc48a2b03a904bb1ec6cd9590dfc9) Importer(815301076,1909f56bfc062723c751e8b465ee728b)
Start importing Assets/Game/UI/CellPanel/Billboard3.png using Guid(a59dc48a2b03a904bb1ec6cd9590dfc9) Importer(815301076,1909f56bfc062723c751e8b465ee728b)  -> (artifact id: 'ac932bcd8ca46aabc286682fcdf5f611') in 0.440520 seconds 
  Import took 0.558325 seconds .

========================================================================
Received Prepare
Registering precompiled user dll's ...
Registered in 0.194326 seconds.
Begin MonoManager ReloadAssembly
Native extension for WindowsStandalone target not found
Refreshing native plugins compatible for Editor in 1.02 ms, found 2 plugins.
Preloading 0 native plugins for Editor in 0.00 ms.
Mono: successfully reloaded assembly
- Completed reload, in  2.626 seconds
Platform modules already initialized, skipping
Shader 'Universal Render Pipeline/Particles/Lit': fallback shader 'Universal Render Pipeline/Particles/SimpleLit' not found
Refreshing native plugins compatible for Editor in 1.99 ms, found 2 plugins.
Preloading 0 native plugins for Editor in 0.00 ms.
Unloading 3822 Unused Serialized files (Serialized files now loaded: 0)
System memory in use before: 239.2 MB.
System memory in use after: 239.4 MB.

Unloading 26 unused Assets to reduce memory usage. Loaded Objects now: 4498.
Total: 6.321600 ms (FindLiveObjects: 0.499200 ms CreateObjectMapping: 0.167100 ms MarkObjects: 5.609400 ms  DeleteObjects: 0.042300 ms)

AssetImportParameters requested are different than current active one (requested -> active):
  custom:framework-win-MediaFoundation: 216162199b28c13a410421893ffa2e32 -> 
  custom:video-decoder-ogg-theora: a1e56fd34408186e4bbccfd4996cb3dc -> 
  custom:container-muxer-webm: aa71ff27fc2769a1b78a27578f13a17b -> 
  custom:container-demuxer-webm: 4f35f7cbe854078d1ac9338744f61a02 -> 
  custom:container-demuxer-ogg: 62fdf1f143b41e24485cea50d1cbac27 -> 
  custom:video-encoder-webm-vp8: eb34c28f22e8b96e1ab97ce403110664 -> 
  custom:video-decoder-webm-vp8: 9c59270c3fd7afecdb556c50c9e8de78 -> 
  custom:audio-decoder-ogg-vorbis: bf7c407c2cedff20999df2af8eb42d56 -> 
  custom:audio-encoder-webm-vorbis: bf7c407c2cedff20999df2af8eb42d56 -> 
========================================================================
Received Prepare
Registering precompiled user dll's ...
Registered in 0.255222 seconds.
Begin MonoManager ReloadAssembly
Native extension for WindowsStandalone target not found
Refreshing native plugins compatible for Editor in 0.90 ms, found 2 plugins.
Preloading 0 native plugins for Editor in 0.00 ms.
Mono: successfully reloaded assembly
- Completed reload, in  8.648 seconds
Platform modules already initialized, skipping
Shader 'Universal Render Pipeline/Particles/Lit': fallback shader 'Universal Render Pipeline/Particles/SimpleLit' not found
Refreshing native plugins compatible for Editor in 0.96 ms, found 2 plugins.
Preloading 0 native plugins for Editor in 0.00 ms.
Unloading 3822 Unused Serialized files (Serialized files now loaded: 0)
System memory in use before: 239.2 MB.
System memory in use after: 239.4 MB.

Unloading 26 unused Assets to reduce memory usage. Loaded Objects now: 4501.
Total: 5.270500 ms (FindLiveObjects: 1.569600 ms CreateObjectMapping: 0.380900 ms MarkObjects: 3.269400 ms  DeleteObjects: 0.047600 ms)

AssetImportParameters requested are different than current active one (requested -> active):
  custom:framework-win-MediaFoundation: 216162199b28c13a410421893ffa2e32 -> 
  custom:video-decoder-ogg-theora: a1e56fd34408186e4bbccfd4996cb3dc -> 
  custom:container-muxer-webm: aa71ff27fc2769a1b78a27578f13a17b -> 
  custom:container-demuxer-webm: 4f35f7cbe854078d1ac9338744f61a02 -> 
  custom:container-demuxer-ogg: 62fdf1f143b41e24485cea50d1cbac27 -> 
  custom:video-encoder-webm-vp8: eb34c28f22e8b96e1ab97ce403110664 -> 
  custom:video-decoder-webm-vp8: 9c59270c3fd7afecdb556c50c9e8de78 -> 
  custom:audio-decoder-ogg-vorbis: bf7c407c2cedff20999df2af8eb42d56 -> 
  custom:audio-encoder-webm-vorbis: bf7c407c2cedff20999df2af8eb42d56 -> 
========================================================================
Received Prepare
Registering precompiled user dll's ...
Registered in 0.619111 seconds.
Begin MonoManager ReloadAssembly
Native extension for WindowsStandalone target not found
Refreshing native plugins compatible for Editor in 1.27 ms, found 2 plugins.
Preloading 0 native plugins for Editor in 0.00 ms.
Mono: successfully reloaded assembly
- Completed reload, in  9.798 seconds
Platform modules already initialized, skipping
Shader 'Universal Render Pipeline/Particles/Lit': fallback shader 'Universal Render Pipeline/Particles/SimpleLit' not found
Refreshing native plugins compatible for Editor in 129.52 ms, found 2 plugins.
Preloading 0 native plugins for Editor in 0.00 ms.
Unloading 3822 Unused Serialized files (Serialized files now loaded: 0)
System memory in use before: 239.2 MB.
System memory in use after: 239.4 MB.

Unloading 26 unused Assets to reduce memory usage. Loaded Objects now: 4504.
Total: 335.911100 ms (FindLiveObjects: 205.303200 ms CreateObjectMapping: 0.497200 ms MarkObjects: 130.005600 ms  DeleteObjects: 0.099200 ms)

AssetImportParameters requested are different than current active one (requested -> active):
  custom:framework-win-MediaFoundation: 216162199b28c13a410421893ffa2e32 -> 
  custom:video-decoder-ogg-theora: a1e56fd34408186e4bbccfd4996cb3dc -> 
  custom:container-muxer-webm: aa71ff27fc2769a1b78a27578f13a17b -> 
  custom:container-demuxer-webm: 4f35f7cbe854078d1ac9338744f61a02 -> 
  custom:container-demuxer-ogg: 62fdf1f143b41e24485cea50d1cbac27 -> 
  custom:video-encoder-webm-vp8: eb34c28f22e8b96e1ab97ce403110664 -> 
  custom:video-decoder-webm-vp8: 9c59270c3fd7afecdb556c50c9e8de78 -> 
  custom:audio-decoder-ogg-vorbis: bf7c407c2cedff20999df2af8eb42d56 -> 
  custom:audio-encoder-webm-vorbis: bf7c407c2cedff20999df2af8eb42d56 -> 
========================================================================
Received Prepare
Registering precompiled user dll's ...
Registered in 0.098484 seconds.
Begin MonoManager ReloadAssembly
Native extension for WindowsStandalone target not found
Refreshing native plugins compatible for Editor in 1.09 ms, found 2 plugins.
Preloading 0 native plugins for Editor in 0.00 ms.
Mono: successfully reloaded assembly
- Completed reload, in  9.375 seconds
Platform modules already initialized, skipping
Shader 'Universal Render Pipeline/Particles/Lit': fallback shader 'Universal Render Pipeline/Particles/SimpleLit' not found
Refreshing native plugins compatible for Editor in 49.72 ms, found 2 plugins.
Preloading 0 native plugins for Editor in 0.00 ms.
Unloading 3822 Unused Serialized files (Serialized files now loaded: 0)
System memory in use before: 239.2 MB.
System memory in use after: 239.4 MB.

Unloading 26 unused Assets to reduce memory usage. Loaded Objects now: 4507.
Total: 3.962300 ms (FindLiveObjects: 0.422900 ms CreateObjectMapping: 0.173600 ms MarkObjects: 3.324800 ms  DeleteObjects: 0.038700 ms)

AssetImportParameters requested are different than current active one (requested -> active):
  custom:framework-win-MediaFoundation: 216162199b28c13a410421893ffa2e32 -> 
  custom:video-decoder-ogg-theora: a1e56fd34408186e4bbccfd4996cb3dc -> 
  custom:container-muxer-webm: aa71ff27fc2769a1b78a27578f13a17b -> 
  custom:container-demuxer-webm: 4f35f7cbe854078d1ac9338744f61a02 -> 
  custom:container-demuxer-ogg: 62fdf1f143b41e24485cea50d1cbac27 -> 
  custom:video-encoder-webm-vp8: eb34c28f22e8b96e1ab97ce403110664 -> 
  custom:video-decoder-webm-vp8: 9c59270c3fd7afecdb556c50c9e8de78 -> 
  custom:audio-decoder-ogg-vorbis: bf7c407c2cedff20999df2af8eb42d56 -> 
  custom:audio-encoder-webm-vorbis: bf7c407c2cedff20999df2af8eb42d56 -> 
========================================================================
Received Prepare
Registering precompiled user dll's ...
Registered in 0.210365 seconds.
Begin MonoManager ReloadAssembly
Native extension for WindowsStandalone target not found
Refreshing native plugins compatible for Editor in 1.91 ms, found 2 plugins.
Preloading 0 native plugins for Editor in 0.00 ms.
Mono: successfully reloaded assembly
- Completed reload, in 17.719 seconds
Platform modules already initialized, skipping
Shader 'Universal Render Pipeline/Particles/Lit': fallback shader 'Universal Render Pipeline/Particles/SimpleLit' not found
Refreshing native plugins compatible for Editor in 1.50 ms, found 2 plugins.
Preloading 0 native plugins for Editor in 0.00 ms.
Unloading 3822 Unused Serialized files (Serialized files now loaded: 0)
System memory in use before: 239.2 MB.
System memory in use after: 239.4 MB.

Unloading 26 unused Assets to reduce memory usage. Loaded Objects now: 4510.
Total: 6.945000 ms (FindLiveObjects: 0.626100 ms CreateObjectMapping: 0.336000 ms MarkObjects: 5.925000 ms  DeleteObjects: 0.054400 ms)

AssetImportParameters requested are different than current active one (requested -> active):
  custom:framework-win-MediaFoundation: 216162199b28c13a410421893ffa2e32 -> 
  custom:video-decoder-ogg-theora: a1e56fd34408186e4bbccfd4996cb3dc -> 
  custom:container-muxer-webm: aa71ff27fc2769a1b78a27578f13a17b -> 
  custom:container-demuxer-webm: 4f35f7cbe854078d1ac9338744f61a02 -> 
  custom:container-demuxer-ogg: 62fdf1f143b41e24485cea50d1cbac27 -> 
  custom:video-encoder-webm-vp8: eb34c28f22e8b96e1ab97ce403110664 -> 
  custom:video-decoder-webm-vp8: 9c59270c3fd7afecdb556c50c9e8de78 -> 
  custom:audio-decoder-ogg-vorbis: bf7c407c2cedff20999df2af8eb42d56 -> 
  custom:audio-encoder-webm-vorbis: bf7c407c2cedff20999df2af8eb42d56 -> 
========================================================================
Received Prepare
Registering precompiled user dll's ...
Registered in 0.628844 seconds.
Begin MonoManager ReloadAssembly
Native extension for WindowsStandalone target not found
Refreshing native plugins compatible for Editor in 1.00 ms, found 2 plugins.
Preloading 0 native plugins for Editor in 0.00 ms.
Mono: successfully reloaded assembly
- Completed reload, in  3.494 seconds
Platform modules already initialized, skipping
Shader 'Universal Render Pipeline/Particles/Lit': fallback shader 'Universal Render Pipeline/Particles/SimpleLit' not found
Refreshing native plugins compatible for Editor in 0.97 ms, found 2 plugins.
Preloading 0 native plugins for Editor in 0.00 ms.
Unloading 3822 Unused Serialized files (Serialized files now loaded: 0)
System memory in use before: 239.2 MB.
System memory in use after: 239.5 MB.

Unloading 26 unused Assets to reduce memory usage. Loaded Objects now: 4513.
Total: 3.733500 ms (FindLiveObjects: 0.429600 ms CreateObjectMapping: 0.158100 ms MarkObjects: 3.109400 ms  DeleteObjects: 0.034700 ms)

AssetImportParameters requested are different than current active one (requested -> active):
  custom:framework-win-MediaFoundation: 216162199b28c13a410421893ffa2e32 -> 
  custom:video-decoder-ogg-theora: a1e56fd34408186e4bbccfd4996cb3dc -> 
  custom:container-muxer-webm: aa71ff27fc2769a1b78a27578f13a17b -> 
  custom:container-demuxer-webm: 4f35f7cbe854078d1ac9338744f61a02 -> 
  custom:container-demuxer-ogg: 62fdf1f143b41e24485cea50d1cbac27 -> 
  custom:video-encoder-webm-vp8: eb34c28f22e8b96e1ab97ce403110664 -> 
  custom:video-decoder-webm-vp8: 9c59270c3fd7afecdb556c50c9e8de78 -> 
  custom:audio-decoder-ogg-vorbis: bf7c407c2cedff20999df2af8eb42d56 -> 
  custom:audio-encoder-webm-vorbis: bf7c407c2cedff20999df2af8eb42d56 -> 
========================================================================
Received Prepare
Registering precompiled user dll's ...
Registered in 0.007654 seconds.
Begin MonoManager ReloadAssembly
Native extension for WindowsStandalone target not found
Refreshing native plugins compatible for Editor in 1.03 ms, found 2 plugins.
Preloading 0 native plugins for Editor in 0.00 ms.
Mono: successfully reloaded assembly
- Completed reload, in  1.744 seconds
Platform modules already initialized, skipping
Shader 'Universal Render Pipeline/Particles/Lit': fallback shader 'Universal Render Pipeline/Particles/SimpleLit' not found
Refreshing native plugins compatible for Editor in 0.95 ms, found 2 plugins.
Preloading 0 native plugins for Editor in 0.00 ms.
Unloading 3822 Unused Serialized files (Serialized files now loaded: 0)
System memory in use before: 239.2 MB.
System memory in use after: 239.5 MB.

Unloading 26 unused Assets to reduce memory usage. Loaded Objects now: 4516.
Total: 3.192100 ms (FindLiveObjects: 0.352900 ms CreateObjectMapping: 0.158900 ms MarkObjects: 2.645000 ms  DeleteObjects: 0.033800 ms)

AssetImportParameters requested are different than current active one (requested -> active):
  custom:framework-win-MediaFoundation: 216162199b28c13a410421893ffa2e32 -> 
  custom:video-decoder-ogg-theora: a1e56fd34408186e4bbccfd4996cb3dc -> 
  custom:container-muxer-webm: aa71ff27fc2769a1b78a27578f13a17b -> 
  custom:container-demuxer-webm: 4f35f7cbe854078d1ac9338744f61a02 -> 
  custom:container-demuxer-ogg: 62fdf1f143b41e24485cea50d1cbac27 -> 
  custom:video-encoder-webm-vp8: eb34c28f22e8b96e1ab97ce403110664 -> 
  custom:video-decoder-webm-vp8: 9c59270c3fd7afecdb556c50c9e8de78 -> 
  custom:audio-decoder-ogg-vorbis: bf7c407c2cedff20999df2af8eb42d56 -> 
  custom:audio-encoder-webm-vorbis: bf7c407c2cedff20999df2af8eb42d56 -> 
========================================================================
Received Import Request.
  Time since last request: 1766.615132 seconds.
  path: Assets/Game/Shaders/Billboard/BillboardMaterial.cs
  artifactKey: Guid(340d1abbf355b7d49b609027e086cc4b) Importer(815301076,1909f56bfc062723c751e8b465ee728b)
Start importing Assets/Game/Shaders/Billboard/BillboardMaterial.cs using Guid(340d1abbf355b7d49b609027e086cc4b) Importer(815301076,1909f56bfc062723c751e8b465ee728b)  -> (artifact id: 'f5869e52f665faf84c5e281ed44d6b67') in 0.271352 seconds 
  Import took 0.473060 seconds .

========================================================================
Received Import Request.
  Time since last request: 0.000542 seconds.
  path: Assets/Game/Shaders/Billboard/Billboard.mat
  artifactKey: Guid(e4ce6c6cef4ff974ba7f972408401d33) Importer(815301076,1909f56bfc062723c751e8b465ee728b)
Start importing Assets/Game/Shaders/Billboard/Billboard.mat using Guid(e4ce6c6cef4ff974ba7f972408401d33) Importer(815301076,1909f56bfc062723c751e8b465ee728b)  -> (artifact id: '15a31dcf425703a02eeeb1185393113d') in 3.892105 seconds 
  Import took 3.951874 seconds .

========================================================================
Received Import Request.
  Time since last request: 1373.388858 seconds.
  path: Assets/Game/UI/Billboard/BilboardView.cs
  artifactKey: Guid(a1dc68ec9ab5eed47ab996946ad97b2c) Importer(815301076,1909f56bfc062723c751e8b465ee728b)
Start importing Assets/Game/UI/Billboard/BilboardView.cs using Guid(a1dc68ec9ab5eed47ab996946ad97b2c) Importer(815301076,1909f56bfc062723c751e8b465ee728b)  -> (artifact id: '0406f9ea746e39bc7ed49350e09b3637') in 0.228500 seconds 
  Import took 0.445768 seconds .

========================================================================
Received Prepare
Registering precompiled user dll's ...
Registered in 0.007301 seconds.
Begin MonoManager ReloadAssembly
Native extension for WindowsStandalone target not found
Refreshing native plugins compatible for Editor in 0.90 ms, found 2 plugins.
Preloading 0 native plugins for Editor in 0.00 ms.
Mono: successfully reloaded assembly
- Completed reload, in  2.626 seconds
Platform modules already initialized, skipping
Shader 'Universal Render Pipeline/Particles/Lit': fallback shader 'Universal Render Pipeline/Particles/SimpleLit' not found
Refreshing native plugins compatible for Editor in 0.94 ms, found 2 plugins.
Preloading 0 native plugins for Editor in 0.00 ms.
Unloading 3823 Unused Serialized files (Serialized files now loaded: 0)
System memory in use before: 239.4 MB.
System memory in use after: 239.6 MB.

Unloading 26 unused Assets to reduce memory usage. Loaded Objects now: 4556.
Total: 3.537300 ms (FindLiveObjects: 0.359000 ms CreateObjectMapping: 0.278500 ms MarkObjects: 2.856600 ms  DeleteObjects: 0.041400 ms)

AssetImportParameters requested are different than current active one (requested -> active):
  custom:framework-win-MediaFoundation: 216162199b28c13a410421893ffa2e32 -> 
  custom:video-decoder-ogg-theora: a1e56fd34408186e4bbccfd4996cb3dc -> 
  custom:container-muxer-webm: aa71ff27fc2769a1b78a27578f13a17b -> 
  custom:container-demuxer-webm: 4f35f7cbe854078d1ac9338744f61a02 -> 
  custom:container-demuxer-ogg: 62fdf1f143b41e24485cea50d1cbac27 -> 
  custom:video-encoder-webm-vp8: eb34c28f22e8b96e1ab97ce403110664 -> 
  custom:video-decoder-webm-vp8: 9c59270c3fd7afecdb556c50c9e8de78 -> 
  custom:audio-decoder-ogg-vorbis: bf7c407c2cedff20999df2af8eb42d56 -> 
  custom:audio-encoder-webm-vorbis: bf7c407c2cedff20999df2af8eb42d56 -> 
========================================================================
Received Import Request.
  Time since last request: 214.741621 seconds.
  path: Assets/Game/UI/Billboard/BilboardView.cs
  artifactKey: Guid(a1dc68ec9ab5eed47ab996946ad97b2c) Importer(815301076,1909f56bfc062723c751e8b465ee728b)
Start importing Assets/Game/UI/Billboard/BilboardView.cs using Guid(a1dc68ec9ab5eed47ab996946ad97b2c) Importer(815301076,1909f56bfc062723c751e8b465ee728b)  -> (artifact id: '0bea695efcf1209d6bd6cc18711949a4') in 0.008834 seconds 
  Import took 0.065407 seconds .

========================================================================
Received Import Request.
  Time since last request: 109.401845 seconds.
  path: Assets/Game/Scripts/Token/TokenTextureAzimuthPresenter.cs
  artifactKey: Guid(7f7cc52480fac68408c65954fc5ec7a4) Importer(815301076,1909f56bfc062723c751e8b465ee728b)
Start importing Assets/Game/Scripts/Token/TokenTextureAzimuthPresenter.cs using Guid(7f7cc52480fac68408c65954fc5ec7a4) Importer(815301076,1909f56bfc062723c751e8b465ee728b)  -> (artifact id: '6724efebc145783f6362246a84321e52') in 0.109129 seconds 
  Import took 0.211161 seconds .

========================================================================
Received Import Request.
  Time since last request: 0.636496 seconds.
  path: Assets/Game/Scripts/Token/QuadView.cs
  artifactKey: Guid(9cf77e2ccd568524da83e2abd6cb494f) Importer(815301076,1909f56bfc062723c751e8b465ee728b)
Start importing Assets/Game/Scripts/Token/QuadView.cs using Guid(9cf77e2ccd568524da83e2abd6cb494f) Importer(815301076,1909f56bfc062723c751e8b465ee728b)  -> (artifact id: '2da291a0cf6d466782d953b45632b430') in 0.112279 seconds 
  Import took 0.156568 seconds .

========================================================================
Received Import Request.
  Time since last request: 0.029496 seconds.
  path: Assets/Game/Scripts/Token/QuadView.cs
  artifactKey: Guid(9cf77e2ccd568524da83e2abd6cb494f) Importer(815301076,1909f56bfc062723c751e8b465ee728b)
Start importing Assets/Game/Scripts/Token/QuadView.cs using Guid(9cf77e2ccd568524da83e2abd6cb494f) Importer(815301076,1909f56bfc062723c751e8b465ee728b)  -> (artifact id: '2da291a0cf6d466782d953b45632b430') in 0.006669 seconds 
  Import took 0.061682 seconds .

========================================================================
Received Import Request.
  Time since last request: 79.267456 seconds.
  path: Assets/Game/Resources/Tokens/Archer.asset
  artifactKey: Guid(a62b92c23d2dc234b9ede1f5212334f7) Importer(815301076,1909f56bfc062723c751e8b465ee728b)
Start importing Assets/Game/Resources/Tokens/Archer.asset using Guid(a62b92c23d2dc234b9ede1f5212334f7) Importer(815301076,1909f56bfc062723c751e8b465ee728b)  -> (artifact id: 'a927cb9d15394f6b6769aede7a30fa9c') in 0.778664 seconds 
  Import took 0.827773 seconds .

========================================================================
Received Import Request.
  Time since last request: 0.000503 seconds.
  path: Assets/Game/Resources/Tokens/Token.prefab
  artifactKey: Guid(bf11f7f4a7d83ef47b88491b9868e572) Importer(815301076,1909f56bfc062723c751e8b465ee728b)
Start importing Assets/Game/Resources/Tokens/Token.prefab using Guid(bf11f7f4a7d83ef47b88491b9868e572) Importer(815301076,1909f56bfc062723c751e8b465ee728b)  -> (artifact id: '28c0a833f9756244163e5cc3905e4a95') in 1.466444 seconds 
  Import took 1.545819 seconds .

========================================================================
Received Import Request.
  Time since last request: 0.000485 seconds.
  path: Assets/Game/Resources/Tokens/Knight.asset
  artifactKey: Guid(10c2187a453532346aed93354dc6638b) Importer(815301076,1909f56bfc062723c751e8b465ee728b)
Start importing Assets/Game/Resources/Tokens/Knight.asset using Guid(10c2187a453532346aed93354dc6638b) Importer(815301076,1909f56bfc062723c751e8b465ee728b)  -> (artifact id: 'd12da1549385a8f0f7140b0495ea5367') in 0.029396 seconds 
  Import took 0.064681 seconds .

========================================================================
Received Import Request.
  Time since last request: 10.156421 seconds.
  path: Assets/Game/Resources/Tokens/TokenData.cs
  artifactKey: Guid(0d7254259dfd1204fa2d2bea5fd85a2b) Importer(815301076,1909f56bfc062723c751e8b465ee728b)
Start importing Assets/Game/Resources/Tokens/TokenData.cs using Guid(0d7254259dfd1204fa2d2bea5fd85a2b) Importer(815301076,1909f56bfc062723c751e8b465ee728b)  -> (artifact id: 'c0f967fb46bfecddec2f25d0416f0ed5') in 0.031076 seconds 
  Import took 0.061905 seconds .

========================================================================
Received Import Request.
  Time since last request: 0.040976 seconds.
  path: Assets/Game/Resources/Tokens/TokenData.cs
  artifactKey: Guid(0d7254259dfd1204fa2d2bea5fd85a2b) Importer(815301076,1909f56bfc062723c751e8b465ee728b)
Start importing Assets/Game/Resources/Tokens/TokenData.cs using Guid(0d7254259dfd1204fa2d2bea5fd85a2b) Importer(815301076,1909f56bfc062723c751e8b465ee728b)  -> (artifact id: 'c0f967fb46bfecddec2f25d0416f0ed5') in 0.006328 seconds 
  Import took 0.019764 seconds .

AssetImportWorkerClient::OnTransportError - code=2 error=End of file
