Using pre-set license
Built from '2020.3/release' branch; Version is '2020.3.12f1 (b3b2c6512326) revision 11776710'; Using compiler version '192528614'; Build Type 'Release'
OS: 'Windows 10 Pro; OS build 19043.1055; Version 2009; 64bit' Language: 'ru' Physical Memory: 4077 MB
BatchMode: 1, IsHumanControllingUs: 0, StartBugReporterOnCrash: 0, Is64bit: 1, IsPro: 0

 COMMAND LINE ARGUMENTS:
C:\Program Files\Unity\2020.3.12f1\Editor\Unity.exe
-adb2
-batchMode
-noUpm
-name
AssetImportWorker7
-projectPath
D:/Projects2021/Epic Battle Tactics
-logFile
Logs/AssetImportWorker7.log
-srvPort
51085
Successfully changed project path to: D:/Projects2021/Epic Battle Tactics
D:/Projects2021/Epic Battle Tactics
Using Asset Import Pipeline V2.
Refreshing native plugins compatible for Editor in 101.17 ms, found 2 plugins.
Preloading 0 native plugins for Editor in 0.00 ms.
Initialize engine version: 2020.3.12f1 (b3b2c6512326)
[Subsystems] Discovering subsystems at path C:/Program Files/Unity/2020.3.12f1/Editor/Data/Resources/UnitySubsystems
[Subsystems] Discovering subsystems at path D:/Projects2021/Epic Battle Tactics/Assets
GfxDevice: creating device client; threaded=0
Direct3D:
    Version:  Direct3D 11.0 [level 11.0]
    Renderer: NVIDIA GeForce GTX 560 (ID=0x1201)
    Vendor:   
    VRAM:     979 MB
    Driver:   23.21.13.8813
Shader 'Universal Render Pipeline/Particles/Lit': fallback shader 'Universal Render Pipeline/Particles/SimpleLit' not found
Initialize mono
Mono path[0] = 'C:/Program Files/Unity/2020.3.12f1/Editor/Data/Managed'
Mono path[1] = 'C:/Program Files/Unity/2020.3.12f1/Editor/Data/MonoBleedingEdge/lib/mono/unityjit'
Mono config path = 'C:/Program Files/Unity/2020.3.12f1/Editor/Data/MonoBleedingEdge/etc'
Using monoOptions --debugger-agent=transport=dt_socket,embedding=1,server=y,suspend=n,address=127.0.0.1:56744
Begin MonoManager ReloadAssembly
Registering precompiled unity dll's ...
Register platform support module: C:/Program Files/Unity/2020.3.12f1/Editor/Data/PlaybackEngines/WindowsStandaloneSupport/UnityEditor.WindowsStandalone.Extensions.dll
Registered in 0.001835 seconds.
Native extension for WindowsStandalone target not found
Refreshing native plugins compatible for Editor in 101.60 ms, found 2 plugins.
Preloading 0 native plugins for Editor in 0.00 ms.
Mono: successfully reloaded assembly
- Completed reload, in  2.168 seconds
Platform modules already initialized, skipping
Registering precompiled user dll's ...
Registered in 0.007141 seconds.
Begin MonoManager ReloadAssembly
Native extension for WindowsStandalone target not found
Refreshing native plugins compatible for Editor in 105.00 ms, found 2 plugins.
Preloading 0 native plugins for Editor in 0.00 ms.
Mono: successfully reloaded assembly
- Completed reload, in  6.022 seconds
Platform modules already initialized, skipping
========================================================================
Worker process is ready to serve import requests
Shader 'Universal Render Pipeline/Particles/Lit': fallback shader 'Universal Render Pipeline/Particles/SimpleLit' not found
Launched and connected shader compiler UnityShaderCompiler.exe after 0.61 seconds
Refreshing native plugins compatible for Editor in 1.44 ms, found 2 plugins.
Preloading 0 native plugins for Editor in 0.00 ms.
Unloading 4000 Unused Serialized files (Serialized files now loaded: 0)
System memory in use before: 244.6 MB.
System memory in use after: 244.8 MB.

Unloading 33 unused Assets to reduce memory usage. Loaded Objects now: 4443.
Total: 3.548000 ms (FindLiveObjects: 0.370300 ms CreateObjectMapping: 0.165600 ms MarkObjects: 2.831200 ms  DeleteObjects: 0.178700 ms)

AssetImportParameters requested are different than current active one (requested -> active):
  custom:framework-win-MediaFoundation: 216162199b28c13a410421893ffa2e32 -> 
  custom:video-decoder-ogg-theora: a1e56fd34408186e4bbccfd4996cb3dc -> 
  custom:container-muxer-webm: aa71ff27fc2769a1b78a27578f13a17b -> 
  custom:container-demuxer-webm: 4f35f7cbe854078d1ac9338744f61a02 -> 
  custom:container-demuxer-ogg: 62fdf1f143b41e24485cea50d1cbac27 -> 
  custom:video-encoder-webm-vp8: eb34c28f22e8b96e1ab97ce403110664 -> 
  custom:video-decoder-webm-vp8: 9c59270c3fd7afecdb556c50c9e8de78 -> 
  custom:audio-decoder-ogg-vorbis: bf7c407c2cedff20999df2af8eb42d56 -> 
  custom:audio-encoder-webm-vorbis: bf7c407c2cedff20999df2af8eb42d56 -> 
========================================================================
Received Import Request.
  path: Assets/Game/Resources/Tokens/Iconographic2.png
  artifactKey: Guid(0536c1e43473a484e97162af8def34dc) Importer(815301076,1909f56bfc062723c751e8b465ee728b)
Start importing Assets/Game/Resources/Tokens/Iconographic2.png using Guid(0536c1e43473a484e97162af8def34dc) Importer(815301076,1909f56bfc062723c751e8b465ee728b)  -> (artifact id: '6e127e6e840c6f415d11cecbcc4fb68b') in 0.787933 seconds 
  Import took 0.924750 seconds .

========================================================================
Received Import Request.
  Time since last request: 0.000291 seconds.
  path: Assets/Game/Resources/Tokens/Berserk/Berserk.asset
  artifactKey: Guid(077839fc8a819114eb852db0abd20792) Importer(815301076,1909f56bfc062723c751e8b465ee728b)
Start importing Assets/Game/Resources/Tokens/Berserk/Berserk.asset using Guid(077839fc8a819114eb852db0abd20792) Importer(815301076,1909f56bfc062723c751e8b465ee728b)  -> (artifact id: '4912b3fe71559d3efae470b557784fc3') in 0.553775 seconds 
  Import took 0.609390 seconds .

========================================================================
Received Import Request.
  Time since last request: 0.000523 seconds.
  path: Assets/Game/Resources/Tokens/Archer/Archer.asset
  artifactKey: Guid(a62b92c23d2dc234b9ede1f5212334f7) Importer(815301076,1909f56bfc062723c751e8b465ee728b)
Start importing Assets/Game/Resources/Tokens/Archer/Archer.asset using Guid(a62b92c23d2dc234b9ede1f5212334f7) Importer(815301076,1909f56bfc062723c751e8b465ee728b)  -> (artifact id: '647c5473450d1f935fa71511e3253c86') in 0.325111 seconds 
  Import took 0.355792 seconds .

========================================================================
Received Import Request.
  Time since last request: 0.000641 seconds.
  path: Assets/Game/Resources/Tokens/Iconographic5.png
  artifactKey: Guid(f2a4b2f235746fd4faab478fe61e1155) Importer(815301076,1909f56bfc062723c751e8b465ee728b)
Start importing Assets/Game/Resources/Tokens/Iconographic5.png using Guid(f2a4b2f235746fd4faab478fe61e1155) Importer(815301076,1909f56bfc062723c751e8b465ee728b)  -> (artifact id: 'af747520fc7396c5bd63de261f31b912') in 0.129985 seconds 
  Import took 0.227512 seconds .

========================================================================
Received Import Request.
  Time since last request: 0.000309 seconds.
  path: Assets/Game/Resources/Tokens/Iconographic1.png
  artifactKey: Guid(f6c3fd2523bed0d49a3454b658f292a8) Importer(815301076,1909f56bfc062723c751e8b465ee728b)
Start importing Assets/Game/Resources/Tokens/Iconographic1.png using Guid(f6c3fd2523bed0d49a3454b658f292a8) Importer(815301076,1909f56bfc062723c751e8b465ee728b)  -> (artifact id: 'e6635ef20c6d6dcb90c351a6ab649836') in 0.232042 seconds 
  Import took 0.296399 seconds .

========================================================================
Received Import Request.
  Time since last request: 13.460946 seconds.
  path: Assets/Game/Resources/Tokens/Iconographic3.png
  artifactKey: Guid(c85f17f974557604f81eca9fd8ec3181) Importer(815301076,1909f56bfc062723c751e8b465ee728b)
Start importing Assets/Game/Resources/Tokens/Iconographic3.png using Guid(c85f17f974557604f81eca9fd8ec3181) Importer(815301076,1909f56bfc062723c751e8b465ee728b)  -> (artifact id: '79276e9c99b21d6b0eec0832aca2599a') in 0.118494 seconds 
  Import took 0.202979 seconds .

========================================================================
Received Import Request.
  Time since last request: 7.578858 seconds.
  path: Assets/Game/Resources/Tokens/Knight/Knight.asset
  artifactKey: Guid(10c2187a453532346aed93354dc6638b) Importer(815301076,1909f56bfc062723c751e8b465ee728b)
Start importing Assets/Game/Resources/Tokens/Knight/Knight.asset using Guid(10c2187a453532346aed93354dc6638b) Importer(815301076,1909f56bfc062723c751e8b465ee728b)  -> (artifact id: '9e4f382d996b3f5ec2bd11e6d555875a') in 0.251468 seconds 
  Import took 0.301588 seconds .

========================================================================
Received Import Request.
  Time since last request: 28.963404 seconds.
  path: Assets/Game/Resources/Tokens/Soldier/IcKnight 2.png
  artifactKey: Guid(28d706f7021117b489d884224a5a9d03) Importer(815301076,1909f56bfc062723c751e8b465ee728b)
Start importing Assets/Game/Resources/Tokens/Soldier/IcKnight 2.png using Guid(28d706f7021117b489d884224a5a9d03) Importer(815301076,1909f56bfc062723c751e8b465ee728b)  -> (artifact id: 'af8f2cd24cc79efde7948d958edd19c0') in 0.116038 seconds 
  Import took 0.126193 seconds .

========================================================================
Received Import Request.
  Time since last request: 0.367026 seconds.
  path: Assets/Game/Resources/Tokens/Soldier/Soldier.asset
  artifactKey: Guid(1d14d577a861f2b4b8b9d7c27225db0e) Importer(815301076,1909f56bfc062723c751e8b465ee728b)
Start importing Assets/Game/Resources/Tokens/Soldier/Soldier.asset using Guid(1d14d577a861f2b4b8b9d7c27225db0e) Importer(815301076,1909f56bfc062723c751e8b465ee728b)  -> (artifact id: 'c956431e3a2742b08843353dec29f2ae') in 0.162725 seconds 
  Import took 0.214258 seconds .

========================================================================
Received Import Request.
  Time since last request: 17.419057 seconds.
  path: Assets/Game/Resources/Tokens/Vampire/Vampire.asset
  artifactKey: Guid(fce4e79daf3efcf43ad220bd4a999e3a) Importer(815301076,1909f56bfc062723c751e8b465ee728b)
Start importing Assets/Game/Resources/Tokens/Vampire/Vampire.asset using Guid(fce4e79daf3efcf43ad220bd4a999e3a) Importer(815301076,1909f56bfc062723c751e8b465ee728b)  -> (artifact id: 'e43c76578bd3abe20ca945001d35c828') in 0.114227 seconds 
  Import took 0.149342 seconds .

========================================================================
Received Import Request.
  Time since last request: 24.770531 seconds.
  path: Assets/Game/Resources/Tokens/Vampire2/Vampire2.asset
  artifactKey: Guid(2097230c6c4c786439f346ef305b63ab) Importer(815301076,1909f56bfc062723c751e8b465ee728b)
Start importing Assets/Game/Resources/Tokens/Vampire2/Vampire2.asset using Guid(2097230c6c4c786439f346ef305b63ab) Importer(815301076,1909f56bfc062723c751e8b465ee728b)  -> (artifact id: '6fa75a7a3493c47a611c28821834e431') in 0.136895 seconds 
  Import took 0.171532 seconds .

========================================================================
Received Import Request.
  Time since last request: 21.870222 seconds.
  path: Assets/Game/Resources/Tokens/Warewolf/Werewolf.asset
  artifactKey: Guid(d77ebda9e6d45ab49a1b809523dee514) Importer(815301076,1909f56bfc062723c751e8b465ee728b)
Start importing Assets/Game/Resources/Tokens/Warewolf/Werewolf.asset using Guid(d77ebda9e6d45ab49a1b809523dee514) Importer(815301076,1909f56bfc062723c751e8b465ee728b)  -> (artifact id: '3fc91f0fbaf4f0df6ec554b5f6ea1aa7') in 0.173383 seconds 
  Import took 0.232051 seconds .

========================================================================
Received Import Request.
  Time since last request: 11.726716 seconds.
  path: Assets/Game/Resources/Tokens/Warewolf/IcKnight 2.png
  artifactKey: Guid(70dcc6a8cd6b4614f8a54a295c750d31) Importer(815301076,1909f56bfc062723c751e8b465ee728b)
Start importing Assets/Game/Resources/Tokens/Warewolf/IcKnight 2.png using Guid(70dcc6a8cd6b4614f8a54a295c750d31) Importer(815301076,1909f56bfc062723c751e8b465ee728b)  -> (artifact id: 'b884a7e262441cadc09afa0bd002f1d4') in 0.007132 seconds 
  Import took 0.036984 seconds .

========================================================================
Received Import Request.
  Time since last request: 6.942582 seconds.
  path: Assets/Game/Resources/Tokens/Vampire2/IcKnight 2.png
  artifactKey: Guid(ddb167f071ae7e743bd0d318d846c823) Importer(815301076,1909f56bfc062723c751e8b465ee728b)
Start importing Assets/Game/Resources/Tokens/Vampire2/IcKnight 2.png using Guid(ddb167f071ae7e743bd0d318d846c823) Importer(815301076,1909f56bfc062723c751e8b465ee728b)  -> (artifact id: '062bcebcb16c0d31e5e1840861553a16') in 0.007825 seconds 
  Import took 0.073196 seconds .

========================================================================
Received Import Request.
  Time since last request: 4.697530 seconds.
  path: Assets/Game/Resources/Tokens/Vampire/IcKnight 2.png
  artifactKey: Guid(71f355602976eb44a841863657d6b760) Importer(815301076,1909f56bfc062723c751e8b465ee728b)
Start importing Assets/Game/Resources/Tokens/Vampire/IcKnight 2.png using Guid(71f355602976eb44a841863657d6b760) Importer(815301076,1909f56bfc062723c751e8b465ee728b)  -> (artifact id: '9c22c69c638e7966ab1654cb97635080') in 0.007453 seconds 
  Import took 0.054170 seconds .

========================================================================
Received Import Request.
  Time since last request: 11.717638 seconds.
  path: Assets/Game/Resources/Tokens/Knight/IcKnight.png
  artifactKey: Guid(ee5388f2ac24c72488c0d2c8bb8d7bdc) Importer(815301076,1909f56bfc062723c751e8b465ee728b)
Start importing Assets/Game/Resources/Tokens/Knight/IcKnight.png using Guid(ee5388f2ac24c72488c0d2c8bb8d7bdc) Importer(815301076,1909f56bfc062723c751e8b465ee728b)  -> (artifact id: '541969c585aa3a6c8bb667eb8b2860ae') in 0.040170 seconds 
  Import took 0.121709 seconds .

========================================================================
Received Prepare
Registering precompiled user dll's ...
Registered in 0.021432 seconds.
Begin MonoManager ReloadAssembly
Native extension for WindowsStandalone target not found
Refreshing native plugins compatible for Editor in 0.92 ms, found 2 plugins.
Preloading 0 native plugins for Editor in 0.00 ms.
Mono: successfully reloaded assembly
- Completed reload, in  1.639 seconds
Platform modules already initialized, skipping
Shader 'Universal Render Pipeline/Particles/Lit': fallback shader 'Universal Render Pipeline/Particles/SimpleLit' not found
Refreshing native plugins compatible for Editor in 1.10 ms, found 2 plugins.
Preloading 0 native plugins for Editor in 0.00 ms.
Unloading 3868 Unused Serialized files (Serialized files now loaded: 0)
System memory in use before: 235.5 MB.
System memory in use after: 235.8 MB.

Unloading 26 unused Assets to reduce memory usage. Loaded Objects now: 4448.
Total: 3.109600 ms (FindLiveObjects: 0.341900 ms CreateObjectMapping: 0.152000 ms MarkObjects: 2.572900 ms  DeleteObjects: 0.041000 ms)

AssetImportParameters requested are different than current active one (requested -> active):
  custom:framework-win-MediaFoundation: 216162199b28c13a410421893ffa2e32 -> 
  custom:video-decoder-ogg-theora: a1e56fd34408186e4bbccfd4996cb3dc -> 
  custom:container-muxer-webm: aa71ff27fc2769a1b78a27578f13a17b -> 
  custom:container-demuxer-webm: 4f35f7cbe854078d1ac9338744f61a02 -> 
  custom:container-demuxer-ogg: 62fdf1f143b41e24485cea50d1cbac27 -> 
  custom:video-encoder-webm-vp8: eb34c28f22e8b96e1ab97ce403110664 -> 
  custom:video-decoder-webm-vp8: 9c59270c3fd7afecdb556c50c9e8de78 -> 
  custom:audio-decoder-ogg-vorbis: bf7c407c2cedff20999df2af8eb42d56 -> 
  custom:audio-encoder-webm-vorbis: bf7c407c2cedff20999df2af8eb42d56 -> 
========================================================================
Received Import Request.
  Time since last request: 222.219282 seconds.
  path: Assets/Game/Resources/Tokens/Iconographic5.png
  artifactKey: Guid(f2a4b2f235746fd4faab478fe61e1155) Importer(815301076,1909f56bfc062723c751e8b465ee728b)
Start importing Assets/Game/Resources/Tokens/Iconographic5.png using Guid(f2a4b2f235746fd4faab478fe61e1155) Importer(815301076,1909f56bfc062723c751e8b465ee728b)  -> (artifact id: 'e1df0b7c7320ea982b9bc9981338486e') in 0.054317 seconds 
  Import took 0.133667 seconds .

========================================================================
Received Prepare
Registering precompiled user dll's ...
Registered in 0.733501 seconds.
Begin MonoManager ReloadAssembly
Native extension for WindowsStandalone target not found
Refreshing native plugins compatible for Editor in 0.94 ms, found 2 plugins.
Preloading 0 native plugins for Editor in 0.00 ms.
Mono: successfully reloaded assembly
- Completed reload, in  6.070 seconds
Platform modules already initialized, skipping
Shader 'Universal Render Pipeline/Particles/Lit': fallback shader 'Universal Render Pipeline/Particles/SimpleLit' not found
Refreshing native plugins compatible for Editor in 1.07 ms, found 2 plugins.
Preloading 0 native plugins for Editor in 0.00 ms.
Unloading 3868 Unused Serialized files (Serialized files now loaded: 0)
System memory in use before: 235.6 MB.
System memory in use after: 235.9 MB.

Unloading 26 unused Assets to reduce memory usage. Loaded Objects now: 4451.
Total: 3.370400 ms (FindLiveObjects: 0.359300 ms CreateObjectMapping: 0.156000 ms MarkObjects: 2.818200 ms  DeleteObjects: 0.035400 ms)

AssetImportParameters requested are different than current active one (requested -> active):
  custom:framework-win-MediaFoundation: 216162199b28c13a410421893ffa2e32 -> 
  custom:video-decoder-ogg-theora: a1e56fd34408186e4bbccfd4996cb3dc -> 
  custom:container-muxer-webm: aa71ff27fc2769a1b78a27578f13a17b -> 
  custom:container-demuxer-webm: 4f35f7cbe854078d1ac9338744f61a02 -> 
  custom:container-demuxer-ogg: 62fdf1f143b41e24485cea50d1cbac27 -> 
  custom:video-encoder-webm-vp8: eb34c28f22e8b96e1ab97ce403110664 -> 
  custom:video-decoder-webm-vp8: 9c59270c3fd7afecdb556c50c9e8de78 -> 
  custom:audio-decoder-ogg-vorbis: bf7c407c2cedff20999df2af8eb42d56 -> 
  custom:audio-encoder-webm-vorbis: bf7c407c2cedff20999df2af8eb42d56 -> 
========================================================================
Received Import Request.
  Time since last request: 556.726977 seconds.
  path: Assets/Game/Resources/Tokens/Iconographic5.png
  artifactKey: Guid(f2a4b2f235746fd4faab478fe61e1155) Importer(815301076,1909f56bfc062723c751e8b465ee728b)
Start importing Assets/Game/Resources/Tokens/Iconographic5.png using Guid(f2a4b2f235746fd4faab478fe61e1155) Importer(815301076,1909f56bfc062723c751e8b465ee728b)  -> (artifact id: 'ad1571848f90b7118e95db0bbf169c93') in 0.354957 seconds 
  Import took 0.416481 seconds .

========================================================================
Received Import Request.
  Time since last request: 35.666973 seconds.
  path: Assets/Game/Shaders/Token/Quad/TokenQuad.shadergraph
  artifactKey: Guid(83f69236827a63643839601363aa70fe) Importer(815301076,1909f56bfc062723c751e8b465ee728b)
Start importing Assets/Game/Shaders/Token/Quad/TokenQuad.shadergraph using Guid(83f69236827a63643839601363aa70fe) Importer(815301076,1909f56bfc062723c751e8b465ee728b)  -> (artifact id: '47e689f4267351eb10cf1a46e6f3bfbb') in 0.043593 seconds 
  Import took 0.132731 seconds .

========================================================================
Received Import Request.
  Time since last request: 2.596327 seconds.
  path: Assets/Game/Shaders/Token/Quad/TokenQuad.shadergraph
  artifactKey: Guid(83f69236827a63643839601363aa70fe) Importer(815301076,1909f56bfc062723c751e8b465ee728b)
Start importing Assets/Game/Shaders/Token/Quad/TokenQuad.shadergraph using Guid(83f69236827a63643839601363aa70fe) Importer(815301076,1909f56bfc062723c751e8b465ee728b)  -> (artifact id: '47e689f4267351eb10cf1a46e6f3bfbb') in 0.002589 seconds 
  Import took 0.010113 seconds .

========================================================================
Received Import Request.
  Time since last request: 117.947850 seconds.
  path: Assets/Game/Resources/Tokens/Iconographic1.png
  artifactKey: Guid(f6c3fd2523bed0d49a3454b658f292a8) Importer(815301076,1909f56bfc062723c751e8b465ee728b)
Start importing Assets/Game/Resources/Tokens/Iconographic1.png using Guid(f6c3fd2523bed0d49a3454b658f292a8) Importer(815301076,1909f56bfc062723c751e8b465ee728b)  -> (artifact id: '96418f77d35d143d85a2fea910b1e0be') in 0.267862 seconds 
  Import took 0.309111 seconds .

========================================================================
Received Prepare
Registering precompiled user dll's ...
Registered in 0.734029 seconds.
Begin MonoManager ReloadAssembly
Native extension for WindowsStandalone target not found
Refreshing native plugins compatible for Editor in 3.59 ms, found 2 plugins.
Preloading 0 native plugins for Editor in 0.00 ms.
Mono: successfully reloaded assembly
- Completed reload, in  5.628 seconds
Platform modules already initialized, skipping
Shader 'Universal Render Pipeline/Particles/Lit': fallback shader 'Universal Render Pipeline/Particles/SimpleLit' not found
Refreshing native plugins compatible for Editor in 9.40 ms, found 2 plugins.
Preloading 0 native plugins for Editor in 0.00 ms.
Unloading 3868 Unused Serialized files (Serialized files now loaded: 0)
System memory in use before: 238.6 MB.
System memory in use after: 238.8 MB.

Unloading 26 unused Assets to reduce memory usage. Loaded Objects now: 4458.
Total: 24.954000 ms (FindLiveObjects: 0.482400 ms CreateObjectMapping: 0.200000 ms MarkObjects: 4.461100 ms  DeleteObjects: 19.808100 ms)

AssetImportParameters requested are different than current active one (requested -> active):
  custom:framework-win-MediaFoundation: 216162199b28c13a410421893ffa2e32 -> 
  custom:video-decoder-ogg-theora: a1e56fd34408186e4bbccfd4996cb3dc -> 
  custom:container-muxer-webm: aa71ff27fc2769a1b78a27578f13a17b -> 
  custom:container-demuxer-webm: 4f35f7cbe854078d1ac9338744f61a02 -> 
  custom:container-demuxer-ogg: 62fdf1f143b41e24485cea50d1cbac27 -> 
  custom:video-encoder-webm-vp8: eb34c28f22e8b96e1ab97ce403110664 -> 
  custom:video-decoder-webm-vp8: 9c59270c3fd7afecdb556c50c9e8de78 -> 
  custom:audio-decoder-ogg-vorbis: bf7c407c2cedff20999df2af8eb42d56 -> 
  custom:audio-encoder-webm-vorbis: bf7c407c2cedff20999df2af8eb42d56 -> 
========================================================================
Received Import Request.
  Time since last request: 363.654253 seconds.
  path: Assets/Game/Resources/Tokens/num1.png
  artifactKey: Guid(99a4bdc04a11f6940b1c7f805893cbef) Importer(815301076,1909f56bfc062723c751e8b465ee728b)
Start importing Assets/Game/Resources/Tokens/num1.png using Guid(99a4bdc04a11f6940b1c7f805893cbef) Importer(815301076,1909f56bfc062723c751e8b465ee728b)  -> (artifact id: 'a2080adff8d5e4879be3dd8f53c15180') in 0.322225 seconds 
  Import took 0.351114 seconds .

========================================================================
Received Prepare
Registering precompiled user dll's ...
Registered in 0.039345 seconds.
Begin MonoManager ReloadAssembly
Native extension for WindowsStandalone target not found
Refreshing native plugins compatible for Editor in 0.97 ms, found 2 plugins.
Preloading 0 native plugins for Editor in 0.00 ms.
Mono: successfully reloaded assembly
- Completed reload, in  1.821 seconds
Platform modules already initialized, skipping
Shader 'Universal Render Pipeline/Particles/Lit': fallback shader 'Universal Render Pipeline/Particles/SimpleLit' not found
Refreshing native plugins compatible for Editor in 0.98 ms, found 2 plugins.
Preloading 0 native plugins for Editor in 0.00 ms.
Unloading 3868 Unused Serialized files (Serialized files now loaded: 0)
System memory in use before: 238.6 MB.
System memory in use after: 238.8 MB.

Unloading 26 unused Assets to reduce memory usage. Loaded Objects now: 4461.
Total: 3.733100 ms (FindLiveObjects: 0.391000 ms CreateObjectMapping: 0.195900 ms MarkObjects: 3.106400 ms  DeleteObjects: 0.038300 ms)

AssetImportParameters requested are different than current active one (requested -> active):
  custom:framework-win-MediaFoundation: 216162199b28c13a410421893ffa2e32 -> 
  custom:video-decoder-ogg-theora: a1e56fd34408186e4bbccfd4996cb3dc -> 
  custom:container-muxer-webm: aa71ff27fc2769a1b78a27578f13a17b -> 
  custom:container-demuxer-webm: 4f35f7cbe854078d1ac9338744f61a02 -> 
  custom:container-demuxer-ogg: 62fdf1f143b41e24485cea50d1cbac27 -> 
  custom:video-encoder-webm-vp8: eb34c28f22e8b96e1ab97ce403110664 -> 
  custom:video-decoder-webm-vp8: 9c59270c3fd7afecdb556c50c9e8de78 -> 
  custom:audio-decoder-ogg-vorbis: bf7c407c2cedff20999df2af8eb42d56 -> 
  custom:audio-encoder-webm-vorbis: bf7c407c2cedff20999df2af8eb42d56 -> 
========================================================================
Received Import Request.
  Time since last request: 303.312754 seconds.
  path: Assets/Game/Resources/Tokens/num1.png
  artifactKey: Guid(99a4bdc04a11f6940b1c7f805893cbef) Importer(815301076,1909f56bfc062723c751e8b465ee728b)
Start importing Assets/Game/Resources/Tokens/num1.png using Guid(99a4bdc04a11f6940b1c7f805893cbef) Importer(815301076,1909f56bfc062723c751e8b465ee728b)  -> (artifact id: '3a868d7fa5dde8d1bbb7bb956ffa2fd9') in 0.096216 seconds 
  Import took 0.186633 seconds .

========================================================================
Received Prepare
Registering precompiled user dll's ...
Registered in 0.011614 seconds.
Begin MonoManager ReloadAssembly
Native extension for WindowsStandalone target not found
Refreshing native plugins compatible for Editor in 1.56 ms, found 2 plugins.
Preloading 0 native plugins for Editor in 0.00 ms.
Mono: successfully reloaded assembly
- Completed reload, in  1.678 seconds
Platform modules already initialized, skipping
Shader 'Universal Render Pipeline/Particles/Lit': fallback shader 'Universal Render Pipeline/Particles/SimpleLit' not found
Refreshing native plugins compatible for Editor in 0.91 ms, found 2 plugins.
Preloading 0 native plugins for Editor in 0.00 ms.
Unloading 3868 Unused Serialized files (Serialized files now loaded: 0)
System memory in use before: 238.6 MB.
System memory in use after: 238.9 MB.

Unloading 26 unused Assets to reduce memory usage. Loaded Objects now: 4464.
Total: 3.180400 ms (FindLiveObjects: 0.358700 ms CreateObjectMapping: 0.159100 ms MarkObjects: 2.620200 ms  DeleteObjects: 0.040500 ms)

AssetImportParameters requested are different than current active one (requested -> active):
  custom:framework-win-MediaFoundation: 216162199b28c13a410421893ffa2e32 -> 
  custom:video-decoder-ogg-theora: a1e56fd34408186e4bbccfd4996cb3dc -> 
  custom:container-muxer-webm: aa71ff27fc2769a1b78a27578f13a17b -> 
  custom:container-demuxer-webm: 4f35f7cbe854078d1ac9338744f61a02 -> 
  custom:container-demuxer-ogg: 62fdf1f143b41e24485cea50d1cbac27 -> 
  custom:video-encoder-webm-vp8: eb34c28f22e8b96e1ab97ce403110664 -> 
  custom:video-decoder-webm-vp8: 9c59270c3fd7afecdb556c50c9e8de78 -> 
  custom:audio-decoder-ogg-vorbis: bf7c407c2cedff20999df2af8eb42d56 -> 
  custom:audio-encoder-webm-vorbis: bf7c407c2cedff20999df2af8eb42d56 -> 
