Using pre-set license
Built from '2020.3/release' branch; Version is '2020.3.12f1 (b3b2c6512326) revision 11776710'; Using compiler version '192528614'; Build Type 'Release'
OS: 'Windows 10 Pro; OS build 19043.1055; Version 2009; 64bit' Language: 'ru' Physical Memory: 4077 MB
BatchMode: 1, IsHumanControllingUs: 0, StartBugReporterOnCrash: 0, Is64bit: 1, IsPro: 0

 COMMAND LINE ARGUMENTS:
C:\Program Files\Unity\2020.3.12f1\Editor\Unity.exe
-adb2
-batchMode
-noUpm
-name
AssetImportWorker10
-projectPath
D:/Projects2021/Epic Battle Tactics
-logFile
Logs/AssetImportWorker10.log
-srvPort
53278
Successfully changed project path to: D:/Projects2021/Epic Battle Tactics
D:/Projects2021/Epic Battle Tactics
Using Asset Import Pipeline V2.
Refreshing native plugins compatible for Editor in 104.63 ms, found 2 plugins.
Preloading 0 native plugins for Editor in 0.00 ms.
Initialize engine version: 2020.3.12f1 (b3b2c6512326)
[Subsystems] Discovering subsystems at path C:/Program Files/Unity/2020.3.12f1/Editor/Data/Resources/UnitySubsystems
[Subsystems] Discovering subsystems at path D:/Projects2021/Epic Battle Tactics/Assets
GfxDevice: creating device client; threaded=0
Direct3D:
    Version:  Direct3D 11.0 [level 11.0]
    Renderer: NVIDIA GeForce GTX 560 (ID=0x1201)
    Vendor:   
    VRAM:     979 MB
    Driver:   23.21.13.8813
Shader 'Universal Render Pipeline/Particles/Lit': fallback shader 'Universal Render Pipeline/Particles/SimpleLit' not found
Initialize mono
Mono path[0] = 'C:/Program Files/Unity/2020.3.12f1/Editor/Data/Managed'
Mono path[1] = 'C:/Program Files/Unity/2020.3.12f1/Editor/Data/MonoBleedingEdge/lib/mono/unityjit'
Mono config path = 'C:/Program Files/Unity/2020.3.12f1/Editor/Data/MonoBleedingEdge/etc'
Using monoOptions --debugger-agent=transport=dt_socket,embedding=1,server=y,suspend=n,address=127.0.0.1:56180
Begin MonoManager ReloadAssembly
Registering precompiled unity dll's ...
Register platform support module: C:/Program Files/Unity/2020.3.12f1/Editor/Data/PlaybackEngines/WindowsStandaloneSupport/UnityEditor.WindowsStandalone.Extensions.dll
Registered in 0.001920 seconds.
Native extension for WindowsStandalone target not found
Refreshing native plugins compatible for Editor in 106.77 ms, found 2 plugins.
Preloading 0 native plugins for Editor in 0.00 ms.
Mono: successfully reloaded assembly
- Completed reload, in  2.270 seconds
Platform modules already initialized, skipping
Registering precompiled user dll's ...
Registered in 0.007900 seconds.
Begin MonoManager ReloadAssembly
Native extension for WindowsStandalone target not found
Refreshing native plugins compatible for Editor in 105.15 ms, found 2 plugins.
Preloading 0 native plugins for Editor in 0.00 ms.
Mono: successfully reloaded assembly
- Completed reload, in  7.316 seconds
Platform modules already initialized, skipping
========================================================================
Worker process is ready to serve import requests
Shader 'Universal Render Pipeline/Particles/Lit': fallback shader 'Universal Render Pipeline/Particles/SimpleLit' not found
Launched and connected shader compiler UnityShaderCompiler.exe after 2.69 seconds
Refreshing native plugins compatible for Editor in 0.99 ms, found 2 plugins.
Preloading 0 native plugins for Editor in 0.00 ms.
Unloading 4011 Unused Serialized files (Serialized files now loaded: 0)
System memory in use before: 245.0 MB.
System memory in use after: 245.2 MB.

Unloading 33 unused Assets to reduce memory usage. Loaded Objects now: 4454.
Total: 3.526400 ms (FindLiveObjects: 0.445000 ms CreateObjectMapping: 0.169700 ms MarkObjects: 2.745300 ms  DeleteObjects: 0.164300 ms)

AssetImportParameters requested are different than current active one (requested -> active):
  custom:framework-win-MediaFoundation: 216162199b28c13a410421893ffa2e32 -> 
  custom:video-decoder-ogg-theora: a1e56fd34408186e4bbccfd4996cb3dc -> 
  custom:container-muxer-webm: aa71ff27fc2769a1b78a27578f13a17b -> 
  custom:container-demuxer-webm: 4f35f7cbe854078d1ac9338744f61a02 -> 
  custom:container-demuxer-ogg: 62fdf1f143b41e24485cea50d1cbac27 -> 
  custom:video-encoder-webm-vp8: eb34c28f22e8b96e1ab97ce403110664 -> 
  custom:video-decoder-webm-vp8: 9c59270c3fd7afecdb556c50c9e8de78 -> 
  custom:audio-decoder-ogg-vorbis: bf7c407c2cedff20999df2af8eb42d56 -> 
  custom:audio-encoder-webm-vorbis: bf7c407c2cedff20999df2af8eb42d56 -> 
========================================================================
Received Import Request.
  path: Assets/Game/UI/TokenPresentationPanel/TokenPresentationPanelPositioning.cs
  artifactKey: Guid(049356bba6771574a80c179d619a9950) Importer(815301076,1909f56bfc062723c751e8b465ee728b)
Start importing Assets/Game/UI/TokenPresentationPanel/TokenPresentationPanelPositioning.cs using Guid(049356bba6771574a80c179d619a9950) Importer(815301076,1909f56bfc062723c751e8b465ee728b)  -> (artifact id: 'fe5b6588ef53db5b335dcc7252b7d99d') in 0.961429 seconds 
  Import took 0.989561 seconds .

========================================================================
Received Import Request.
  Time since last request: 33.899403 seconds.
  path: Assets/Game/UI/TokenPresentationPanel/TokenPresentationPanelPositioning.cs
  artifactKey: Guid(049356bba6771574a80c179d619a9950) Importer(815301076,1909f56bfc062723c751e8b465ee728b)
Start importing Assets/Game/UI/TokenPresentationPanel/TokenPresentationPanelPositioning.cs using Guid(049356bba6771574a80c179d619a9950) Importer(815301076,1909f56bfc062723c751e8b465ee728b)  -> (artifact id: 'b3b161d8523c82cc9784eaf75384239f') in 0.004447 seconds 
  Import took 0.057469 seconds .

========================================================================
Received Import Request.
  Time since last request: 58.394762 seconds.
  path: Assets/Game/UI/TokenPresentationPanel/TokenPresentationPanelPositioning.cs
  artifactKey: Guid(049356bba6771574a80c179d619a9950) Importer(815301076,1909f56bfc062723c751e8b465ee728b)
Start importing Assets/Game/UI/TokenPresentationPanel/TokenPresentationPanelPositioning.cs using Guid(049356bba6771574a80c179d619a9950) Importer(815301076,1909f56bfc062723c751e8b465ee728b)  -> (artifact id: '078e8765148b04e460264515566f5457') in 0.004315 seconds 
  Import took 0.012894 seconds .

========================================================================
Received Import Request.
  Time since last request: 0.002701 seconds.
  path: Assets/Game/UI/TokenPresentationPanel/TokenPresentationPanelPositioning.cs
  artifactKey: Guid(049356bba6771574a80c179d619a9950) Importer(815301076,1909f56bfc062723c751e8b465ee728b)
Start importing Assets/Game/UI/TokenPresentationPanel/TokenPresentationPanelPositioning.cs using Guid(049356bba6771574a80c179d619a9950) Importer(815301076,1909f56bfc062723c751e8b465ee728b)  -> (artifact id: '078e8765148b04e460264515566f5457') in 0.004476 seconds 
  Import took 0.011589 seconds .

========================================================================
Received Import Request.
  Time since last request: 31.685335 seconds.
  path: Assets/Game/UI/TokenPresentationPanel/TokenPresentationPanelPositioning.cs
  artifactKey: Guid(049356bba6771574a80c179d619a9950) Importer(815301076,1909f56bfc062723c751e8b465ee728b)
Start importing Assets/Game/UI/TokenPresentationPanel/TokenPresentationPanelPositioning.cs using Guid(049356bba6771574a80c179d619a9950) Importer(815301076,1909f56bfc062723c751e8b465ee728b)  -> (artifact id: 'b18f531e7f44924fffef9bdffbe673a8') in 0.003463 seconds 
  Import took 0.011401 seconds .

========================================================================
Received Import Request.
  Time since last request: 0.017360 seconds.
  path: Assets/Game/UI/TokenPresentationPanel/TokenPresentationPanelPositioning.cs
  artifactKey: Guid(049356bba6771574a80c179d619a9950) Importer(815301076,1909f56bfc062723c751e8b465ee728b)
Start importing Assets/Game/UI/TokenPresentationPanel/TokenPresentationPanelPositioning.cs using Guid(049356bba6771574a80c179d619a9950) Importer(815301076,1909f56bfc062723c751e8b465ee728b)  -> (artifact id: 'b18f531e7f44924fffef9bdffbe673a8') in 0.004721 seconds 
  Import took 0.013165 seconds .

========================================================================
Received Prepare
Registering precompiled user dll's ...
Registered in 0.048174 seconds.
Begin MonoManager ReloadAssembly
Native extension for WindowsStandalone target not found
Refreshing native plugins compatible for Editor in 0.94 ms, found 2 plugins.
Preloading 0 native plugins for Editor in 0.00 ms.
Mono: successfully reloaded assembly
- Completed reload, in  1.606 seconds
Platform modules already initialized, skipping
Shader 'Universal Render Pipeline/Particles/Lit': fallback shader 'Universal Render Pipeline/Particles/SimpleLit' not found
Refreshing native plugins compatible for Editor in 1.52 ms, found 2 plugins.
Preloading 0 native plugins for Editor in 0.00 ms.
Unloading 3879 Unused Serialized files (Serialized files now loaded: 0)
System memory in use before: 235.9 MB.
System memory in use after: 236.1 MB.

Unloading 26 unused Assets to reduce memory usage. Loaded Objects now: 4457.
Total: 3.145700 ms (FindLiveObjects: 0.351500 ms CreateObjectMapping: 0.159300 ms MarkObjects: 2.599800 ms  DeleteObjects: 0.033600 ms)

AssetImportParameters requested are different than current active one (requested -> active):
  custom:framework-win-MediaFoundation: 216162199b28c13a410421893ffa2e32 -> 
  custom:video-decoder-ogg-theora: a1e56fd34408186e4bbccfd4996cb3dc -> 
  custom:container-muxer-webm: aa71ff27fc2769a1b78a27578f13a17b -> 
  custom:container-demuxer-webm: 4f35f7cbe854078d1ac9338744f61a02 -> 
  custom:container-demuxer-ogg: 62fdf1f143b41e24485cea50d1cbac27 -> 
  custom:video-encoder-webm-vp8: eb34c28f22e8b96e1ab97ce403110664 -> 
  custom:video-decoder-webm-vp8: 9c59270c3fd7afecdb556c50c9e8de78 -> 
  custom:audio-decoder-ogg-vorbis: bf7c407c2cedff20999df2af8eb42d56 -> 
  custom:audio-encoder-webm-vorbis: bf7c407c2cedff20999df2af8eb42d56 -> 
========================================================================
Received Prepare
Registering precompiled user dll's ...
Registered in 0.007762 seconds.
Begin MonoManager ReloadAssembly
Native extension for WindowsStandalone target not found
Refreshing native plugins compatible for Editor in 0.97 ms, found 2 plugins.
Preloading 0 native plugins for Editor in 0.00 ms.
Mono: successfully reloaded assembly
- Completed reload, in  1.488 seconds
Platform modules already initialized, skipping
Shader 'Universal Render Pipeline/Particles/Lit': fallback shader 'Universal Render Pipeline/Particles/SimpleLit' not found
Refreshing native plugins compatible for Editor in 0.99 ms, found 2 plugins.
Preloading 0 native plugins for Editor in 0.00 ms.
Unloading 3879 Unused Serialized files (Serialized files now loaded: 0)
System memory in use before: 235.9 MB.
System memory in use after: 236.2 MB.

Unloading 26 unused Assets to reduce memory usage. Loaded Objects now: 4460.
Total: 3.171700 ms (FindLiveObjects: 0.337300 ms CreateObjectMapping: 0.152300 ms MarkObjects: 2.647500 ms  DeleteObjects: 0.032900 ms)

AssetImportParameters requested are different than current active one (requested -> active):
  custom:framework-win-MediaFoundation: 216162199b28c13a410421893ffa2e32 -> 
  custom:video-decoder-ogg-theora: a1e56fd34408186e4bbccfd4996cb3dc -> 
  custom:container-muxer-webm: aa71ff27fc2769a1b78a27578f13a17b -> 
  custom:container-demuxer-webm: 4f35f7cbe854078d1ac9338744f61a02 -> 
  custom:container-demuxer-ogg: 62fdf1f143b41e24485cea50d1cbac27 -> 
  custom:video-encoder-webm-vp8: eb34c28f22e8b96e1ab97ce403110664 -> 
  custom:video-decoder-webm-vp8: 9c59270c3fd7afecdb556c50c9e8de78 -> 
  custom:audio-decoder-ogg-vorbis: bf7c407c2cedff20999df2af8eb42d56 -> 
  custom:audio-encoder-webm-vorbis: bf7c407c2cedff20999df2af8eb42d56 -> 
